====== BEGIN LOG ======
[19:48:52.894x1] click.rmx.engine.Scene::<init> on line 20: Scene initializing...
[19:48:52.921x1] com.maxbilbow.aicubo.AiCubo::initActors on line 58: Setting up scene...
[19:48:52.921x1] com.maxbilbow.aicubo.AiCubo::initActors on line 60: SUCCESS
[19:48:52.921x1] com.maxbilbow.aicubo.AiCubo::initActors on line 62: Setting up actors...
[19:48:52.921x1] com.maxbilbow.aicubo.AiCubo::initActors on line 64: POV success
[19:48:52.921x1] com.maxbilbow.aicubo.AiCubo::initActors on line 65: Initializing entity generator
[19:48:52.921x1] com.maxbilbow.aicubo.AiCubo::initActors on line 104: Entity generator initialized
[19:48:52.921x1] com.maxbilbow.aicubo.AiCubo::initActors on line 109: Generating...
[19:48:52.922x1] com.maxbilbow.aicubo.AiCubo::initActors on line 114: Success. Creating floor
[19:48:52.929x1] com.maxbilbow.aicubo.AiCubo::initActors on line 126: Actors set up successfully...
[19:48:52.960x1] click.rmx.engine.GameController::run on line 76: Setup GameController
[19:48:52.960x1] click.rmx.engine.gl.GLView::run on line 49: Load Shared Libraries
====== END OF LOG ======

====== BEGIN LOG ======
[19:49:34.729x1] click.rmx.engine.Scene::<init> on line 20: Scene initializing...
[19:49:34.742x1] com.maxbilbow.aicubo.AiCubo::initActors on line 58: Setting up scene...
[19:49:34.742x1] com.maxbilbow.aicubo.AiCubo::initActors on line 60: SUCCESS
[19:49:34.742x1] com.maxbilbow.aicubo.AiCubo::initActors on line 62: Setting up actors...
[19:49:34.743x1] com.maxbilbow.aicubo.AiCubo::initActors on line 64: POV success
[19:49:34.743x1] com.maxbilbow.aicubo.AiCubo::initActors on line 65: Initializing entity generator
[19:49:34.743x1] com.maxbilbow.aicubo.AiCubo::initActors on line 104: Entity generator initialized
[19:49:34.743x1] com.maxbilbow.aicubo.AiCubo::initActors on line 109: Generating...
[19:49:34.743x1] com.maxbilbow.aicubo.AiCubo::initActors on line 114: Success. Creating floor
[19:49:34.753x1] com.maxbilbow.aicubo.AiCubo::initActors on line 126: Actors set up successfully...
[19:49:34.770x1] click.rmx.engine.GameController::run on line 76: Setup GameController
[19:49:34.770x1] click.rmx.engine.gl.GLView::run on line 49: Load Shared Libraries
[19:49:34.935x1] click.rmx.engine.gl.GLView::run on line 60: Init GL
[19:49:35.265x1] click.rmx.engine.gl.Shader::defaultVertexShader on line 24: src/main/resources/shaders/Shader.vsh
====== END OF LOG ======

====== BEGIN LOG ======
[19:50:46.617x1] click.rmx.engine.Scene::<init> on line 20: Scene initializing...
[19:50:46.631x1] com.maxbilbow.aicubo.AiCubo::initActors on line 58: Setting up scene...
[19:50:46.631x1] com.maxbilbow.aicubo.AiCubo::initActors on line 60: SUCCESS
[19:50:46.631x1] com.maxbilbow.aicubo.AiCubo::initActors on line 62: Setting up actors...
[19:50:46.631x1] com.maxbilbow.aicubo.AiCubo::initActors on line 64: POV success
[19:50:46.631x1] com.maxbilbow.aicubo.AiCubo::initActors on line 65: Initializing entity generator
[19:50:46.632x1] com.maxbilbow.aicubo.AiCubo::initActors on line 104: Entity generator initialized
[19:50:46.632x1] com.maxbilbow.aicubo.AiCubo::initActors on line 109: Generating...
[19:50:46.632x1] com.maxbilbow.aicubo.AiCubo::initActors on line 114: Success. Creating floor
[19:50:46.636x1] com.maxbilbow.aicubo.AiCubo::initActors on line 126: Actors set up successfully...
[19:50:46.656x1] click.rmx.engine.GameController::run on line 76: Setup GameController
[19:50:46.656x1] click.rmx.engine.gl.GLView::run on line 49: Load Shared Libraries
[19:50:46.811x1] click.rmx.engine.gl.GLView::run on line 60: Init GL
[19:50:47.182x1] click.rmx.engine.gl.Shader::defaultVertexShader on line 24: src/main/resources/shaders/Shader.vsh
[19:50:47.186x1] click.rmx.engine.gl.Shader::defaultFragmentShader on line 30: src/main/resources/shaders/Shader.fsh
[19:50:47.193x1] click.rmx.engine.gl.GLView::run on line 65: Enter Gameloop
====== END OF LOG ======

