====== BEGIN LOG ======
[22:36:31.187x1] click.rmx.engine.Scene::<init> on line 20: Scene initializing...
[22:36:31.201x1] com.maxbilbow.aicubo.AiCubo::initActors on line 61: Setting up scene...
[22:36:31.201x1] com.maxbilbow.aicubo.AiCubo::initActors on line 63: SUCCESS
[22:36:31.201x1] com.maxbilbow.aicubo.AiCubo::initActors on line 65: Setting up actors...
[22:36:31.201x1] com.maxbilbow.aicubo.AiCubo::initActors on line 67: POV success
[22:36:31.201x1] com.maxbilbow.aicubo.AiCubo::initActors on line 68: Initializing entity generator
[22:36:31.201x1] com.maxbilbow.aicubo.AiCubo::initActors on line 107: Entity generator initialized
[22:36:31.201x1] com.maxbilbow.aicubo.AiCubo::initActors on line 112: Generating...
[22:36:31.201x1] com.maxbilbow.aicubo.AiCubo::initActors on line 117: Success. Creating floor
[22:36:31.212x1] com.maxbilbow.aicubo.AiCubo::initActors on line 129: Actors set up successfully...
[22:36:31.235x1] click.rmx.engine.GameController::run on line 76: Setup GameController
[22:36:31.235x1] click.rmx.engine.gl.GLView::run on line 49: Load Shared Libraries
====== END OF LOG ======

====== BEGIN LOG ======
[22:37:13.492x1] click.rmx.engine.Scene::<init> on line 20: Scene initializing...
[22:37:13.507x1] com.maxbilbow.aicubo.AiCubo::initActors on line 61: Setting up scene...
[22:37:13.507x1] com.maxbilbow.aicubo.AiCubo::initActors on line 63: SUCCESS
[22:37:13.507x1] com.maxbilbow.aicubo.AiCubo::initActors on line 65: Setting up actors...
[22:37:13.507x1] com.maxbilbow.aicubo.AiCubo::initActors on line 67: POV success
[22:37:13.507x1] com.maxbilbow.aicubo.AiCubo::initActors on line 68: Initializing entity generator
[22:37:13.508x1] com.maxbilbow.aicubo.AiCubo::initActors on line 107: Entity generator initialized
[22:37:13.508x1] com.maxbilbow.aicubo.AiCubo::initActors on line 112: Generating...
[22:37:13.508x1] com.maxbilbow.aicubo.AiCubo::initActors on line 117: Success. Creating floor
[22:37:13.515x1] com.maxbilbow.aicubo.AiCubo::initActors on line 129: Actors set up successfully...
[22:37:13.538x1] click.rmx.engine.GameController::run on line 76: Setup GameController
[22:37:13.538x1] click.rmx.engine.gl.GLView::run on line 49: Load Shared Libraries
[22:37:13.700x1] click.rmx.engine.gl.GLView::run on line 60: Init GL
====== END OF LOG ======

====== BEGIN LOG ======
[22:38:15.298x1] click.rmx.engine.Scene::<init> on line 20: Scene initializing...
[22:38:15.318x1] com.maxbilbow.aicubo.AiCubo::initActors on line 61: Setting up scene...
[22:38:15.318x1] com.maxbilbow.aicubo.AiCubo::initActors on line 63: SUCCESS
[22:38:15.318x1] com.maxbilbow.aicubo.AiCubo::initActors on line 65: Setting up actors...
[22:38:15.318x1] com.maxbilbow.aicubo.AiCubo::initActors on line 67: POV success
[22:38:15.319x1] com.maxbilbow.aicubo.AiCubo::initActors on line 68: Initializing entity generator
[22:38:15.319x1] com.maxbilbow.aicubo.AiCubo::initActors on line 107: Entity generator initialized
[22:38:15.319x1] com.maxbilbow.aicubo.AiCubo::initActors on line 112: Generating...
[22:38:15.319x1] com.maxbilbow.aicubo.AiCubo::initActors on line 117: Success. Creating floor
[22:38:15.330x1] com.maxbilbow.aicubo.AiCubo::initActors on line 129: Actors set up successfully...
[22:38:15.353x1] click.rmx.engine.GameController::run on line 76: Setup GameController
[22:38:15.353x1] click.rmx.engine.gl.GLView::run on line 49: Load Shared Libraries
[22:38:15.465x1] click.rmx.engine.gl.GLView::run on line 60: Init GL
====== END OF LOG ======

====== BEGIN LOG ======
[22:39:18.715x1] click.rmx.engine.Scene::<init> on line 20: Scene initializing...
[22:39:18.732x1] com.maxbilbow.aicubo.AiCubo::initActors on line 61: Setting up scene...
[22:39:18.732x1] com.maxbilbow.aicubo.AiCubo::initActors on line 63: SUCCESS
[22:39:18.732x1] com.maxbilbow.aicubo.AiCubo::initActors on line 65: Setting up actors...
[22:39:18.732x1] com.maxbilbow.aicubo.AiCubo::initActors on line 67: POV success
[22:39:18.732x1] com.maxbilbow.aicubo.AiCubo::initActors on line 68: Initializing entity generator
[22:39:18.733x1] com.maxbilbow.aicubo.AiCubo::initActors on line 107: Entity generator initialized
[22:39:18.733x1] com.maxbilbow.aicubo.AiCubo::initActors on line 112: Generating...
[22:39:18.733x1] com.maxbilbow.aicubo.AiCubo::initActors on line 117: Success. Creating floor
[22:39:18.738x1] com.maxbilbow.aicubo.AiCubo::initActors on line 129: Actors set up successfully...
[22:39:18.761x1] click.rmx.engine.GameController::run on line 76: Setup GameController
[22:39:18.761x1] click.rmx.engine.gl.GLView::run on line 49: Load Shared Libraries
[22:39:18.876x1] click.rmx.engine.gl.GLView::run on line 60: Init GL
[22:39:19.285x1] click.rmx.engine.gl.GLView::run on line 65: Enter Gameloop
====== END OF LOG ======

====== BEGIN LOG ======
[22:43:13.041x1] click.rmx.engine.Scene::<init> on line 20: Scene initializing...
[22:43:13.062x1] com.maxbilbow.aicubo.AiCubo::initActors on line 61: Setting up scene...
[22:43:13.062x1] com.maxbilbow.aicubo.AiCubo::initActors on line 63: SUCCESS
[22:43:13.062x1] com.maxbilbow.aicubo.AiCubo::initActors on line 65: Setting up actors...
[22:43:13.062x1] com.maxbilbow.aicubo.AiCubo::initActors on line 67: POV success
[22:43:13.062x1] com.maxbilbow.aicubo.AiCubo::initActors on line 68: Initializing entity generator
[22:43:13.063x1] com.maxbilbow.aicubo.AiCubo::initActors on line 107: Entity generator initialized
[22:43:13.063x1] com.maxbilbow.aicubo.AiCubo::initActors on line 112: Generating...
[22:43:13.063x1] com.maxbilbow.aicubo.AiCubo::initActors on line 117: Success. Creating floor
[22:43:13.073x1] com.maxbilbow.aicubo.AiCubo::initActors on line 129: Actors set up successfully...
[22:43:13.105x1] click.rmx.engine.GameController::run on line 76: Setup GameController
[22:43:13.106x1] click.rmx.engine.gl.GLView::run on line 49: Load Shared Libraries
[22:43:13.222x1] click.rmx.engine.gl.GLView::run on line 60: Init GL
====== END OF LOG ======

====== BEGIN LOG ======
[22:44:40.784x1] click.rmx.engine.Scene::<init> on line 20: Scene initializing...
[22:44:40.796x1] com.maxbilbow.aicubo.AiCubo::initActors on line 61: Setting up scene...
[22:44:40.796x1] com.maxbilbow.aicubo.AiCubo::initActors on line 63: SUCCESS
[22:44:40.796x1] com.maxbilbow.aicubo.AiCubo::initActors on line 65: Setting up actors...
[22:44:40.796x1] com.maxbilbow.aicubo.AiCubo::initActors on line 67: POV success
[22:44:40.796x1] com.maxbilbow.aicubo.AiCubo::initActors on line 68: Initializing entity generator
[22:44:40.797x1] com.maxbilbow.aicubo.AiCubo::initActors on line 107: Entity generator initialized
[22:44:40.797x1] com.maxbilbow.aicubo.AiCubo::initActors on line 112: Generating...
[22:44:40.797x1] com.maxbilbow.aicubo.AiCubo::initActors on line 117: Success. Creating floor
[22:44:40.802x1] com.maxbilbow.aicubo.AiCubo::initActors on line 129: Actors set up successfully...
[22:44:40.830x1] click.rmx.engine.GameController::run on line 76: Setup GameController
[22:44:40.830x1] click.rmx.engine.gl.GLView::run on line 49: Load Shared Libraries
[22:44:40.940x1] click.rmx.engine.gl.GLView::run on line 60: Init GL
====== END OF LOG ======

====== BEGIN LOG ======
[22:45:03.958x1] click.rmx.engine.Scene::<init> on line 20: Scene initializing...
[22:45:03.970x1] com.maxbilbow.aicubo.AiCubo::initActors on line 61: Setting up scene...
[22:45:03.970x1] com.maxbilbow.aicubo.AiCubo::initActors on line 63: SUCCESS
[22:45:03.970x1] com.maxbilbow.aicubo.AiCubo::initActors on line 65: Setting up actors...
[22:45:03.970x1] com.maxbilbow.aicubo.AiCubo::initActors on line 67: POV success
[22:45:03.970x1] com.maxbilbow.aicubo.AiCubo::initActors on line 68: Initializing entity generator
[22:45:03.970x1] com.maxbilbow.aicubo.AiCubo::initActors on line 107: Entity generator initialized
[22:45:03.970x1] com.maxbilbow.aicubo.AiCubo::initActors on line 112: Generating...
[22:45:03.971x1] com.maxbilbow.aicubo.AiCubo::initActors on line 117: Success. Creating floor
[22:45:03.976x1] com.maxbilbow.aicubo.AiCubo::initActors on line 129: Actors set up successfully...
[22:45:03.991x1] click.rmx.engine.GameController::run on line 76: Setup GameController
[22:45:03.991x1] click.rmx.engine.gl.GLView::run on line 49: Load Shared Libraries
[22:45:04.105x1] click.rmx.engine.gl.GLView::run on line 60: Init GL
[22:45:04.397x1] click.rmx.engine.gl.GLView::run on line 65: Enter Gameloop
====== END OF LOG ======

