#
# A fatal error has been detected by the Java Runtime Environment:
#
#  SIGSEGV (0xb) at pc=0x000000012670445c, pid=58310, tid=2571
#
# JRE version: Java(TM) SE Runtime Environment (8.0_60-b27) (build 1.8.0_60-b27)
# Java VM: Java HotSpot(TM) 64-Bit Server VM (25.60-b23 mixed mode bsd-amd64 compressed oops)
# Problematic frame:
# C  [GLEngine+0x15945c]  gleRunVertexSubmitImmediate+0x206c
#
# Failed to write core dump. Core dumps have been disabled. To enable core dumping, try "ulimit -c unlimited" before starting Java again
#
# If you would like to submit a bug report, please visit:
#   http://bugreport.java.com/bugreport/crash.jsp
# The crash happened outside the Java Virtual Machine in native code.
# See problematic frame for where to report the bug.
#

---------------  T H R E A D  ---------------

Current thread (0x00007f884b008000):  JavaThread "main" [_thread_in_native, id=2571, stack(0x00007fff522a5000,0x00007fff52aa5000)]

siginfo: si_signo: 11 (SIGSEGV), si_code: 1 (SEGV_MAPERR), si_addr: 0x0000000000000003

Registers:
RAX=0x0000000000000003, RBX=0x000000012670520c, RCX=0x0000000000000006, RDX=0x0000000000000003
RSP=0x00007fff52aa1b40, RBP=0x00007fff52aa1dd0, RSI=0x0000000003300000, RDI=0x0000000126703c9a
R8 =0x0000000126601003, R9 =0x00007f8849eef500, R10=0x0000000000000003, R11=0x0000000000000006
R12=0x0000000000000933, R13=0x0000000000000000, R14=0x0000000000000000, R15=0x0000000003000000
RIP=0x000000012670445c, EFLAGS=0x0000000000010297, ERR=0x0000000000000004
  TRAPNO=0x000000000000000e

Top of Stack: (sp=0x00007fff52aa1b40)
0x00007fff52aa1b40:   0000000000000003 0000000000000000
0x00007fff52aa1b50:   0000000000000000 0000000000000000
0x00007fff52aa1b60:   0000000000000000 0000000000000000
0x00007fff52aa1b70:   0000000000000000 0000000000000000
0x00007fff52aa1b80:   0000000000000000 0000000000000000
0x00007fff52aa1b90:   0000000000000000 0000000000000000
0x00007fff52aa1ba0:   0000000000000000 0000000000000000
0x00007fff52aa1bb0:   0000000000000000 0000000000000000
0x00007fff52aa1bc0:   0000000000000000 0000000000000000
0x00007fff52aa1bd0:   0000000000000000 0000000000000000
0x00007fff52aa1be0:   0000000000000000 0000000000000000
0x00007fff52aa1bf0:   0000000000000000 0000000000000000
0x00007fff52aa1c00:   0000000000000000 0000000000000000
0x00007fff52aa1c10:   0000000000000000 00007f884c800da0
0x00007fff52aa1c20:   00007f884c800d60 00007f884c800d80
0x00007fff52aa1c30:   00007f884c800d50 00007fff52aa1d68
0x00007fff52aa1c40:   00007f884c800d90 00007f884c800d70
0x00007fff52aa1c50:   00007f884c800d40 0000000000000000
0x00007fff52aa1c60:   0000000000000000 00007f884c800d90
0x00007fff52aa1c70:   00007f884c800d90 0000000000000000
0x00007fff52aa1c80:   0000000652aa1d20 0000000000000000
0x00007fff52aa1c90:   000000017a000003 0000000000000003
0x00007fff52aa1ca0:   0000000000000000 00007f884c800c00
0x00007fff52aa1cb0:   0000000002006000 00000000ffffffff
0x00007fff52aa1cc0:   fffffffe7a000003 00007f8849eef500
0x00007fff52aa1cd0:   0000000000000001 0000093300801800
0x00007fff52aa1ce0:   00007f884c8049a0 00007f884c804bb0
0x00007fff52aa1cf0:   0f00ea1721264886 0000000000000001
0x00007fff52aa1d00:   0000000000001fec 00007f884a8c0910
0x00007fff52aa1d10:   00007f884a8bda30 0000000000000020
0x00007fff52aa1d20:   00007fff52aa1d50 000000012824acd8
0x00007fff52aa1d30:   0000000000000000 0000000000000000 

Instructions: (pc=0x000000012670445c)
0x000000012670443c:   0f 58 05 0d cf 04 00 0f 58 c1 0f 5e 05 23 d4 04
0x000000012670444c:   00 0f 29 85 30 ff ff ff 45 31 db e9 a4 03 00 00
0x000000012670445c:   f2 0f 10 20 f3 0f 10 40 08 66 0f 14 e0 e9 92 03
0x000000012670446c:   00 00 41 81 f9 00 7c 00 00 75 11 85 db be ff ff 

Register to memory mapping:

RAX=0x0000000000000003 is an unknown value
RBX=0x000000012670520c: gleRunVertexSubmitImmediate+0x2e1c in /System/Library/Frameworks/OpenGL.framework/Resources/GLEngine.bundle/GLEngine at 0x00000001265ab000
RCX=0x0000000000000006 is an unknown value
RDX=0x0000000000000003 is an unknown value
RSP=0x00007fff52aa1b40 is pointing into the stack for thread: 0x00007f884b008000
RBP=0x00007fff52aa1dd0 is pointing into the stack for thread: 0x00007f884b008000
RSI=0x0000000003300000 is an unknown value
RDI=0x0000000126703c9a: gleRunVertexSubmitImmediate+0x18aa in /System/Library/Frameworks/OpenGL.framework/Resources/GLEngine.bundle/GLEngine at 0x00000001265ab000
R8 =0x0000000126601003: glGetFramebufferAttachmentParameterivEXT_Exec+0x7f in /System/Library/Frameworks/OpenGL.framework/Resources/GLEngine.bundle/GLEngine at 0x00000001265ab000
R9 =0x00007f8849eef500 is an unknown value
R10=0x0000000000000003 is an unknown value
R11=0x0000000000000006 is an unknown value
R12=0x0000000000000933 is an unknown value
R13=0x0000000000000000 is an unknown value
R14=0x0000000000000000 is an unknown value
R15=0x0000000003000000 is an unknown value


Stack: [0x00007fff522a5000,0x00007fff52aa5000],  sp=0x00007fff52aa1b40,  free space=8178k
Native frames: (J=compiled Java code, j=interpreted, Vv=VM code, C=native code)
C  [GLEngine+0x15945c]  gleRunVertexSubmitImmediate+0x206c
C  [GLEngine+0x28128]  glDrawArrays_Exec+0x285
j  org.lwjgl.opengl.GL11.nglDrawArrays(IIIJ)V+0
j  org.lwjgl.opengl.GL11.glDrawArrays(III)V+11
j  com.maxbilbow.aicubo.VertexBufferTest.render()V+58
j  com.maxbilbow.aicubo.VertexBufferTest.enterGameLoop()V+64
j  com.maxbilbow.aicubo.VertexBufferTest.main([Ljava/lang/String;)V+3
v  ~StubRoutines::call_stub
V  [libjvm.dylib+0x2eab0e]  JavaCalls::call_helper(JavaValue*, methodHandle*, JavaCallArguments*, Thread*)+0x6ae
V  [libjvm.dylib+0x321820]  jni_invoke_static(JNIEnv_*, JavaValue*, _jobject*, JNICallType, _jmethodID*, JNI_ArgumentPusher*, Thread*)+0x1bf
V  [libjvm.dylib+0x31a59a]  jni_CallStaticVoidMethod+0x15d
C  [java+0x393e]  JavaMain+0x9b1
C  [java+0x559c]  -[JavaLaunchHelper launchJava:]+0x2a
C  [Foundation+0x7754e]  __NSThreadPerformPerform+0x117
C  [CoreFoundation+0xaa621]  __CFRUNLOOP_IS_CALLING_OUT_TO_A_SOURCE0_PERFORM_FUNCTION__+0x11
C  [CoreFoundation+0x89e1c]  __CFRunLoopDoSources0+0x22c
C  [CoreFoundation+0x8933f]  __CFRunLoopRun+0x39f
C  [CoreFoundation+0x88d38]  CFRunLoopRunSpecific+0x128
C  [java+0x6463]  CreateExecutionEnvironment+0x367
C  [java+0x21ac]  JLI_Launch+0x7a0
C  [java+0x84c0]  main+0x65
C  [java+0x1a04]  start+0x34
C  0x0000000000000007

Java frames: (J=compiled Java code, j=interpreted, Vv=VM code)
j  org.lwjgl.opengl.GL11.nglDrawArrays(IIIJ)V+0
j  org.lwjgl.opengl.GL11.glDrawArrays(III)V+11
j  com.maxbilbow.aicubo.VertexBufferTest.render()V+58
j  com.maxbilbow.aicubo.VertexBufferTest.enterGameLoop()V+64
j  com.maxbilbow.aicubo.VertexBufferTest.main([Ljava/lang/String;)V+3
v  ~StubRoutines::call_stub

---------------  P R O C E S S  ---------------

Java Threads: ( => current thread )
  0x00007f884b063800 JavaThread "Service Thread" daemon [_thread_blocked, id=17667, stack(0x0000700000cbe000,0x0000700000dbe000)]
  0x00007f884a01d000 JavaThread "C1 CompilerThread2" daemon [_thread_blocked, id=17155, stack(0x0000700000bbb000,0x0000700000cbb000)]
  0x00007f884a01c000 JavaThread "C2 CompilerThread1" daemon [_thread_blocked, id=16643, stack(0x0000700000ab8000,0x0000700000bb8000)]
  0x00007f884b062800 JavaThread "C2 CompilerThread0" daemon [_thread_blocked, id=16131, stack(0x00007000009b5000,0x0000700000ab5000)]
  0x00007f884b062000 JavaThread "Signal Dispatcher" daemon [_thread_blocked, id=12815, stack(0x00007000008b2000,0x00007000009b2000)]
  0x00007f884a82a800 JavaThread "Finalizer" daemon [_thread_blocked, id=12291, stack(0x000070000072c000,0x000070000082c000)]
  0x00007f884a82a000 JavaThread "Reference Handler" daemon [_thread_blocked, id=11779, stack(0x0000700000629000,0x0000700000729000)]
=>0x00007f884b008000 JavaThread "main" [_thread_in_native, id=2571, stack(0x00007fff522a5000,0x00007fff52aa5000)]

Other Threads:
  0x00007f884b042000 VMThread [stack: 0x0000700000526000,0x0000700000626000] [id=11267]
  0x00007f884b064000 WatcherThread [stack: 0x0000700000dc1000,0x0000700000ec1000] [id=18179]

VM state:not at safepoint (normal execution)

VM Mutex/Monitor currently owned by a thread: None

Heap:
 PSYoungGen      total 38400K, used 11733K [0x0000000795580000, 0x0000000798000000, 0x00000007c0000000)
  eden space 33280K, 35% used [0x0000000795580000,0x00000007960f5558,0x0000000797600000)
  from space 5120K, 0% used [0x0000000797b00000,0x0000000797b00000,0x0000000798000000)
  to   space 5120K, 0% used [0x0000000797600000,0x0000000797600000,0x0000000797b00000)
 ParOldGen       total 87552K, used 0K [0x0000000740000000, 0x0000000745580000, 0x0000000795580000)
  object space 87552K, 0% used [0x0000000740000000,0x0000000740000000,0x0000000745580000)
 Metaspace       used 6994K, capacity 7968K, committed 8064K, reserved 1056768K
  class space    used 552K, capacity 592K, committed 640K, reserved 1048576K

Card table byte_map: [0x000000011e035000,0x000000011e436000] byte_map_base: 0x000000011a635000

Marking Bits: (ParMarkBitMap*) 0x000000010e4dee20
 Begin Bits: [0x000000011e6e1000, 0x00000001206e1000)
 End Bits:   [0x00000001206e1000, 0x00000001226e1000)

Polling page: 0x000000010d3ea000

CodeCache: size=245760Kb used=1915Kb max_used=1926Kb free=243844Kb
 bounds [0x000000010ec75000, 0x000000010eee5000, 0x000000011dc75000]
 total_blobs=823 nmethods=292 adapters=445
 compilation: enabled

Compilation events (10 events):
Event: 0.431 Thread 0x00007f884a01d000 nmethod 287 0x000000010ee4ab50 code [0x000000010ee4b000, 0x000000010ee4d488]
Event: 0.431 Thread 0x00007f884a01d000  289       3       java.util.zip.ZipEntry::<init> (146 bytes)
Event: 0.431 Thread 0x00007f884a01d000 nmethod 289 0x000000010ee4f690 code [0x000000010ee4f820, 0x000000010ee4fc68]
Event: 0.431 Thread 0x00007f884a01d000  288       3       java.util.zip.ZipFile::getZipEntry (236 bytes)
Event: 0.432 Thread 0x00007f884b062800  291       4       java.lang.String::equals (81 bytes)
Event: 0.432 Thread 0x00007f884a01d000 nmethod 288 0x000000010ee52c50 code [0x000000010ee52ea0, 0x000000010ee53a08]
Event: 0.432 Thread 0x00007f884a01c000 nmethod 290 0x000000010ee53e50 code [0x000000010ee53fa0, 0x000000010ee541d8]
Event: 0.436 Thread 0x00007f884b062800 nmethod 291 0x000000010ee4fe10 code [0x000000010ee4ff60, 0x000000010ee501d8]
Event: 0.436 Thread 0x00007f884a01c000  292       4       java.lang.String::<init> (82 bytes)
Event: 0.439 Thread 0x00007f884a01c000 nmethod 292 0x000000010ee50310 code [0x000000010ee50480, 0x000000010ee50798]

GC Heap History (0 events):
No events

Deoptimization events (1 events):
Event: 0.269 Thread 0x00007f884b008000 Uncommon trap: reason=unstable_if action=reinterpret pc=0x000000010edb11c0 method=java.lang.String.indexOf(II)I @ 49

Internal exceptions (6 events):
Event: 0.039 Thread 0x00007f884b008000 Exception <a 'java/lang/NoSuchMethodError': Method sun.misc.Unsafe.defineClass(Ljava/lang/String;[BII)Ljava/lang/Class; name or signature does not match> (0x0000000795592d70) thrown at [/Users/java_re/workspace/8-2-build-macosx-x86_64/jdk8u60/4407/hotspot
Event: 0.039 Thread 0x00007f884b008000 Exception <a 'java/lang/NoSuchMethodError': Method sun.misc.Unsafe.prefetchRead(Ljava/lang/Object;J)V name or signature does not match> (0x0000000795593058) thrown at [/Users/java_re/workspace/8-2-build-macosx-x86_64/jdk8u60/4407/hotspot/src/share/vm/prim
Event: 0.274 Thread 0x00007f884b008000 Exception <a 'java/security/PrivilegedActionException'> (0x00000007959ce1a0) thrown at [/Users/java_re/workspace/8-2-build-macosx-x86_64/jdk8u60/4407/hotspot/src/share/vm/prims/jvm.cpp, line 1386]
Event: 0.274 Thread 0x00007f884b008000 Exception <a 'java/security/PrivilegedActionException'> (0x00000007959ce598) thrown at [/Users/java_re/workspace/8-2-build-macosx-x86_64/jdk8u60/4407/hotspot/src/share/vm/prims/jvm.cpp, line 1386]
Event: 0.275 Thread 0x00007f884b008000 Exception <a 'java/security/PrivilegedActionException'> (0x00000007959d1c08) thrown at [/Users/java_re/workspace/8-2-build-macosx-x86_64/jdk8u60/4407/hotspot/src/share/vm/prims/jvm.cpp, line 1386]
Event: 0.275 Thread 0x00007f884b008000 Exception <a 'java/security/PrivilegedActionException'> (0x00000007959d2000) thrown at [/Users/java_re/workspace/8-2-build-macosx-x86_64/jdk8u60/4407/hotspot/src/share/vm/prims/jvm.cpp, line 1386]

Events (10 events):
Event: 0.436 loading class org/lwjgl/opengl/WGLNVDelayBeforeSwap
Event: 0.436 loading class org/lwjgl/opengl/WGLNVDelayBeforeSwap done
Event: 0.437 loading class org/lwjgl/opengl/WGLNVDXInterop
Event: 0.437 loading class org/lwjgl/opengl/WGLNVDXInterop done
Event: 0.437 loading class org/lwjgl/opengl/WGLNVGPUAffinity
Event: 0.437 loading class org/lwjgl/opengl/WGLNVGPUAffinity done
Event: 0.437 loading class org/lwjgl/opengl/CGL
Event: 0.437 loading class org/lwjgl/opengl/CGL done
Event: 0.438 loading class org/lwjgl/opengl/GLChecks
Event: 0.438 loading class org/lwjgl/opengl/GLChecks done


Dynamic libraries:
0x000000000baa6000 	/System/Library/Frameworks/Cocoa.framework/Versions/A/Cocoa
0x000000000baa6000 	/System/Library/Frameworks/Security.framework/Versions/A/Security
0x000000000baa6000 	/System/Library/Frameworks/ApplicationServices.framework/Versions/A/ApplicationServices
0x000000000baa6000 	/usr/lib/libz.1.dylib
0x000000000baa6000 	/usr/lib/libSystem.B.dylib
0x000000000baa6000 	/usr/lib/libobjc.A.dylib
0x000000000baa6000 	/System/Library/Frameworks/CoreFoundation.framework/Versions/A/CoreFoundation
0x000000000baa6000 	/System/Library/Frameworks/Foundation.framework/Versions/C/Foundation
0x000000000baa6000 	/System/Library/Frameworks/AppKit.framework/Versions/C/AppKit
0x000000000baa6000 	/System/Library/Frameworks/CoreData.framework/Versions/A/CoreData
0x000000000baa6000 	/System/Library/PrivateFrameworks/RemoteViewServices.framework/Versions/A/RemoteViewServices
0x000000000baa6000 	/System/Library/PrivateFrameworks/UIFoundation.framework/Versions/A/UIFoundation
0x000000000baa6000 	/usr/lib/libScreenReader.dylib
0x000000000baa6000 	/System/Library/Frameworks/Accelerate.framework/Versions/A/Accelerate
0x000000000baa6000 	/System/Library/Frameworks/IOSurface.framework/Versions/A/IOSurface
0x000000000baa6000 	/System/Library/Frameworks/AudioToolbox.framework/Versions/A/AudioToolbox
0x000000000baa6000 	/System/Library/Frameworks/AudioUnit.framework/Versions/A/AudioUnit
0x000000000baa6000 	/System/Library/PrivateFrameworks/DataDetectorsCore.framework/Versions/A/DataDetectorsCore
0x000000000baa6000 	/System/Library/PrivateFrameworks/DesktopServicesPriv.framework/Versions/A/DesktopServicesPriv
0x000000000baa6000 	/System/Library/Frameworks/Carbon.framework/Versions/A/Frameworks/HIToolbox.framework/Versions/A/HIToolbox
0x000000000baa6000 	/System/Library/Frameworks/QuartzCore.framework/Versions/A/QuartzCore
0x000000000baa6000 	/System/Library/Frameworks/Carbon.framework/Versions/A/Frameworks/SpeechRecognition.framework/Versions/A/SpeechRecognition
0x000000000baa6000 	/usr/lib/libauto.dylib
0x000000000baa6000 	/usr/lib/libicucore.A.dylib
0x000000000baa6000 	/usr/lib/libxml2.2.dylib
0x000000000baa6000 	/System/Library/PrivateFrameworks/CoreUI.framework/Versions/A/CoreUI
0x000000000baa6000 	/System/Library/Frameworks/CoreAudio.framework/Versions/A/CoreAudio
0x000000000baa6000 	/System/Library/Frameworks/DiskArbitration.framework/Versions/A/DiskArbitration
0x000000000baa6000 	/usr/lib/liblangid.dylib
0x000000000baa6000 	/System/Library/PrivateFrameworks/MultitouchSupport.framework/Versions/A/MultitouchSupport
0x000000000baa6000 	/System/Library/Frameworks/IOKit.framework/Versions/A/IOKit
0x000000000baa6000 	/usr/lib/libDiagnosticMessagesClient.dylib
0x000000000baa6000 	/System/Library/Frameworks/CoreServices.framework/Versions/A/CoreServices
0x000000000baa6000 	/System/Library/PrivateFrameworks/PerformanceAnalysis.framework/Versions/A/PerformanceAnalysis
0x000000000baa6000 	/System/Library/PrivateFrameworks/GenerationalStorage.framework/Versions/A/GenerationalStorage
0x000000000baa6000 	/System/Library/Frameworks/OpenGL.framework/Versions/A/OpenGL
0x000000000baa6000 	/System/Library/PrivateFrameworks/Sharing.framework/Versions/A/Sharing
0x000000000baa6000 	/System/Library/Frameworks/CoreGraphics.framework/Versions/A/CoreGraphics
0x000000000baa6000 	/System/Library/Frameworks/CoreImage.framework/Versions/A/CoreImage
0x000000000baa6000 	/System/Library/Frameworks/CoreText.framework/Versions/A/CoreText
0x000000000baa6000 	/System/Library/Frameworks/ImageIO.framework/Versions/A/ImageIO
0x000000000baa6000 	/System/Library/PrivateFrameworks/Backup.framework/Versions/A/Backup
0x000000000baa6000 	/usr/lib/libextension.dylib
0x000000000baa6000 	/usr/lib/libarchive.2.dylib
0x000000000baa6000 	/System/Library/Frameworks/CFNetwork.framework/Versions/A/CFNetwork
0x000000000baa6000 	/System/Library/Frameworks/SystemConfiguration.framework/Versions/A/SystemConfiguration
0x000000000baa6000 	/usr/lib/libCRFSuite.dylib
0x000000000baa6000 	/usr/lib/libc++.1.dylib
0x000000000baa6000 	/usr/lib/libc++abi.dylib
0x000000000baa6000 	/usr/lib/system/libcache.dylib
0x000000000baa6000 	/usr/lib/system/libcommonCrypto.dylib
0x000000000baa6000 	/usr/lib/system/libcompiler_rt.dylib
0x000000000baa6000 	/usr/lib/system/libcopyfile.dylib
0x000000000baa6000 	/usr/lib/system/libcorecrypto.dylib
0x000000000baa6000 	/usr/lib/system/libdispatch.dylib
0x000000000baa6000 	/usr/lib/system/libdyld.dylib
0x000000000baa6000 	/usr/lib/system/libkeymgr.dylib
0x000000000baa6000 	/usr/lib/system/liblaunch.dylib
0x000000000baa6000 	/usr/lib/system/libmacho.dylib
0x000000000baa6000 	/usr/lib/system/libquarantine.dylib
0x000000000baa6000 	/usr/lib/system/libremovefile.dylib
0x000000000baa6000 	/usr/lib/system/libsystem_asl.dylib
0x000000000baa6000 	/usr/lib/system/libsystem_blocks.dylib
0x000000000baa6000 	/usr/lib/system/libsystem_c.dylib
0x000000000baa6000 	/usr/lib/system/libsystem_configuration.dylib
0x000000000baa6000 	/usr/lib/system/libsystem_coreservices.dylib
0x000000000baa6000 	/usr/lib/system/libsystem_coretls.dylib
0x000000000baa6000 	/usr/lib/system/libsystem_dnssd.dylib
0x000000000baa6000 	/usr/lib/system/libsystem_info.dylib
0x000000000baa6000 	/usr/lib/system/libsystem_kernel.dylib
0x000000000baa6000 	/usr/lib/system/libsystem_m.dylib
0x000000000baa6000 	/usr/lib/system/libsystem_malloc.dylib
0x000000000baa6000 	/usr/lib/system/libsystem_network.dylib
0x000000000baa6000 	/usr/lib/system/libsystem_networkextension.dylib
0x000000000baa6000 	/usr/lib/system/libsystem_notify.dylib
0x000000000baa6000 	/usr/lib/system/libsystem_platform.dylib
0x000000000baa6000 	/usr/lib/system/libsystem_pthread.dylib
0x000000000baa6000 	/usr/lib/system/libsystem_sandbox.dylib
0x000000000baa6000 	/usr/lib/system/libsystem_secinit.dylib
0x000000000baa6000 	/usr/lib/system/libsystem_trace.dylib
0x000000000baa6000 	/usr/lib/system/libunc.dylib
0x000000000baa6000 	/usr/lib/system/libunwind.dylib
0x000000000baa6000 	/usr/lib/system/libxpc.dylib
0x000000000baa6000 	/usr/lib/libenergytrace.dylib
0x000000000baa6000 	/usr/lib/libbsm.0.dylib
0x000000000baa6000 	/usr/lib/system/libkxld.dylib
0x000000000baa6000 	/usr/lib/libxar.1.dylib
0x000000000baa6000 	/usr/lib/libsqlite3.dylib
0x000000000baa6000 	/usr/lib/libpam.2.dylib
0x000000000baa6000 	/usr/lib/libOpenScriptingUtil.dylib
0x000000000baa6000 	/usr/lib/libbz2.1.0.dylib
0x000000000baa6000 	/usr/lib/liblzma.5.dylib
0x000000000baa6000 	/System/Library/Frameworks/CoreServices.framework/Versions/A/Frameworks/FSEvents.framework/Versions/A/FSEvents
0x000000000baa6000 	/System/Library/Frameworks/CoreServices.framework/Versions/A/Frameworks/CarbonCore.framework/Versions/A/CarbonCore
0x000000000baa6000 	/System/Library/Frameworks/CoreServices.framework/Versions/A/Frameworks/Metadata.framework/Versions/A/Metadata
0x000000000baa6000 	/System/Library/Frameworks/CoreServices.framework/Versions/A/Frameworks/OSServices.framework/Versions/A/OSServices
0x000000000baa6000 	/System/Library/Frameworks/CoreServices.framework/Versions/A/Frameworks/SearchKit.framework/Versions/A/SearchKit
0x000000000baa6000 	/System/Library/Frameworks/CoreServices.framework/Versions/A/Frameworks/AE.framework/Versions/A/AE
0x000000000baa6000 	/System/Library/Frameworks/CoreServices.framework/Versions/A/Frameworks/LaunchServices.framework/Versions/A/LaunchServices
0x000000000baa6000 	/System/Library/Frameworks/CoreServices.framework/Versions/A/Frameworks/DictionaryServices.framework/Versions/A/DictionaryServices
0x000000000baa6000 	/System/Library/Frameworks/CoreServices.framework/Versions/A/Frameworks/SharedFileList.framework/Versions/A/SharedFileList
0x000000000baa6000 	/System/Library/Frameworks/NetFS.framework/Versions/A/NetFS
0x000000000baa6000 	/System/Library/PrivateFrameworks/NetAuth.framework/Versions/A/NetAuth
0x000000000baa6000 	/System/Library/PrivateFrameworks/login.framework/Versions/A/Frameworks/loginsupport.framework/Versions/A/loginsupport
0x000000000baa6000 	/System/Library/PrivateFrameworks/TCC.framework/Versions/A/TCC
0x000000000baa6000 	/usr/lib/libmecabra.dylib
0x000000000baa6000 	/System/Library/Frameworks/ApplicationServices.framework/Versions/A/Frameworks/ATS.framework/Versions/A/ATS
0x000000000baa6000 	/System/Library/Frameworks/ApplicationServices.framework/Versions/A/Frameworks/ColorSync.framework/Versions/A/ColorSync
0x000000000baa6000 	/System/Library/Frameworks/ApplicationServices.framework/Versions/A/Frameworks/HIServices.framework/Versions/A/HIServices
0x000000000baa6000 	/System/Library/Frameworks/ApplicationServices.framework/Versions/A/Frameworks/LangAnalysis.framework/Versions/A/LangAnalysis
0x000000000baa6000 	/System/Library/Frameworks/ApplicationServices.framework/Versions/A/Frameworks/PrintCore.framework/Versions/A/PrintCore
0x000000000baa6000 	/System/Library/Frameworks/ApplicationServices.framework/Versions/A/Frameworks/QD.framework/Versions/A/QD
0x000000000baa6000 	/System/Library/Frameworks/ApplicationServices.framework/Versions/A/Frameworks/SpeechSynthesis.framework/Versions/A/SpeechSynthesis
0x000000000baa6000 	/System/Library/Frameworks/Metal.framework/Versions/A/Metal
0x000000000baa6000 	/System/Library/Frameworks/Accelerate.framework/Versions/A/Frameworks/vImage.framework/Versions/A/vImage
0x000000000baa6000 	/System/Library/Frameworks/Accelerate.framework/Versions/A/Frameworks/vecLib.framework/Versions/A/vecLib
0x000000000baa6000 	/System/Library/Frameworks/Accelerate.framework/Versions/A/Frameworks/vecLib.framework/Versions/A/libvDSP.dylib
0x000000000baa6000 	/System/Library/Frameworks/Accelerate.framework/Versions/A/Frameworks/vecLib.framework/Versions/A/libvMisc.dylib
0x000000000baa6000 	/System/Library/Frameworks/Accelerate.framework/Versions/A/Frameworks/vecLib.framework/Versions/A/libLAPACK.dylib
0x000000000baa6000 	/System/Library/Frameworks/Accelerate.framework/Versions/A/Frameworks/vecLib.framework/Versions/A/libBLAS.dylib
0x000000000baa6000 	/System/Library/Frameworks/Accelerate.framework/Versions/A/Frameworks/vecLib.framework/Versions/A/libLinearAlgebra.dylib
0x000000000baa6000 	/System/Library/Frameworks/Accelerate.framework/Versions/A/Frameworks/vecLib.framework/Versions/A/libSparseBLAS.dylib
0x000000000baa6000 	/System/Library/PrivateFrameworks/GPUCompiler.framework/libmetal_timestamp.dylib
0x000000000baa6000 	/System/Library/Frameworks/OpenGL.framework/Versions/A/Libraries/libCoreFSCache.dylib
0x000000000baa6000 	/System/Library/PrivateFrameworks/IOAccelerator.framework/Versions/A/IOAccelerator
0x000000000baa6000 	/System/Library/Frameworks/ApplicationServices.framework/Versions/A/Frameworks/ATS.framework/Versions/A/Resources/libFontParser.dylib
0x000000000baa6000 	/System/Library/Frameworks/ApplicationServices.framework/Versions/A/Frameworks/ATS.framework/Versions/A/Resources/libFontRegistry.dylib
0x000000000baa6000 	/System/Library/PrivateFrameworks/AppleVPA.framework/Versions/A/AppleVPA
0x000000000baa6000 	/System/Library/PrivateFrameworks/AppleJPEG.framework/Versions/A/AppleJPEG
0x000000000baa6000 	/System/Library/Frameworks/ImageIO.framework/Versions/A/Resources/libJPEG.dylib
0x000000000baa6000 	/System/Library/Frameworks/ImageIO.framework/Versions/A/Resources/libTIFF.dylib
0x000000000baa6000 	/System/Library/Frameworks/ImageIO.framework/Versions/A/Resources/libPng.dylib
0x000000000baa6000 	/System/Library/Frameworks/ImageIO.framework/Versions/A/Resources/libGIF.dylib
0x000000000baa6000 	/System/Library/Frameworks/ImageIO.framework/Versions/A/Resources/libJP2.dylib
0x000000000baa6000 	/System/Library/Frameworks/ImageIO.framework/Versions/A/Resources/libRadiance.dylib
0x000000000baa6000 	/System/Library/Frameworks/CoreVideo.framework/Versions/A/CoreVideo
0x000000000baa6000 	/System/Library/Frameworks/OpenGL.framework/Versions/A/Libraries/libGLU.dylib
0x000000000baa6000 	/System/Library/Frameworks/OpenGL.framework/Versions/A/Libraries/libGFXShared.dylib
0x000000000baa6000 	/System/Library/Frameworks/OpenGL.framework/Versions/A/Libraries/libGL.dylib
0x000000000baa6000 	/System/Library/Frameworks/OpenGL.framework/Versions/A/Libraries/libGLImage.dylib
0x000000000baa6000 	/System/Library/Frameworks/OpenGL.framework/Versions/A/Libraries/libCVMSPluginSupport.dylib
0x000000000baa6000 	/System/Library/Frameworks/OpenGL.framework/Versions/A/Libraries/libCoreVMClient.dylib
0x000000000baa6000 	/usr/lib/libcups.2.dylib
0x000000000baa6000 	/System/Library/Frameworks/Kerberos.framework/Versions/A/Kerberos
0x000000000baa6000 	/System/Library/Frameworks/GSS.framework/Versions/A/GSS
0x000000000baa6000 	/usr/lib/libresolv.9.dylib
0x000000000baa6000 	/usr/lib/libiconv.2.dylib
0x000000000baa6000 	/System/Library/PrivateFrameworks/Heimdal.framework/Versions/A/Heimdal
0x000000000baa6000 	/usr/lib/libheimdal-asn1.dylib
0x000000000baa6000 	/System/Library/Frameworks/OpenDirectory.framework/Versions/A/OpenDirectory
0x000000000baa6000 	/System/Library/PrivateFrameworks/CommonAuth.framework/Versions/A/CommonAuth
0x000000000baa6000 	/System/Library/Frameworks/OpenDirectory.framework/Versions/A/Frameworks/CFOpenDirectory.framework/Versions/A/CFOpenDirectory
0x000000000baa6000 	/System/Library/Frameworks/SecurityFoundation.framework/Versions/A/SecurityFoundation
0x000000000baa6000 	/System/Library/PrivateFrameworks/LanguageModeling.framework/Versions/A/LanguageModeling
0x000000000baa6000 	/usr/lib/libmarisa.dylib
0x000000000baa6000 	/usr/lib/libChineseTokenizer.dylib
0x000000000baa6000 	/usr/lib/libcmph.dylib
0x000000000baa6000 	/usr/lib/libcompression.dylib
0x000000000baa6000 	/System/Library/Frameworks/ServiceManagement.framework/Versions/A/ServiceManagement
0x000000000baa6000 	/usr/lib/libxslt.1.dylib
0x000000000baa6000 	/System/Library/Frameworks/Carbon.framework/Versions/A/Frameworks/Ink.framework/Versions/A/Ink
0x000000000baa6000 	/usr/lib/libFosl_dynamic.dylib
0x000000000baa6000 	/System/Library/PrivateFrameworks/FaceCore.framework/Versions/A/FaceCore
0x000000000baa6000 	/System/Library/Frameworks/OpenCL.framework/Versions/A/OpenCL
0x000000000baa6000 	/System/Library/PrivateFrameworks/CrashReporterSupport.framework/Versions/A/CrashReporterSupport
0x000000000baa6000 	/System/Library/PrivateFrameworks/IconServices.framework/Versions/A/IconServices
0x000000000baa6000 	/System/Library/PrivateFrameworks/Apple80211.framework/Versions/A/Apple80211
0x000000000baa6000 	/System/Library/Frameworks/CoreWLAN.framework/Versions/A/CoreWLAN
0x000000000baa6000 	/System/Library/Frameworks/IOBluetooth.framework/Versions/A/IOBluetooth
0x000000000baa6000 	/System/Library/PrivateFrameworks/CoreWiFi.framework/Versions/A/CoreWiFi
0x000000000baa6000 	/System/Library/Frameworks/CoreBluetooth.framework/Versions/A/CoreBluetooth
0x000000000baa6000 	/System/Library/PrivateFrameworks/ChunkingLibrary.framework/Versions/A/ChunkingLibrary
0x000000000baa6000 	/System/Library/PrivateFrameworks/DebugSymbols.framework/Versions/A/DebugSymbols
0x000000000baa6000 	/System/Library/PrivateFrameworks/CoreSymbolication.framework/Versions/A/CoreSymbolication
0x000000000baa6000 	/System/Library/PrivateFrameworks/Symbolication.framework/Versions/A/Symbolication
0x000000000baa6000 	/System/Library/PrivateFrameworks/SpeechRecognitionCore.framework/Versions/A/SpeechRecognitionCore
0x000000010dc00000 	/Library/Java/JavaVirtualMachines/jdk1.8.0_60.jdk/Contents/Home/jre/lib/server/libjvm.dylib
0x000000010eb89000 	/usr/lib/libstdc++.6.dylib
0x000000010d3dc000 	/Library/Java/JavaVirtualMachines/jdk1.8.0_60.jdk/Contents/Home/jre/lib/libverify.dylib
0x000000010ec40000 	/Library/Java/JavaVirtualMachines/jdk1.8.0_60.jdk/Contents/Home/jre/lib/libjava.dylib
0x000000010d3f3000 	/Library/Java/JavaVirtualMachines/jdk1.8.0_60.jdk/Contents/Home/jre/lib/libzip.dylib
0x00000001245d7000 	/System/Library/Frameworks/JavaVM.framework/Frameworks/JavaRuntimeSupport.framework/JavaRuntimeSupport
0x00000001245f1000 	/System/Library/Frameworks/JavaVM.framework/Versions/A/Frameworks/JavaNativeFoundation.framework/Versions/A/JavaNativeFoundation
0x0000000124606000 	/System/Library/Frameworks/JavaVM.framework/Versions/A/JavaVM
0x000000000baa6000 	/System/Library/Frameworks/Carbon.framework/Versions/A/Carbon
0x0000000124613000 	/System/Library/PrivateFrameworks/JavaLaunching.framework/Versions/A/JavaLaunching
0x000000000baa6000 	/System/Library/Frameworks/Carbon.framework/Versions/A/Frameworks/CommonPanels.framework/Versions/A/CommonPanels
0x000000000baa6000 	/System/Library/Frameworks/Carbon.framework/Versions/A/Frameworks/Help.framework/Versions/A/Help
0x000000000baa6000 	/System/Library/Frameworks/Carbon.framework/Versions/A/Frameworks/ImageCapture.framework/Versions/A/ImageCapture
0x000000000baa6000 	/System/Library/Frameworks/Carbon.framework/Versions/A/Frameworks/OpenScripting.framework/Versions/A/OpenScripting
0x000000000baa6000 	/System/Library/Frameworks/Carbon.framework/Versions/A/Frameworks/Print.framework/Versions/A/Print
0x000000000baa6000 	/System/Library/Frameworks/Carbon.framework/Versions/A/Frameworks/SecurityHI.framework/Versions/A/SecurityHI
0x0000000125f44000 	/Users/Max/Gits/AiCubo-Java/AiCubo/lib/lwjgl/native/liblwjgl.dylib
0x000000000baa6000 	/System/Library/PrivateFrameworks/CoreServicesInternal.framework/Versions/A/CoreServicesInternal
0x000000000baa6000 	/System/Library/PrivateFrameworks/FamilyControls.framework/Versions/A/FamilyControls
0x000000000baa6000 	/System/Library/PrivateFrameworks/CommerceKit.framework/Versions/A/Frameworks/CommerceCore.framework/Versions/A/CommerceCore
0x000000000baa6000 	/System/Library/PrivateFrameworks/SystemAdministration.framework/Versions/A/SystemAdministration
0x000000000baa6000 	/System/Library/PrivateFrameworks/AppContainer.framework/Versions/A/AppContainer
0x000000000baa6000 	/System/Library/PrivateFrameworks/SecCodeWrapper.framework/Versions/A/SecCodeWrapper
0x000000000baa6000 	/System/Library/Frameworks/DirectoryService.framework/Versions/A/DirectoryService
0x000000000baa6000 	/System/Library/PrivateFrameworks/DiskImages.framework/Versions/A/DiskImages
0x000000000baa6000 	/System/Library/PrivateFrameworks/LoginUIKit.framework/Versions/A/Frameworks/LoginUICore.framework/Versions/A/LoginUICore
0x000000000baa6000 	/usr/lib/libCoreStorage.dylib
0x000000000baa6000 	/usr/lib/libcsfde.dylib
0x000000000baa6000 	/usr/lib/libodfde.dylib
0x000000000baa6000 	/System/Library/Frameworks/DiscRecording.framework/Versions/A/DiscRecording
0x000000000baa6000 	/usr/lib/libcurl.4.dylib
0x000000000baa6000 	/System/Library/PrivateFrameworks/MediaKit.framework/Versions/A/MediaKit
0x000000000baa6000 	/System/Library/PrivateFrameworks/ProtectedCloudStorage.framework/Versions/A/ProtectedCloudStorage
0x000000000baa6000 	/System/Library/PrivateFrameworks/EFILogin.framework/Versions/A/EFILogin
0x000000000baa6000 	/usr/lib/libutil.dylib
0x000000000baa6000 	/System/Library/PrivateFrameworks/FindMyDevice.framework/Versions/A/FindMyDevice
0x000000000baa6000 	/System/Library/Frameworks/LDAP.framework/Versions/A/LDAP
0x000000000baa6000 	/usr/lib/libsasl2.2.dylib
0x000000000baa6000 	/System/Library/PrivateFrameworks/CoreDaemon.framework/Versions/B/CoreDaemon
0x000000000baa6000 	/usr/lib/libcrypto.0.9.8.dylib
0x000000000baa6000 	/System/Library/PrivateFrameworks/AppleSRP.framework/Versions/A/AppleSRP
0x000000000baa6000 	/System/Library/PrivateFrameworks/TrustEvaluationAgent.framework/Versions/A/TrustEvaluationAgent
0x000000000baa6000 	/System/Library/Frameworks/CoreGraphics.framework/Versions/A/Resources/libCGXType.A.dylib
0x00000001265ab000 	/System/Library/Frameworks/OpenGL.framework/Resources/GLEngine.bundle/GLEngine
0x000000000baa6000 	/System/Library/Frameworks/OpenGL.framework/Versions/A/Libraries/libGLProgrammability.dylib
0x00000001281f2000 	/System/Library/Extensions/AppleIntelHD5000GraphicsGLDriver.bundle/Contents/MacOS/AppleIntelHD5000GraphicsGLDriver
0x000000000baa6000 	/System/Library/PrivateFrameworks/GPUSupport.framework/Versions/A/Libraries/libGPUSupportMercury.dylib
0x0000000126797000 	/System/Library/Frameworks/OpenGL.framework/Resources//GLRendererFloat.bundle/GLRendererFloat
0x000000000baa6000 	/System/Library/Frameworks/OpenCL.framework/Versions/A/Libraries/libcldcpuengine.dylib

VM Arguments:
jvm_args: -Djava.library.path=/Users/Max/Gits/AiCubo-Java/AiCubo/lib/lwjgl/native -Dfile.encoding=UTF-8 
java_command: com.maxbilbow.aicubo.VertexBufferTest
java_class_path (initial): /Users/Max/Gits/AiCubo-Java/AiCubo/bin:/Users/Max/Gits/AiCubo-Java/AiCubo/lib/lwjgl/jar/lwjgl.jar:/Users/Max/Gits/AiCubo-Java/AiCubo/lib/vecmath-1.5.1.jar:/Users/Max/Gits/AiCubo-Java/AiCubo/lib/lwjgl/src.zip
Launcher Type: SUN_STANDARD

Environment Variables:
PATH=/usr/bin:/bin:/usr/sbin:/sbin
SHELL=/bin/bash

Signal Handlers:
SIGSEGV: [libjvm.dylib+0x5a6d31], sa_mask[0]=11111111011111110111111111111111, sa_flags=SA_ONSTACK|SA_RESTART|SA_SIGINFO
SIGBUS: [libjvm.dylib+0x5a6d31], sa_mask[0]=11111111011111110111111111111111, sa_flags=SA_RESTART|SA_SIGINFO
SIGFPE: [libjvm.dylib+0x480a4c], sa_mask[0]=11111111011111110111111111111111, sa_flags=SA_RESTART|SA_SIGINFO
SIGPIPE: [libjvm.dylib+0x480a4c], sa_mask[0]=11111111011111110111111111111111, sa_flags=SA_RESTART|SA_SIGINFO
SIGXFSZ: [libjvm.dylib+0x480a4c], sa_mask[0]=11111111011111110111111111111111, sa_flags=SA_RESTART|SA_SIGINFO
SIGILL: [libjvm.dylib+0x480a4c], sa_mask[0]=11111111011111110111111111111111, sa_flags=SA_RESTART|SA_SIGINFO
SIGUSR1: SIG_DFL, sa_mask[0]=00000000000000000000000000000000, sa_flags=none
SIGUSR2: [libjvm.dylib+0x48056a], sa_mask[0]=00100000000000000000000000000000, sa_flags=SA_RESTART|SA_SIGINFO
SIGHUP: [libjvm.dylib+0x47eb41], sa_mask[0]=11111111011111110111111111111111, sa_flags=SA_RESTART|SA_SIGINFO
SIGINT: [libjvm.dylib+0x47eb41], sa_mask[0]=11111111011111110111111111111111, sa_flags=SA_RESTART|SA_SIGINFO
SIGTERM: [libjvm.dylib+0x47eb41], sa_mask[0]=11111111011111110111111111111111, sa_flags=SA_RESTART|SA_SIGINFO
SIGQUIT: [libjvm.dylib+0x47eb41], sa_mask[0]=11111111011111110111111111111111, sa_flags=SA_RESTART|SA_SIGINFO


---------------  S Y S T E M  ---------------

OS:Bsduname:Darwin 15.0.0 Darwin Kernel Version 15.0.0: Wed Aug 26 19:41:34 PDT 2015; root:xnu-3247.1.106~5/RELEASE_X86_64 x86_64
rlimit: STACK 8192k, CORE 0k, NPROC 709, NOFILE 10240, AS infinity
load average:1.92 1.88 1.79

CPU:total 4 (2 cores per cpu, 2 threads per core) family 6 model 69 stepping 1, cmov, cx8, fxsr, mmx, sse, sse2, sse3, ssse3, sse4.1, sse4.2, popcnt, avx, avx2, aes, clmul, erms, rtm, lzcnt, ht, tsc, tscinvbit, bmi1, bmi2

Memory: 4k page, physical 8388608k(95280k free)

/proc/meminfo:


vm_info: Java HotSpot(TM) 64-Bit Server VM (25.60-b23) for bsd-amd64 JRE (1.8.0_60-b27), built on Aug  4 2015 10:47:24 by "java_re" with gcc 4.2.1 (Based on Apple Inc. build 5658) (LLVM build 2336.11.00)

time: Sun Sep 20 11:43:23 2015
elapsed time: 0 seconds (0d 0h 0m 0s)

