#
# A fatal error has been detected by the Java Runtime Environment:
#
#  SIGSEGV (0xb) at pc=0x00007fff8e52bacc, pid=11543, tid=1811
#
# JRE version: Java(TM) SE Runtime Environment (8.0_25-b17) (build 1.8.0_25-b17)
# Java VM: Java HotSpot(TM) 64-Bit Server VM (25.25-b02 mixed mode bsd-amd64 compressed oops)
# Problematic frame:
# C  [GLEngine+0x15bacc]  gleRunVertexSubmitImmediate+0x231c
#
# Failed to write core dump. Core dumps have been disabled. To enable core dumping, try "ulimit -c unlimited" before starting Java again
#
# If you would like to submit a bug report, please visit:
#   http://bugreport.sun.com/bugreport/crash.jsp
# The crash happened outside the Java Virtual Machine in native code.
# See problematic frame for where to report the bug.
#

---------------  T H R E A D  ---------------

Current thread (0x00007fb58b80e800):  JavaThread "main" [_thread_in_native, id=1811, stack(0x00007fff5b922000,0x00007fff5c122000)]

siginfo: si_signo: 11 (SIGSEGV), si_code: 1 (SEGV_MAPERR), si_addr: 0x0000000000000003

Registers:
RAX=0x00007fff8e52bacc, RBX=0x0000000000000006, RCX=0x0000000000000003, RDX=0x00007fff8e52c518
RSP=0x00007fff5c11eae0, RBP=0x00007fff5c11ed30, RSI=0x0000000000000000, RDI=0x0000000000001000
R8 =0x0000000000001000, R9 =0x00007fb590000c00, R10=0x00007fb58b5aa120, R11=0x00007fb590000c00
R12=0x0000000000000003, R13=0x0000000001009803, R14=0x00007fb590000c00, R15=0x0000000000000001
RIP=0x00007fff8e52bacc, EFLAGS=0x0000000000010207, ERR=0x0000000000000004
  TRAPNO=0x000000000000000e

Top of Stack: (sp=0x00007fff5c11eae0)
0x00007fff5c11eae0:   0000000000000000 00007fb58c11bb10
0x00007fff5c11eaf0:   00007fff5c11ec20 00001234402f1b1b
0x00007fff5c11eb00:   000000012813fad0 0000000128a65744
0x00007fff5c11eb10:   00007fb58c0faa48 0000000000000080
0x00007fff5c11eb20:   0000000000001000 0000000128a65588
0x00007fff5c11eb30:   0000000000000001 000000000000007f
0x00007fff5c11eb40:   080000000007ff01 0000000000100003
0x00007fff5c11eb50:   0280000000000000 0000000128a43000
0x00007fff5c11eb60:   00007fff5c11ec50 000012344032abcb
0x00007fff5c11eb70:   0000000000000000 0000000000000000
0x00007fff5c11eb80:   0000000128a43000 0000000500000000
0x00007fff5c11eb90:   000000012813e000 00007fb58c116800
0x00007fff5c11eba0:   00007fb59002aa68 00007fb58b578780
0x00007fff5c11ebb0:   00007fb590000d40 00007fb590000d70
0x00007fff5c11ebc0:   00007fb590000d50 00007fb590000d80
0x00007fff5c11ebd0:   00007fb590000d60 00007fb590000da0
0x00007fff5c11ebe0:   0000000000000000 0000000000000000
0x00007fff5c11ebf0:   fffffffe00000002 0000000000000000
0x00007fff5c11ec00:   0000000000000002 0000000000000001
0x00007fff5c11ec10:   ffffffff00000000 0000000000000001
0x00007fff5c11ec20:   00007fb590000d90 0000000128a43000
0x00007fff5c11ec30:   00007fff7e7d1300 0000000128a43000
0x00007fff5c11ec40:   0000093300000000 00007fff93af4c70
0x00007fff5c11ec50:   0000000000004000 0000000000000000
0x00007fff5c11ec60:   00007fff5c11ecdc 00007fff5c11ece0
0x00007fff5c11ec70:   00007fff5c11ece4 00007fb58b5aa088
0x00007fff5c11ec80:   0000000000000000 0000000000000000
0x00007fff5c11ec90:   0000000000000000 00007fb58b5aa088
0x00007fff5c11eca0:   0000000000000009 00007fb590000c00
0x00007fff5c11ecb0:   0000000000000000 00007fb590000c00
0x00007fff5c11ecc0:   0000000000000003 0000000128943000
0x00007fff5c11ecd0:   00000001289430fc 0000000000000000 

Instructions: (pc=0x00007fff8e52bacc)
0x00007fff8e52baac:   0f 10 01 e9 84 03 00 00 f3 0f 10 01 f3 0f 11 45
0x00007fff8e52babc:   80 f3 0f 10 41 04 f3 0f 11 45 84 e9 84 07 00 00
0x00007fff8e52bacc:   f3 0f 10 01 f3 0f 11 45 80 f3 0f 10 41 04 f3 0f
0x00007fff8e52badc:   11 45 84 f3 0f 10 41 08 f3 0f 11 45 88 e9 62 07 

Register to memory mapping:

RAX=0x00007fff8e52bacc: gleRunVertexSubmitImmediate+0x231c in /System/Library/Frameworks/OpenGL.framework/Versions/A/Resources/GLEngine.bundle/GLEngine at 0x00007fff8e3d0000
RBX=0x0000000000000006 is an unknown value
RCX=0x0000000000000003 is an unknown value
RDX=0x00007fff8e52c518: gleRunVertexSubmitImmediate+0x2d68 in /System/Library/Frameworks/OpenGL.framework/Versions/A/Resources/GLEngine.bundle/GLEngine at 0x00007fff8e3d0000
RSP=0x00007fff5c11eae0 is pointing into the stack for thread: 0x00007fb58b80e800
RBP=0x00007fff5c11ed30 is pointing into the stack for thread: 0x00007fb58b80e800
RSI=0x0000000000000000 is an unknown value
RDI=0x0000000000001000 is an unknown value
R8 =0x0000000000001000 is an unknown value
R9 =0x00007fb590000c00 is an unknown value
R10=0x00007fb58b5aa120 is an unknown value
R11=0x00007fb590000c00 is an unknown value
R12=0x0000000000000003 is an unknown value
R13=0x0000000001009803 is an unknown value
R14=0x00007fb590000c00 is an unknown value
R15=0x0000000000000001 is an unknown value


Stack: [0x00007fff5b922000,0x00007fff5c122000],  sp=0x00007fff5c11eae0,  free space=8178k
Native frames: (J=compiled Java code, j=interpreted, Vv=VM code, C=native code)
C  [GLEngine+0x15bacc]  gleRunVertexSubmitImmediate+0x231c
C  [GLEngine+0x288ce]  glDrawArrays_Exec+0x272
j  org.lwjgl.opengl.GL11.nglDrawArrays(IIIJ)V+0
j  org.lwjgl.opengl.GL11.glDrawArrays(III)V+11
j  com.maxbilbow.aicubo.VertexBufferTest.render()V+58
j  com.maxbilbow.aicubo.VertexBufferTest.enterGameLoop()V+81
j  com.maxbilbow.aicubo.VertexBufferTest.main([Ljava/lang/String;)V+3
v  ~StubRoutines::call_stub
V  [libjvm.dylib+0x2d4516]  JavaCalls::call_helper(JavaValue*, methodHandle*, JavaCallArguments*, Thread*)+0x6ae
V  [libjvm.dylib+0x30958b]  jni_invoke_static(JNIEnv_*, JavaValue*, _jobject*, JNICallType, _jmethodID*, JNI_ArgumentPusher*, Thread*)+0x1bf
V  [libjvm.dylib+0x302785]  jni_CallStaticVoidMethod+0x15d
C  [java+0x2c82]  JavaMain+0x998
C  [java+0x4848]  -[JavaLaunchHelper launchJava:]+0x2a
C  [Foundation+0x92dd0]  __NSThreadPerformPerform+0x125
C  [CoreFoundation+0x80a01]  __CFRUNLOOP_IS_CALLING_OUT_TO_A_SOURCE0_PERFORM_FUNCTION__+0x11
C  [CoreFoundation+0x72b8d]  __CFRunLoopDoSources0+0x10d
C  [CoreFoundation+0x721bf]  __CFRunLoopRun+0x39f
C  [CoreFoundation+0x71bd8]  CFRunLoopRunSpecific+0x128
C  [java+0x56cc]  CreateExecutionEnvironment+0x367
C  [java+0x165c]  JLI_Launch+0x7a0
C  [java+0x768a]  main+0x65
C  [java+0xeb4]  start+0x34
C  0x0000000000000007

Java frames: (J=compiled Java code, j=interpreted, Vv=VM code)
j  org.lwjgl.opengl.GL11.nglDrawArrays(IIIJ)V+0
j  org.lwjgl.opengl.GL11.glDrawArrays(III)V+11
j  com.maxbilbow.aicubo.VertexBufferTest.render()V+58
j  com.maxbilbow.aicubo.VertexBufferTest.enterGameLoop()V+81
j  com.maxbilbow.aicubo.VertexBufferTest.main([Ljava/lang/String;)V+3
v  ~StubRoutines::call_stub

---------------  P R O C E S S  ---------------

Java Threads: ( => current thread )
  0x00007fb58c038000 JavaThread "Service Thread" daemon [_thread_blocked, id=20227, stack(0x00000001235ed000,0x00000001236ed000)]
  0x00007fb58b820800 JavaThread "C1 CompilerThread3" daemon [_thread_blocked, id=19715, stack(0x00000001234ea000,0x00000001235ea000)]
  0x00007fb58b81f800 JavaThread "C2 CompilerThread2" daemon [_thread_blocked, id=19203, stack(0x00000001233e7000,0x00000001234e7000)]
  0x00007fb58b81f000 JavaThread "C2 CompilerThread1" daemon [_thread_blocked, id=18691, stack(0x00000001232e4000,0x00000001233e4000)]
  0x00007fb58b81d000 JavaThread "C2 CompilerThread0" daemon [_thread_blocked, id=18179, stack(0x00000001231e1000,0x00000001232e1000)]
  0x00007fb58b81b000 JavaThread "Signal Dispatcher" daemon [_thread_blocked, id=17439, stack(0x00000001230de000,0x00000001231de000)]
  0x00007fb58b819000 JavaThread "Finalizer" daemon [_thread_blocked, id=13571, stack(0x0000000121638000,0x0000000121738000)]
  0x00007fb58c80b000 JavaThread "Reference Handler" daemon [_thread_blocked, id=13059, stack(0x0000000121535000,0x0000000121635000)]
=>0x00007fb58b80e800 JavaThread "main" [_thread_in_native, id=1811, stack(0x00007fff5b922000,0x00007fff5c122000)]

Other Threads:
  0x00007fb58b818800 VMThread [stack: 0x0000000121432000,0x0000000121532000] [id=12547]
  0x00007fb58c061800 WatcherThread [stack: 0x00000001236f0000,0x00000001237f0000] [id=20739]

VM state:not at safepoint (normal execution)

VM Mutex/Monitor currently owned by a thread: None

Heap:
 PSYoungGen      total 76288K, used 17039K [0x000000076ab00000, 0x0000000770000000, 0x00000007c0000000)
  eden space 65536K, 26% used [0x000000076ab00000,0x000000076bba3f08,0x000000076eb00000)
  from space 10752K, 0% used [0x000000076f580000,0x000000076f580000,0x0000000770000000)
  to   space 10752K, 0% used [0x000000076eb00000,0x000000076eb00000,0x000000076f580000)
 ParOldGen       total 175104K, used 0K [0x00000006c0000000, 0x00000006cab00000, 0x000000076ab00000)
  object space 175104K, 0% used [0x00000006c0000000,0x00000006c0000000,0x00000006cab00000)
 Metaspace       used 8680K, capacity 8834K, committed 9088K, reserved 1056768K
  class space    used 730K, capacity 781K, committed 896K, reserved 1048576K

Card table byte_map: [0x0000000114f27000,0x0000000115728000] byte_map_base: 0x0000000111927000

Marking Bits: (ParMarkBitMap*) 0x000000010549d390
 Begin Bits: [0x0000000116496000, 0x000000011a496000)
 End Bits:   [0x000000011a496000, 0x000000011e496000)

Polling page: 0x0000000103bf4000

CodeCache: size=245760Kb used=2398Kb max_used=2398Kb free=243361Kb
 bounds [0x0000000105b67000, 0x0000000105dd7000, 0x0000000114b67000]
 total_blobs=1116 nmethods=549 adapters=482
 compilation: enabled

Compilation events (10 events):
Event: 3.739 Thread 0x00007fb58b81f800 nmethod 528 0x0000000105dba090 code [0x0000000105dba220, 0x0000000105dba6f8]
Event: 3.741 Thread 0x00007fb58b820800  544   !   3       java.net.URLClassLoader::defineClass (224 bytes)
Event: 3.741 Thread 0x00007fb58b81f000 nmethod 541 0x0000000105db7a90 code [0x0000000105db7c00, 0x0000000105db7fd8]
Event: 3.743 Thread 0x00007fb58b820800 nmethod 544 0x0000000105dbc4d0 code [0x0000000105dbc900, 0x0000000105dbf548]
Event: 3.743 Thread 0x00007fb58b820800  545       3       java.lang.ClassNotFoundException::<init> (7 bytes)
Event: 3.743 Thread 0x00007fb58b820800 nmethod 545 0x0000000105db73d0 code [0x0000000105db7540, 0x0000000105db7788]
Event: 3.744 Thread 0x00007fb58b820800  546       3       java.util.TimeZone::getDefaultRef (32 bytes)
Event: 3.744 Thread 0x00007fb58b820800 nmethod 546 0x0000000105db94d0 code [0x0000000105db9640, 0x0000000105db9808]
Event: 3.744 Thread 0x00007fb58b820800  547       3       java.lang.Class::getEnclosingMethodInfo (21 bytes)
Event: 3.744 Thread 0x00007fb58b820800 nmethod 547 0x0000000105db8c90 code [0x0000000105db8e20, 0x0000000105db9078]

GC Heap History (0 events):
No events

Deoptimization events (0 events):
No events

Internal exceptions (10 events):
Event: 3.740 Thread 0x00007fb58b80e800 Exception <a 'java/security/PrivilegedActionException'> (0x000000076bab7ae0) thrown at [/HUDSON3/workspace/8-2-build-macosx-x86_64/jdk8u25/1514/hotspot/src/share/vm/prims/jvm.cpp, line 1312]
Event: 3.740 Thread 0x00007fb58b80e800 Exception <a 'java/security/PrivilegedActionException'> (0x000000076babcee8) thrown at [/HUDSON3/workspace/8-2-build-macosx-x86_64/jdk8u25/1514/hotspot/src/share/vm/prims/jvm.cpp, line 1312]
Event: 3.740 Thread 0x00007fb58b80e800 Exception <a 'java/security/PrivilegedActionException'> (0x000000076babfb60) thrown at [/HUDSON3/workspace/8-2-build-macosx-x86_64/jdk8u25/1514/hotspot/src/share/vm/prims/jvm.cpp, line 1312]
Event: 3.742 Thread 0x00007fb58b80e800 Exception <a 'java/security/PrivilegedActionException'> (0x000000076bace868) thrown at [/HUDSON3/workspace/8-2-build-macosx-x86_64/jdk8u25/1514/hotspot/src/share/vm/prims/jvm.cpp, line 1312]
Event: 3.742 Thread 0x00007fb58b80e800 Exception <a 'java/security/PrivilegedActionException'> (0x000000076bad3c20) thrown at [/HUDSON3/workspace/8-2-build-macosx-x86_64/jdk8u25/1514/hotspot/src/share/vm/prims/jvm.cpp, line 1312]
Event: 3.742 Thread 0x00007fb58b80e800 Exception <a 'java/security/PrivilegedActionException'> (0x000000076bad67b0) thrown at [/HUDSON3/workspace/8-2-build-macosx-x86_64/jdk8u25/1514/hotspot/src/share/vm/prims/jvm.cpp, line 1312]
Event: 3.742 Thread 0x00007fb58b80e800 Exception <a 'java/security/PrivilegedActionException'> (0x000000076badb4a8) thrown at [/HUDSON3/workspace/8-2-build-macosx-x86_64/jdk8u25/1514/hotspot/src/share/vm/prims/jvm.cpp, line 1312]
Event: 3.743 Thread 0x00007fb58b80e800 Exception <a 'java/security/PrivilegedActionException'> (0x000000076bb033a0) thrown at [/HUDSON3/workspace/8-2-build-macosx-x86_64/jdk8u25/1514/hotspot/src/share/vm/prims/jvm.cpp, line 1312]
Event: 3.743 Thread 0x00007fb58b80e800 Exception <a 'java/security/PrivilegedActionException'> (0x000000076bb0afd0) thrown at [/HUDSON3/workspace/8-2-build-macosx-x86_64/jdk8u25/1514/hotspot/src/share/vm/prims/jvm.cpp, line 1312]
Event: 3.751 Thread 0x00007fb58b80e800 Exception <a 'java/security/PrivilegedActionException'> (0x000000076bb2ebd0) thrown at [/HUDSON3/workspace/8-2-build-macosx-x86_64/jdk8u25/1514/hotspot/src/share/vm/prims/jvm.cpp, line 1312]

Events (10 events):
Event: 3.745 loading class javax/vecmath/Tuple4d
Event: 3.745 loading class javax/vecmath/Tuple4d done
Event: 3.746 loading class javax/vecmath/Quat4d
Event: 3.746 loading class javax/vecmath/Quat4d done
Event: 3.747 loading class java/lang/ArrayIndexOutOfBoundsException
Event: 3.747 loading class java/lang/ArrayIndexOutOfBoundsException done
Event: 3.749 loading class javax/vecmath/SingularMatrixException
Event: 3.749 loading class javax/vecmath/SingularMatrixException done
Event: 3.751 loading class org/lwjgl/opengl/GLChecks
Event: 3.751 loading class org/lwjgl/opengl/GLChecks done


Dynamic libraries:
0x000000000d507000 	/System/Library/Frameworks/Cocoa.framework/Versions/A/Cocoa
0x000000000d507000 	/System/Library/Frameworks/Security.framework/Versions/A/Security
0x000000000d507000 	/System/Library/Frameworks/ApplicationServices.framework/Versions/A/ApplicationServices
0x000000000d507000 	/usr/lib/libz.1.dylib
0x000000000d507000 	/usr/lib/libSystem.B.dylib
0x000000000d507000 	/usr/lib/libobjc.A.dylib
0x000000000d507000 	/System/Library/Frameworks/CoreFoundation.framework/Versions/A/CoreFoundation
0x000000000d507000 	/System/Library/Frameworks/Foundation.framework/Versions/C/Foundation
0x000000000d507000 	/System/Library/Frameworks/AppKit.framework/Versions/C/AppKit
0x000000000d507000 	/System/Library/Frameworks/CoreData.framework/Versions/A/CoreData
0x000000000d507000 	/System/Library/PrivateFrameworks/RemoteViewServices.framework/Versions/A/RemoteViewServices
0x000000000d507000 	/System/Library/PrivateFrameworks/UIFoundation.framework/Versions/A/UIFoundation
0x000000000d507000 	/System/Library/Frameworks/IOSurface.framework/Versions/A/IOSurface
0x000000000d507000 	/System/Library/Frameworks/AudioToolbox.framework/Versions/A/AudioToolbox
0x000000000d507000 	/System/Library/Frameworks/AudioUnit.framework/Versions/A/AudioUnit
0x000000000d507000 	/System/Library/PrivateFrameworks/DataDetectorsCore.framework/Versions/A/DataDetectorsCore
0x000000000d507000 	/System/Library/PrivateFrameworks/DesktopServicesPriv.framework/Versions/A/DesktopServicesPriv
0x000000000d507000 	/System/Library/Frameworks/Carbon.framework/Versions/A/Frameworks/HIToolbox.framework/Versions/A/HIToolbox
0x000000000d507000 	/System/Library/Frameworks/QuartzCore.framework/Versions/A/QuartzCore
0x000000000d507000 	/System/Library/Frameworks/Carbon.framework/Versions/A/Frameworks/SpeechRecognition.framework/Versions/A/SpeechRecognition
0x000000000d507000 	/usr/lib/libauto.dylib
0x000000000d507000 	/usr/lib/libicucore.A.dylib
0x000000000d507000 	/usr/lib/libxml2.2.dylib
0x000000000d507000 	/System/Library/PrivateFrameworks/CoreUI.framework/Versions/A/CoreUI
0x000000000d507000 	/System/Library/Frameworks/CoreAudio.framework/Versions/A/CoreAudio
0x000000000d507000 	/System/Library/Frameworks/DiskArbitration.framework/Versions/A/DiskArbitration
0x000000000d507000 	/usr/lib/liblangid.dylib
0x000000000d507000 	/System/Library/PrivateFrameworks/MultitouchSupport.framework/Versions/A/MultitouchSupport
0x000000000d507000 	/System/Library/Frameworks/IOKit.framework/Versions/A/IOKit
0x000000000d507000 	/usr/lib/libDiagnosticMessagesClient.dylib
0x000000000d507000 	/System/Library/Frameworks/CoreServices.framework/Versions/A/CoreServices
0x000000000d507000 	/System/Library/PrivateFrameworks/PerformanceAnalysis.framework/Versions/A/PerformanceAnalysis
0x000000000d507000 	/System/Library/PrivateFrameworks/GenerationalStorage.framework/Versions/A/GenerationalStorage
0x000000000d507000 	/System/Library/Frameworks/OpenGL.framework/Versions/A/OpenGL
0x000000000d507000 	/System/Library/PrivateFrameworks/Sharing.framework/Versions/A/Sharing
0x000000000d507000 	/System/Library/Frameworks/CoreGraphics.framework/Versions/A/CoreGraphics
0x000000000d507000 	/System/Library/Frameworks/CoreText.framework/Versions/A/CoreText
0x000000000d507000 	/System/Library/Frameworks/ImageIO.framework/Versions/A/ImageIO
0x000000000d507000 	/usr/lib/libextension.dylib
0x000000000d507000 	/System/Library/PrivateFrameworks/Backup.framework/Versions/A/Backup
0x000000000d507000 	/usr/lib/libarchive.2.dylib
0x000000000d507000 	/System/Library/Frameworks/CFNetwork.framework/Versions/A/CFNetwork
0x000000000d507000 	/System/Library/Frameworks/SystemConfiguration.framework/Versions/A/SystemConfiguration
0x000000000d507000 	/usr/lib/libCRFSuite.dylib
0x000000000d507000 	/usr/lib/libc++.1.dylib
0x000000000d507000 	/usr/lib/libc++abi.dylib
0x000000000d507000 	/usr/lib/system/libcache.dylib
0x000000000d507000 	/usr/lib/system/libcommonCrypto.dylib
0x000000000d507000 	/usr/lib/system/libcompiler_rt.dylib
0x000000000d507000 	/usr/lib/system/libcopyfile.dylib
0x000000000d507000 	/usr/lib/system/libcorecrypto.dylib
0x000000000d507000 	/usr/lib/system/libdispatch.dylib
0x000000000d507000 	/usr/lib/system/libdyld.dylib
0x000000000d507000 	/usr/lib/system/libkeymgr.dylib
0x000000000d507000 	/usr/lib/system/liblaunch.dylib
0x000000000d507000 	/usr/lib/system/libmacho.dylib
0x000000000d507000 	/usr/lib/system/libquarantine.dylib
0x000000000d507000 	/usr/lib/system/libremovefile.dylib
0x000000000d507000 	/usr/lib/system/libsystem_asl.dylib
0x000000000d507000 	/usr/lib/system/libsystem_blocks.dylib
0x000000000d507000 	/usr/lib/system/libsystem_c.dylib
0x000000000d507000 	/usr/lib/system/libsystem_configuration.dylib
0x000000000d507000 	/usr/lib/system/libsystem_coreservices.dylib
0x000000000d507000 	/usr/lib/system/libsystem_coretls.dylib
0x000000000d507000 	/usr/lib/system/libsystem_dnssd.dylib
0x000000000d507000 	/usr/lib/system/libsystem_info.dylib
0x000000000d507000 	/usr/lib/system/libsystem_kernel.dylib
0x000000000d507000 	/usr/lib/system/libsystem_m.dylib
0x000000000d507000 	/usr/lib/system/libsystem_malloc.dylib
0x000000000d507000 	/usr/lib/system/libsystem_network.dylib
0x000000000d507000 	/usr/lib/system/libsystem_networkextension.dylib
0x000000000d507000 	/usr/lib/system/libsystem_notify.dylib
0x000000000d507000 	/usr/lib/system/libsystem_platform.dylib
0x000000000d507000 	/usr/lib/system/libsystem_pthread.dylib
0x000000000d507000 	/usr/lib/system/libsystem_sandbox.dylib
0x000000000d507000 	/usr/lib/system/libsystem_secinit.dylib
0x000000000d507000 	/usr/lib/system/libsystem_stats.dylib
0x000000000d507000 	/usr/lib/system/libsystem_trace.dylib
0x000000000d507000 	/usr/lib/system/libunc.dylib
0x000000000d507000 	/usr/lib/system/libunwind.dylib
0x000000000d507000 	/usr/lib/system/libxpc.dylib
0x000000000d507000 	/usr/lib/libbz2.1.0.dylib
0x000000000d507000 	/usr/lib/liblzma.5.dylib
0x000000000d507000 	/usr/lib/libbsm.0.dylib
0x000000000d507000 	/usr/lib/libsqlite3.dylib
0x000000000d507000 	/usr/lib/system/libkxld.dylib
0x000000000d507000 	/usr/lib/libxar.1.dylib
0x000000000d507000 	/usr/lib/libpam.2.dylib
0x000000000d507000 	/usr/lib/libOpenScriptingUtil.dylib
0x000000000d507000 	/System/Library/Frameworks/CoreServices.framework/Versions/A/Frameworks/FSEvents.framework/Versions/A/FSEvents
0x000000000d507000 	/System/Library/Frameworks/CoreServices.framework/Versions/A/Frameworks/CarbonCore.framework/Versions/A/CarbonCore
0x000000000d507000 	/System/Library/Frameworks/CoreServices.framework/Versions/A/Frameworks/Metadata.framework/Versions/A/Metadata
0x000000000d507000 	/System/Library/Frameworks/CoreServices.framework/Versions/A/Frameworks/OSServices.framework/Versions/A/OSServices
0x000000000d507000 	/System/Library/Frameworks/CoreServices.framework/Versions/A/Frameworks/SearchKit.framework/Versions/A/SearchKit
0x000000000d507000 	/System/Library/Frameworks/CoreServices.framework/Versions/A/Frameworks/AE.framework/Versions/A/AE
0x000000000d507000 	/System/Library/Frameworks/CoreServices.framework/Versions/A/Frameworks/LaunchServices.framework/Versions/A/LaunchServices
0x000000000d507000 	/System/Library/Frameworks/CoreServices.framework/Versions/A/Frameworks/DictionaryServices.framework/Versions/A/DictionaryServices
0x000000000d507000 	/System/Library/Frameworks/NetFS.framework/Versions/A/NetFS
0x000000000d507000 	/System/Library/PrivateFrameworks/NetAuth.framework/Versions/A/NetAuth
0x000000000d507000 	/System/Library/PrivateFrameworks/login.framework/Versions/A/Frameworks/loginsupport.framework/Versions/A/loginsupport
0x000000000d507000 	/System/Library/PrivateFrameworks/TCC.framework/Versions/A/TCC
0x000000000d507000 	/usr/lib/libmecabra.dylib
0x000000000d507000 	/System/Library/Frameworks/ApplicationServices.framework/Versions/A/Frameworks/ATS.framework/Versions/A/ATS
0x000000000d507000 	/System/Library/Frameworks/ApplicationServices.framework/Versions/A/Frameworks/ColorSync.framework/Versions/A/ColorSync
0x000000000d507000 	/System/Library/Frameworks/ApplicationServices.framework/Versions/A/Frameworks/HIServices.framework/Versions/A/HIServices
0x000000000d507000 	/System/Library/Frameworks/ApplicationServices.framework/Versions/A/Frameworks/LangAnalysis.framework/Versions/A/LangAnalysis
0x000000000d507000 	/System/Library/Frameworks/ApplicationServices.framework/Versions/A/Frameworks/PrintCore.framework/Versions/A/PrintCore
0x000000000d507000 	/System/Library/Frameworks/ApplicationServices.framework/Versions/A/Frameworks/QD.framework/Versions/A/QD
0x000000000d507000 	/System/Library/Frameworks/ApplicationServices.framework/Versions/A/Frameworks/SpeechSynthesis.framework/Versions/A/SpeechSynthesis
0x000000000d507000 	/System/Library/Frameworks/Accelerate.framework/Versions/A/Accelerate
0x000000000d507000 	/System/Library/Frameworks/Accelerate.framework/Versions/A/Frameworks/vImage.framework/Versions/A/vImage
0x000000000d507000 	/System/Library/Frameworks/Accelerate.framework/Versions/A/Frameworks/vecLib.framework/Versions/A/vecLib
0x000000000d507000 	/System/Library/Frameworks/Accelerate.framework/Versions/A/Frameworks/vecLib.framework/Versions/A/libvDSP.dylib
0x000000000d507000 	/System/Library/Frameworks/Accelerate.framework/Versions/A/Frameworks/vecLib.framework/Versions/A/libvMisc.dylib
0x000000000d507000 	/System/Library/Frameworks/Accelerate.framework/Versions/A/Frameworks/vecLib.framework/Versions/A/libLAPACK.dylib
0x000000000d507000 	/System/Library/Frameworks/Accelerate.framework/Versions/A/Frameworks/vecLib.framework/Versions/A/libBLAS.dylib
0x000000000d507000 	/System/Library/Frameworks/Accelerate.framework/Versions/A/Frameworks/vecLib.framework/Versions/A/libLinearAlgebra.dylib
0x000000000d507000 	/System/Library/Frameworks/ApplicationServices.framework/Versions/A/Frameworks/ATS.framework/Versions/A/Resources/libFontParser.dylib
0x000000000d507000 	/System/Library/Frameworks/ApplicationServices.framework/Versions/A/Frameworks/ATS.framework/Versions/A/Resources/libFontRegistry.dylib
0x000000000d507000 	/System/Library/PrivateFrameworks/AppleVPA.framework/Versions/A/AppleVPA
0x000000000d507000 	/System/Library/PrivateFrameworks/AppleJPEG.framework/Versions/A/AppleJPEG
0x000000000d507000 	/System/Library/Frameworks/ImageIO.framework/Versions/A/Resources/libJPEG.dylib
0x000000000d507000 	/System/Library/Frameworks/ImageIO.framework/Versions/A/Resources/libTIFF.dylib
0x000000000d507000 	/System/Library/Frameworks/ImageIO.framework/Versions/A/Resources/libPng.dylib
0x000000000d507000 	/System/Library/Frameworks/ImageIO.framework/Versions/A/Resources/libGIF.dylib
0x000000000d507000 	/System/Library/Frameworks/ImageIO.framework/Versions/A/Resources/libJP2.dylib
0x000000000d507000 	/System/Library/Frameworks/ImageIO.framework/Versions/A/Resources/libRadiance.dylib
0x000000000d507000 	/System/Library/Frameworks/CoreVideo.framework/Versions/A/CoreVideo
0x000000000d507000 	/System/Library/Frameworks/OpenGL.framework/Versions/A/Libraries/libGLU.dylib
0x000000000d507000 	/System/Library/Frameworks/OpenGL.framework/Versions/A/Libraries/libGFXShared.dylib
0x000000000d507000 	/System/Library/Frameworks/OpenGL.framework/Versions/A/Libraries/libGL.dylib
0x000000000d507000 	/System/Library/Frameworks/OpenGL.framework/Versions/A/Libraries/libGLImage.dylib
0x000000000d507000 	/System/Library/Frameworks/OpenGL.framework/Versions/A/Libraries/libCVMSPluginSupport.dylib
0x000000000d507000 	/System/Library/Frameworks/OpenGL.framework/Versions/A/Libraries/libCoreVMClient.dylib
0x000000000d507000 	/usr/lib/libcups.2.dylib
0x000000000d507000 	/System/Library/Frameworks/Kerberos.framework/Versions/A/Kerberos
0x000000000d507000 	/System/Library/Frameworks/GSS.framework/Versions/A/GSS
0x000000000d507000 	/usr/lib/libresolv.9.dylib
0x000000000d507000 	/usr/lib/libiconv.2.dylib
0x000000000d507000 	/System/Library/PrivateFrameworks/Heimdal.framework/Versions/A/Heimdal
0x000000000d507000 	/usr/lib/libheimdal-asn1.dylib
0x000000000d507000 	/System/Library/Frameworks/OpenDirectory.framework/Versions/A/OpenDirectory
0x000000000d507000 	/System/Library/PrivateFrameworks/CommonAuth.framework/Versions/A/CommonAuth
0x000000000d507000 	/System/Library/Frameworks/OpenDirectory.framework/Versions/A/Frameworks/CFOpenDirectory.framework/Versions/A/CFOpenDirectory
0x000000000d507000 	/System/Library/Frameworks/SecurityFoundation.framework/Versions/A/SecurityFoundation
0x000000000d507000 	/System/Library/PrivateFrameworks/LanguageModeling.framework/Versions/A/LanguageModeling
0x000000000d507000 	/usr/lib/libcmph.dylib
0x000000000d507000 	/System/Library/Frameworks/ServiceManagement.framework/Versions/A/ServiceManagement
0x000000000d507000 	/usr/lib/libxslt.1.dylib
0x000000000d507000 	/System/Library/Frameworks/Carbon.framework/Versions/A/Frameworks/Ink.framework/Versions/A/Ink
0x000000000d507000 	/System/Library/Frameworks/QuartzCore.framework/Versions/A/Frameworks/CoreImage.framework/Versions/A/CoreImage
0x000000000d507000 	/System/Library/PrivateFrameworks/CrashReporterSupport.framework/Versions/A/CrashReporterSupport
0x000000000d507000 	/System/Library/Frameworks/OpenCL.framework/Versions/A/OpenCL
0x000000000d507000 	/System/Library/PrivateFrameworks/FaceCore.framework/Versions/A/FaceCore
0x000000000d507000 	/System/Library/PrivateFrameworks/Ubiquity.framework/Versions/A/Ubiquity
0x000000000d507000 	/System/Library/PrivateFrameworks/IconServices.framework/Versions/A/IconServices
0x000000000d507000 	/System/Library/PrivateFrameworks/ChunkingLibrary.framework/Versions/A/ChunkingLibrary
0x000000000d507000 	/System/Library/PrivateFrameworks/Apple80211.framework/Versions/A/Apple80211
0x000000000d507000 	/System/Library/Frameworks/CoreWLAN.framework/Versions/A/CoreWLAN
0x000000000d507000 	/System/Library/Frameworks/IOBluetooth.framework/Versions/A/IOBluetooth
0x000000000d507000 	/System/Library/PrivateFrameworks/CoreWiFi.framework/Versions/A/CoreWiFi
0x000000000d507000 	/System/Library/Frameworks/CoreBluetooth.framework/Versions/A/CoreBluetooth
0x000000000d507000 	/System/Library/PrivateFrameworks/DebugSymbols.framework/Versions/A/DebugSymbols
0x000000000d507000 	/System/Library/PrivateFrameworks/CoreSymbolication.framework/Versions/A/CoreSymbolication
0x000000000d507000 	/System/Library/PrivateFrameworks/Symbolication.framework/Versions/A/Symbolication
0x000000000d507000 	/System/Library/PrivateFrameworks/SpeechRecognitionCore.framework/Versions/A/SpeechRecognitionCore
0x0000000104c00000 	/Library/Java/JavaVirtualMachines/jdk1.8.0_25.jdk/Contents/Home/jre/lib/server/libjvm.dylib
0x000000000d507000 	/usr/lib/libstdc++.6.dylib
0x0000000105b1c000 	/Library/Java/JavaVirtualMachines/jdk1.8.0_25.jdk/Contents/Home/jre/lib/libverify.dylib
0x0000000105b2a000 	/Library/Java/JavaVirtualMachines/jdk1.8.0_25.jdk/Contents/Home/jre/lib/libjava.dylib
0x0000000105b5e000 	/Library/Java/JavaVirtualMachines/jdk1.8.0_25.jdk/Contents/Home/jre/lib/libzip.dylib
0x000000012173a000 	/System/Library/Frameworks/JavaVM.framework/Frameworks/JavaRuntimeSupport.framework/JavaRuntimeSupport
0x0000000121752000 	/System/Library/Frameworks/JavaVM.framework/Versions/A/Frameworks/JavaNativeFoundation.framework/Versions/A/JavaNativeFoundation
0x0000000121767000 	/System/Library/Frameworks/JavaVM.framework/Versions/A/JavaVM
0x000000000d507000 	/System/Library/Frameworks/Carbon.framework/Versions/A/Carbon
0x0000000121774000 	/System/Library/PrivateFrameworks/JavaLaunching.framework/Versions/A/JavaLaunching
0x000000000d507000 	/System/Library/Frameworks/Carbon.framework/Versions/A/Frameworks/CommonPanels.framework/Versions/A/CommonPanels
0x000000000d507000 	/System/Library/Frameworks/Carbon.framework/Versions/A/Frameworks/Help.framework/Versions/A/Help
0x000000000d507000 	/System/Library/Frameworks/Carbon.framework/Versions/A/Frameworks/ImageCapture.framework/Versions/A/ImageCapture
0x000000000d507000 	/System/Library/Frameworks/Carbon.framework/Versions/A/Frameworks/OpenScripting.framework/Versions/A/OpenScripting
0x000000000d507000 	/System/Library/Frameworks/Carbon.framework/Versions/A/Frameworks/Print.framework/Versions/A/Print
0x000000000d507000 	/System/Library/Frameworks/Carbon.framework/Versions/A/Frameworks/SecurityHI.framework/Versions/A/SecurityHI
0x000000012383f000 	/Users/rattle/Gits/AiCubo-Java/AiCubo/lib/lwjgl/native/liblwjgl.dylib
0x000000000d507000 	/System/Library/PrivateFrameworks/CoreServicesInternal.framework/Versions/A/CoreServicesInternal
0x000000000d507000 	/System/Library/Frameworks/CoreGraphics.framework/Versions/A/Resources/libCGCMS.A.dylib
0x000000000d507000 	/System/Library/PrivateFrameworks/CloudDocs.framework/Versions/A/CloudDocs
0x000000000d507000 	/System/Library/PrivateFrameworks/CoreDuet.framework/Versions/A/CoreDuet
0x000000000d507000 	/System/Library/Frameworks/CloudKit.framework/Versions/A/CloudKit
0x000000000d507000 	/System/Library/PrivateFrameworks/ProtocolBuffer.framework/Versions/A/ProtocolBuffer
0x000000000d507000 	/System/Library/PrivateFrameworks/CoreDuetDaemonProtocol.framework/Versions/A/CoreDuetDaemonProtocol
0x000000000d507000 	/System/Library/PrivateFrameworks/CoreDuetDebugLogging.framework/Versions/A/CoreDuetDebugLogging
0x000000000d507000 	/System/Library/PrivateFrameworks/MMCS.framework/Versions/A/MMCS
0x000000000d507000 	/System/Library/Frameworks/CoreLocation.framework/Versions/A/CoreLocation
0x000000000d507000 	/System/Library/PrivateFrameworks/ProtectedCloudStorage.framework/Versions/A/ProtectedCloudStorage
0x000000000d507000 	/System/Library/PrivateFrameworks/GeoServices.framework/Versions/A/GeoServices
0x000000000d507000 	/System/Library/PrivateFrameworks/FamilyControls.framework/Versions/A/FamilyControls
0x000000000d507000 	/System/Library/PrivateFrameworks/CommerceKit.framework/Versions/A/Frameworks/CommerceCore.framework/Versions/A/CommerceCore
0x000000000d507000 	/System/Library/PrivateFrameworks/SystemAdministration.framework/Versions/A/SystemAdministration
0x000000000d507000 	/System/Library/PrivateFrameworks/AppContainer.framework/Versions/A/AppContainer
0x000000000d507000 	/System/Library/PrivateFrameworks/SecCodeWrapper.framework/Versions/A/SecCodeWrapper
0x000000000d507000 	/System/Library/Frameworks/DirectoryService.framework/Versions/A/DirectoryService
0x000000000d507000 	/System/Library/PrivateFrameworks/DiskImages.framework/Versions/A/DiskImages
0x000000000d507000 	/System/Library/PrivateFrameworks/LoginUIKit.framework/Versions/A/Frameworks/LoginUICore.framework/Versions/A/LoginUICore
0x000000000d507000 	/usr/lib/libCoreStorage.dylib
0x000000000d507000 	/usr/lib/libcsfde.dylib
0x000000000d507000 	/usr/lib/libodfde.dylib
0x000000000d507000 	/System/Library/Frameworks/DiscRecording.framework/Versions/A/DiscRecording
0x000000000d507000 	/usr/lib/libcurl.4.dylib
0x000000000d507000 	/System/Library/PrivateFrameworks/MediaKit.framework/Versions/A/MediaKit
0x000000000d507000 	/System/Library/PrivateFrameworks/EFILogin.framework/Versions/A/EFILogin
0x000000000d507000 	/usr/lib/libutil.dylib
0x000000000d507000 	/System/Library/PrivateFrameworks/FindMyDevice.framework/Versions/A/FindMyDevice
0x000000000d507000 	/System/Library/Frameworks/LDAP.framework/Versions/A/LDAP
0x000000000d507000 	/usr/lib/libsasl2.2.dylib
0x000000000d507000 	/System/Library/PrivateFrameworks/CoreDaemon.framework/Versions/B/CoreDaemon
0x000000000d507000 	/usr/lib/libcrypto.0.9.8.dylib
0x000000000d507000 	/System/Library/PrivateFrameworks/AppleSRP.framework/Versions/A/AppleSRP
0x000000000d507000 	/System/Library/PrivateFrameworks/TrustEvaluationAgent.framework/Versions/A/TrustEvaluationAgent
0x000000000d507000 	/System/Library/Frameworks/CoreGraphics.framework/Versions/A/Resources/libCGXType.A.dylib
0x000000000d507000 	/System/Library/Frameworks/CoreGraphics.framework/Versions/A/Resources/libRIP.A.dylib
0x000000000d507000 	/System/Library/Frameworks/OpenCL.framework/Versions/A/Libraries/libcldcpuengine.dylib
0x0000000127e8b000 	cl_kernels
0x0000000127e8d000 	/System/Library/Frameworks/OpenCL.framework/Versions/A/Libraries/ImageFormats/unorm8_bgra.dylib
0x0000000127e7c000 	cl_kernels
0x000000000d507000 	/System/Library/Frameworks/OpenGL.framework/Versions/A/Resources/GLEngine.bundle/GLEngine
0x000000000d507000 	/System/Library/Frameworks/OpenGL.framework/Versions/A/Libraries/libGLProgrammability.dylib
0x0000000000000000 	/System/Library/Extensions/GeForceGLDriver.bundle/Contents/MacOS/GeForceGLDriver
0x000000000d507000 	/System/Library/Extensions/GeForceGLDriver.bundle/Contents/MacOS/libclh.dylib
0x000000000d507000 	/System/Library/PrivateFrameworks/IOAccelerator.framework/Versions/A/IOAccelerator
0x000000000d507000 	/System/Library/PrivateFrameworks/GPUSupport.framework/Versions/A/Libraries/libGPUSupportMercury.dylib
0x000000000d507000 	/System/Library/Frameworks/OpenGL.framework/Versions/A/Resources/GLRendererFloat.bundle/GLRendererFloat

VM Arguments:
jvm_args: -Djava.library.path=/Users/rattle/Gits/AiCubo-Java/AiCubo/lib/lwjgl/native -Dfile.encoding=UTF-8 
java_command: com.maxbilbow.aicubo.VertexBufferTest
java_class_path (initial): /Users/rattle/Gits/AiCubo-Java/AiCubo/bin:/Users/rattle/Gits/AiCubo-Java/AiCubo/lib/lwjgl/jar/lwjgl.jar:/Users/rattle/Gits/AiCubo-Java/AiCubo/lib/lwjgl/src.zip:/Users/rattle/Gits/AiCubo-Java/AiCubo/lib/lwjgl/doc/javadoc.zip:/Users/rattle/Gits/AiCubo-Java/AiCubo/lib/vecmath-1.5.1.jar:/Applications/Eclipse.app/Contents/Eclipse/plugins/org.junit_4.12.0.v201504281640/junit.jar:/Applications/Eclipse.app/Contents/Eclipse/plugins/org.hamcrest.core_1.3.0.v201303031735.jar
Launcher Type: SUN_STANDARD

Environment Variables:
PATH=/usr/bin:/bin:/usr/sbin:/sbin
SHELL=/bin/bash

Signal Handlers:
SIGSEGV: [libjvm.dylib+0x579dc7], sa_mask[0]=11111111011111110111111111111111, sa_flags=SA_ONSTACK|SA_RESTART|SA_SIGINFO
SIGBUS: [libjvm.dylib+0x579dc7], sa_mask[0]=11111111011111110111111111111111, sa_flags=SA_RESTART|SA_SIGINFO
SIGFPE: [libjvm.dylib+0x45b030], sa_mask[0]=11111111011111110111111111111111, sa_flags=SA_RESTART|SA_SIGINFO
SIGPIPE: [libjvm.dylib+0x45b030], sa_mask[0]=11111111011111110111111111111111, sa_flags=SA_RESTART|SA_SIGINFO
SIGXFSZ: [libjvm.dylib+0x45b030], sa_mask[0]=11111111011111110111111111111111, sa_flags=SA_RESTART|SA_SIGINFO
SIGILL: [libjvm.dylib+0x45b030], sa_mask[0]=11111111011111110111111111111111, sa_flags=SA_RESTART|SA_SIGINFO
SIGUSR1: SIG_DFL, sa_mask[0]=00000000000000000000000000000000, sa_flags=none
SIGUSR2: [libjvm.dylib+0x45ab4e], sa_mask[0]=00100000000000000000000000000000, sa_flags=SA_RESTART|SA_SIGINFO
SIGHUP: [libjvm.dylib+0x459121], sa_mask[0]=11111111011111110111111111111111, sa_flags=SA_RESTART|SA_SIGINFO
SIGINT: [libjvm.dylib+0x459121], sa_mask[0]=11111111011111110111111111111111, sa_flags=SA_RESTART|SA_SIGINFO
SIGTERM: [libjvm.dylib+0x459121], sa_mask[0]=11111111011111110111111111111111, sa_flags=SA_RESTART|SA_SIGINFO
SIGQUIT: [libjvm.dylib+0x459121], sa_mask[0]=11111111011111110111111111111111, sa_flags=SA_RESTART|SA_SIGINFO


---------------  S Y S T E M  ---------------

OS:Bsduname:Darwin 14.5.0 Darwin Kernel Version 14.5.0: Wed Jul 29 02:26:53 PDT 2015; root:xnu-2782.40.9~1/RELEASE_X86_64 x86_64
rlimit: STACK 8192k, CORE 0k, NPROC 709, NOFILE 10240, AS infinity
load average:0.63 0.50 0.58

CPU:total 8 (4 cores per cpu, 2 threads per core) family 6 model 58 stepping 9, cmov, cx8, fxsr, mmx, sse, sse2, sse3, ssse3, sse4.1, sse4.2, popcnt, avx, aes, clmul, erms, ht, tsc, tscinvbit, tscinv

Memory: 4k page, physical 16777216k(16360k free)

/proc/meminfo:


vm_info: Java HotSpot(TM) 64-Bit Server VM (25.25-b02) for bsd-amd64 JRE (1.8.0_25-b17), built on Sep 17 2014 16:56:50 by "java_re" with gcc 4.2.1 (Based on Apple Inc. build 5658) (LLVM build 2336.11.00)

time: Sun Aug 23 16:40:02 2015
elapsed time: 3 seconds (0d 0h 0m 3s)

