#
# A fatal error has been detected by the Java Runtime Environment:
#
#  SIGSEGV (0xb) at pc=0x00007fff8e52bacc, pid=11564, tid=1811
#
# JRE version: Java(TM) SE Runtime Environment (8.0_25-b17) (build 1.8.0_25-b17)
# Java VM: Java HotSpot(TM) 64-Bit Server VM (25.25-b02 mixed mode bsd-amd64 compressed oops)
# Problematic frame:
# C  [GLEngine+0x15bacc]  gleRunVertexSubmitImmediate+0x231c
#
# Failed to write core dump. Core dumps have been disabled. To enable core dumping, try "ulimit -c unlimited" before starting Java again
#
# If you would like to submit a bug report, please visit:
#   http://bugreport.sun.com/bugreport/crash.jsp
# The crash happened outside the Java Virtual Machine in native code.
# See problematic frame for where to report the bug.
#

---------------  T H R E A D  ---------------

Current thread (0x00007fd2fc80a000):  JavaThread "main" [_thread_in_native, id=1811, stack(0x00007fff5dab8000,0x00007fff5e2b8000)]

siginfo: si_signo: 11 (SIGSEGV), si_code: 1 (SEGV_MAPERR), si_addr: 0x0000000000000003

Registers:
RAX=0x00007fff8e52bacc, RBX=0x0000000000000006, RCX=0x0000000000000003, RDX=0x00007fff8e52c518
RSP=0x00007fff5e2b4ae0, RBP=0x00007fff5e2b4d30, RSI=0x0000000000000000, RDI=0x0000000000001000
R8 =0x0000000000001000, R9 =0x00007fd300800000, R10=0x00007fd2fd090f30, R11=0x00007fd300800000
R12=0x0000000000000003, R13=0x0000000001009803, R14=0x00007fd300800000, R15=0x0000000000000001
RIP=0x00007fff8e52bacc, EFLAGS=0x0000000000010207, ERR=0x0000000000000004
  TRAPNO=0x000000000000000e

Top of Stack: (sp=0x00007fff5e2b4ae0)
0x00007fff5e2b4ae0:   0000000000000000 00007fd2fc926510
0x00007fff5e2b4af0:   00007fff5e2b4c20 00001234402f1b1b
0x00007fff5e2b4b00:   000000012602cad0 0000000126952744
0x00007fff5e2b4b10:   00007fd2fb8eaa48 0000000000000080
0x00007fff5e2b4b20:   0000000000001000 0000000126952588
0x00007fff5e2b4b30:   0000000000000001 000000000000007f
0x00007fff5e2b4b40:   080000000007ff01 0000000000100003
0x00007fff5e2b4b50:   0280000000000000 0000000126930000
0x00007fff5e2b4b60:   00007fff5e2b4c50 000012344032abcb
0x00007fff5e2b4b70:   0000000000000000 0000000000000000
0x00007fff5e2b4b80:   0000000126930000 0000000500000000
0x00007fff5e2b4b90:   000000012602b000 00007fd2fb90f400
0x00007fff5e2b4ba0:   00007fd300829e68 00007fd2fb62ae70
0x00007fff5e2b4bb0:   00007fd300800140 00007fd300800170
0x00007fff5e2b4bc0:   00007fd300800150 00007fd300800180
0x00007fff5e2b4bd0:   00007fd300800160 00007fd3008001a0
0x00007fff5e2b4be0:   0000000000000000 0000000000000000
0x00007fff5e2b4bf0:   fffffffe00000002 0000000000000000
0x00007fff5e2b4c00:   0000000000000002 0000000000000001
0x00007fff5e2b4c10:   ffffffff00000000 0000000000000001
0x00007fff5e2b4c20:   00007fd300800190 0000000126930000
0x00007fff5e2b4c30:   00007fff7e7d1300 0000000126930000
0x00007fff5e2b4c40:   0000093300000000 00007fff93af4c70
0x00007fff5e2b4c50:   0000000000004000 0000000000000000
0x00007fff5e2b4c60:   00007fff5e2b4cdc 00007fff5e2b4ce0
0x00007fff5e2b4c70:   00007fff5e2b4ce4 00007fd2fd090e98
0x00007fff5e2b4c80:   0000000000000000 0000000000000000
0x00007fff5e2b4c90:   0000000000000000 00007fd2fd090e98
0x00007fff5e2b4ca0:   0000000000000009 00007fd300800000
0x00007fff5e2b4cb0:   0000000000000000 00007fd300800000
0x00007fff5e2b4cc0:   0000000000000003 0000000126830000
0x00007fff5e2b4cd0:   00000001268300fc 0000000000000000 

Instructions: (pc=0x00007fff8e52bacc)
0x00007fff8e52baac:   0f 10 01 e9 84 03 00 00 f3 0f 10 01 f3 0f 11 45
0x00007fff8e52babc:   80 f3 0f 10 41 04 f3 0f 11 45 84 e9 84 07 00 00
0x00007fff8e52bacc:   f3 0f 10 01 f3 0f 11 45 80 f3 0f 10 41 04 f3 0f
0x00007fff8e52badc:   11 45 84 f3 0f 10 41 08 f3 0f 11 45 88 e9 62 07 

Register to memory mapping:

RAX=0x00007fff8e52bacc: gleRunVertexSubmitImmediate+0x231c in /System/Library/Frameworks/OpenGL.framework/Versions/A/Resources/GLEngine.bundle/GLEngine at 0x00007fff8e3d0000
RBX=0x0000000000000006 is an unknown value
RCX=0x0000000000000003 is an unknown value
RDX=0x00007fff8e52c518: gleRunVertexSubmitImmediate+0x2d68 in /System/Library/Frameworks/OpenGL.framework/Versions/A/Resources/GLEngine.bundle/GLEngine at 0x00007fff8e3d0000
RSP=0x00007fff5e2b4ae0 is pointing into the stack for thread: 0x00007fd2fc80a000
RBP=0x00007fff5e2b4d30 is pointing into the stack for thread: 0x00007fd2fc80a000
RSI=0x0000000000000000 is an unknown value
RDI=0x0000000000001000 is an unknown value
R8 =0x0000000000001000 is an unknown value
R9 =0x00007fd300800000 is an unknown value
R10=0x00007fd2fd090f30 is an unknown value
R11=0x00007fd300800000 is an unknown value
R12=0x0000000000000003 is an unknown value
R13=0x0000000001009803 is an unknown value
R14=0x00007fd300800000 is an unknown value
R15=0x0000000000000001 is an unknown value


Stack: [0x00007fff5dab8000,0x00007fff5e2b8000],  sp=0x00007fff5e2b4ae0,  free space=8178k
Native frames: (J=compiled Java code, j=interpreted, Vv=VM code, C=native code)
C  [GLEngine+0x15bacc]  gleRunVertexSubmitImmediate+0x231c
C  [GLEngine+0x288ce]  glDrawArrays_Exec+0x272
j  org.lwjgl.opengl.GL11.nglDrawArrays(IIIJ)V+0
j  org.lwjgl.opengl.GL11.glDrawArrays(III)V+11
j  com.maxbilbow.aicubo.VertexBufferTest.render()V+58
j  com.maxbilbow.aicubo.VertexBufferTest.enterGameLoop()V+72
j  com.maxbilbow.aicubo.VertexBufferTest.main([Ljava/lang/String;)V+3
v  ~StubRoutines::call_stub
V  [libjvm.dylib+0x2d4516]  JavaCalls::call_helper(JavaValue*, methodHandle*, JavaCallArguments*, Thread*)+0x6ae
V  [libjvm.dylib+0x30958b]  jni_invoke_static(JNIEnv_*, JavaValue*, _jobject*, JNICallType, _jmethodID*, JNI_ArgumentPusher*, Thread*)+0x1bf
V  [libjvm.dylib+0x302785]  jni_CallStaticVoidMethod+0x15d
C  [java+0x2c82]  JavaMain+0x998
C  [java+0x4848]  -[JavaLaunchHelper launchJava:]+0x2a
C  [Foundation+0x92dd0]  __NSThreadPerformPerform+0x125
C  [CoreFoundation+0x80a01]  __CFRUNLOOP_IS_CALLING_OUT_TO_A_SOURCE0_PERFORM_FUNCTION__+0x11
C  [CoreFoundation+0x72b8d]  __CFRunLoopDoSources0+0x10d
C  [CoreFoundation+0x721bf]  __CFRunLoopRun+0x39f
C  [CoreFoundation+0x71bd8]  CFRunLoopRunSpecific+0x128
C  [java+0x56cc]  CreateExecutionEnvironment+0x367
C  [java+0x165c]  JLI_Launch+0x7a0
C  [java+0x768a]  main+0x65
C  [java+0xeb4]  start+0x34
C  0x0000000000000007

Java frames: (J=compiled Java code, j=interpreted, Vv=VM code)
j  org.lwjgl.opengl.GL11.nglDrawArrays(IIIJ)V+0
j  org.lwjgl.opengl.GL11.glDrawArrays(III)V+11
j  com.maxbilbow.aicubo.VertexBufferTest.render()V+58
j  com.maxbilbow.aicubo.VertexBufferTest.enterGameLoop()V+72
j  com.maxbilbow.aicubo.VertexBufferTest.main([Ljava/lang/String;)V+3
v  ~StubRoutines::call_stub

---------------  P R O C E S S  ---------------

Java Threads: ( => current thread )
  0x00007fd2fc852800 JavaThread "Service Thread" daemon [_thread_blocked, id=20227, stack(0x0000000121457000,0x0000000121557000)]
  0x00007fd2fc838000 JavaThread "C1 CompilerThread3" daemon [_thread_blocked, id=19715, stack(0x0000000121354000,0x0000000121454000)]
  0x00007fd2fe04c000 JavaThread "C2 CompilerThread2" daemon [_thread_blocked, id=19203, stack(0x0000000121251000,0x0000000121351000)]
  0x00007fd2fc825800 JavaThread "C2 CompilerThread1" daemon [_thread_blocked, id=18691, stack(0x000000012114e000,0x000000012124e000)]
  0x00007fd2fe04b800 JavaThread "C2 CompilerThread0" daemon [_thread_blocked, id=18179, stack(0x000000012104b000,0x000000012114b000)]
  0x00007fd2fd818800 JavaThread "Signal Dispatcher" daemon [_thread_blocked, id=17675, stack(0x0000000120f48000,0x0000000121048000)]
  0x00007fd2fd80e000 JavaThread "Finalizer" daemon [_thread_blocked, id=13571, stack(0x000000011f4a2000,0x000000011f5a2000)]
  0x00007fd2fd80d800 JavaThread "Reference Handler" daemon [_thread_blocked, id=13059, stack(0x000000011f39f000,0x000000011f49f000)]
=>0x00007fd2fc80a000 JavaThread "main" [_thread_in_native, id=1811, stack(0x00007fff5dab8000,0x00007fff5e2b8000)]

Other Threads:
  0x00007fd2fd808800 VMThread [stack: 0x000000011f29c000,0x000000011f39c000] [id=12547]
  0x00007fd2fc837000 WatcherThread [stack: 0x000000012155a000,0x000000012165a000] [id=20739]

VM state:not at safepoint (normal execution)

VM Mutex/Monitor currently owned by a thread: None

Heap:
 PSYoungGen      total 76288K, used 17040K [0x000000076ab00000, 0x0000000770000000, 0x00000007c0000000)
  eden space 65536K, 26% used [0x000000076ab00000,0x000000076bba4030,0x000000076eb00000)
  from space 10752K, 0% used [0x000000076f580000,0x000000076f580000,0x0000000770000000)
  to   space 10752K, 0% used [0x000000076eb00000,0x000000076eb00000,0x000000076f580000)
 ParOldGen       total 175104K, used 0K [0x00000006c0000000, 0x00000006cab00000, 0x000000076ab00000)
  object space 175104K, 0% used [0x00000006c0000000,0x00000006c0000000,0x00000006cab00000)
 Metaspace       used 8670K, capacity 8834K, committed 9088K, reserved 1056768K
  class space    used 729K, capacity 781K, committed 896K, reserved 1048576K

Card table byte_map: [0x0000000112edc000,0x00000001136dd000] byte_map_base: 0x000000010f8dc000

Marking Bits: (ParMarkBitMap*) 0x000000010349d390
 Begin Bits: [0x0000000114348000, 0x0000000118348000)
 End Bits:   [0x0000000118348000, 0x000000011c348000)

Polling page: 0x0000000101aa0000

CodeCache: size=245760Kb used=2394Kb max_used=2394Kb free=243365Kb
 bounds [0x0000000103b1c000, 0x0000000103d8c000, 0x0000000112b1c000]
 total_blobs=1107 nmethods=540 adapters=482
 compilation: enabled

Compilation events (10 events):
Event: 2.942 Thread 0x00007fd2fc838000  533       3       sun.misc.ASCIICaseInsensitiveComparator::isUpper (18 bytes)
Event: 2.942 Thread 0x00007fd2fc838000 nmethod 533 0x0000000103d6df10 code [0x0000000103d6e080, 0x0000000103d6e230]
Event: 2.942 Thread 0x00007fd2fe04c000 nmethod 515 0x0000000103d6e290 code [0x0000000103d6e420, 0x0000000103d6e8f8]
Event: 2.944 Thread 0x00007fd2fc825800 nmethod 531 0x0000000103d6ad90 code [0x0000000103d6af00, 0x0000000103d6b2d8]
Event: 2.947 Thread 0x00007fd2fc838000  534       3       java.util.TimeZone::getDefaultRef (32 bytes)
Event: 2.947 Thread 0x00007fd2fc838000 nmethod 534 0x0000000103d70110 code [0x0000000103d70280, 0x0000000103d70448]
Event: 2.947 Thread 0x00007fd2fc838000  535       3       java.lang.Class::getEnclosingMethodInfo (21 bytes)
Event: 2.947 Thread 0x00007fd2fc838000 nmethod 535 0x0000000103d6f8d0 code [0x0000000103d6fa60, 0x0000000103d6fcb8]
Event: 2.949 Thread 0x00007fd2fc838000  538   !   3       java.net.URLClassLoader::defineClass (224 bytes)
Event: 2.951 Thread 0x00007fd2fc838000 nmethod 538 0x0000000103d706d0 code [0x0000000103d70b00, 0x0000000103d73748]

GC Heap History (0 events):
No events

Deoptimization events (0 events):
No events

Internal exceptions (10 events):
Event: 2.943 Thread 0x00007fd2fc80a000 Exception <a 'java/security/PrivilegedActionException'> (0x000000076baa8b60) thrown at [/HUDSON3/workspace/8-2-build-macosx-x86_64/jdk8u25/1514/hotspot/src/share/vm/prims/jvm.cpp, line 1312]
Event: 2.943 Thread 0x00007fd2fc80a000 Exception <a 'java/security/PrivilegedActionException'> (0x000000076baae2b8) thrown at [/HUDSON3/workspace/8-2-build-macosx-x86_64/jdk8u25/1514/hotspot/src/share/vm/prims/jvm.cpp, line 1312]
Event: 2.943 Thread 0x00007fd2fc80a000 Exception <a 'java/security/PrivilegedActionException'> (0x000000076bab0f30) thrown at [/HUDSON3/workspace/8-2-build-macosx-x86_64/jdk8u25/1514/hotspot/src/share/vm/prims/jvm.cpp, line 1312]
Event: 2.945 Thread 0x00007fd2fc80a000 Exception <a 'java/security/PrivilegedActionException'> (0x000000076babfab8) thrown at [/HUDSON3/workspace/8-2-build-macosx-x86_64/jdk8u25/1514/hotspot/src/share/vm/prims/jvm.cpp, line 1312]
Event: 2.945 Thread 0x00007fd2fc80a000 Exception <a 'java/security/PrivilegedActionException'> (0x000000076bac4ca8) thrown at [/HUDSON3/workspace/8-2-build-macosx-x86_64/jdk8u25/1514/hotspot/src/share/vm/prims/jvm.cpp, line 1312]
Event: 2.946 Thread 0x00007fd2fc80a000 Exception <a 'java/security/PrivilegedActionException'> (0x000000076baeaf50) thrown at [/HUDSON3/workspace/8-2-build-macosx-x86_64/jdk8u25/1514/hotspot/src/share/vm/prims/jvm.cpp, line 1312]
Event: 2.946 Thread 0x00007fd2fc80a000 Exception <a 'java/security/PrivilegedActionException'> (0x000000076baedae0) thrown at [/HUDSON3/workspace/8-2-build-macosx-x86_64/jdk8u25/1514/hotspot/src/share/vm/prims/jvm.cpp, line 1312]
Event: 2.946 Thread 0x00007fd2fc80a000 Exception <a 'java/security/PrivilegedActionException'> (0x000000076baf45f0) thrown at [/HUDSON3/workspace/8-2-build-macosx-x86_64/jdk8u25/1514/hotspot/src/share/vm/prims/jvm.cpp, line 1312]
Event: 2.946 Thread 0x00007fd2fc80a000 Exception <a 'java/security/PrivilegedActionException'> (0x000000076bafb810) thrown at [/HUDSON3/workspace/8-2-build-macosx-x86_64/jdk8u25/1514/hotspot/src/share/vm/prims/jvm.cpp, line 1312]
Event: 2.956 Thread 0x00007fd2fc80a000 Exception <a 'java/security/PrivilegedActionException'> (0x000000076bb1fe20) thrown at [/HUDSON3/workspace/8-2-build-macosx-x86_64/jdk8u25/1514/hotspot/src/share/vm/prims/jvm.cpp, line 1312]

Events (10 events):
Event: 2.948 loading class javax/vecmath/Tuple4d
Event: 2.948 loading class javax/vecmath/Tuple4d done
Event: 2.951 loading class javax/vecmath/Quat4d
Event: 2.951 loading class javax/vecmath/Quat4d done
Event: 2.951 loading class java/lang/ArrayIndexOutOfBoundsException
Event: 2.951 loading class java/lang/ArrayIndexOutOfBoundsException done
Event: 2.953 loading class javax/vecmath/SingularMatrixException
Event: 2.953 loading class javax/vecmath/SingularMatrixException done
Event: 2.956 loading class org/lwjgl/opengl/GLChecks
Event: 2.956 loading class org/lwjgl/opengl/GLChecks done


Dynamic libraries:
0x000000000d507000 	/System/Library/Frameworks/Cocoa.framework/Versions/A/Cocoa
0x000000000d507000 	/System/Library/Frameworks/Security.framework/Versions/A/Security
0x000000000d507000 	/System/Library/Frameworks/ApplicationServices.framework/Versions/A/ApplicationServices
0x000000000d507000 	/usr/lib/libz.1.dylib
0x000000000d507000 	/usr/lib/libSystem.B.dylib
0x000000000d507000 	/usr/lib/libobjc.A.dylib
0x000000000d507000 	/System/Library/Frameworks/CoreFoundation.framework/Versions/A/CoreFoundation
0x000000000d507000 	/System/Library/Frameworks/Foundation.framework/Versions/C/Foundation
0x000000000d507000 	/System/Library/Frameworks/AppKit.framework/Versions/C/AppKit
0x000000000d507000 	/System/Library/Frameworks/CoreData.framework/Versions/A/CoreData
0x000000000d507000 	/System/Library/PrivateFrameworks/RemoteViewServices.framework/Versions/A/RemoteViewServices
0x000000000d507000 	/System/Library/PrivateFrameworks/UIFoundation.framework/Versions/A/UIFoundation
0x000000000d507000 	/System/Library/Frameworks/IOSurface.framework/Versions/A/IOSurface
0x000000000d507000 	/System/Library/Frameworks/AudioToolbox.framework/Versions/A/AudioToolbox
0x000000000d507000 	/System/Library/Frameworks/AudioUnit.framework/Versions/A/AudioUnit
0x000000000d507000 	/System/Library/PrivateFrameworks/DataDetectorsCore.framework/Versions/A/DataDetectorsCore
0x000000000d507000 	/System/Library/PrivateFrameworks/DesktopServicesPriv.framework/Versions/A/DesktopServicesPriv
0x000000000d507000 	/System/Library/Frameworks/Carbon.framework/Versions/A/Frameworks/HIToolbox.framework/Versions/A/HIToolbox
0x000000000d507000 	/System/Library/Frameworks/QuartzCore.framework/Versions/A/QuartzCore
0x000000000d507000 	/System/Library/Frameworks/Carbon.framework/Versions/A/Frameworks/SpeechRecognition.framework/Versions/A/SpeechRecognition
0x000000000d507000 	/usr/lib/libauto.dylib
0x000000000d507000 	/usr/lib/libicucore.A.dylib
0x000000000d507000 	/usr/lib/libxml2.2.dylib
0x000000000d507000 	/System/Library/PrivateFrameworks/CoreUI.framework/Versions/A/CoreUI
0x000000000d507000 	/System/Library/Frameworks/CoreAudio.framework/Versions/A/CoreAudio
0x000000000d507000 	/System/Library/Frameworks/DiskArbitration.framework/Versions/A/DiskArbitration
0x000000000d507000 	/usr/lib/liblangid.dylib
0x000000000d507000 	/System/Library/PrivateFrameworks/MultitouchSupport.framework/Versions/A/MultitouchSupport
0x000000000d507000 	/System/Library/Frameworks/IOKit.framework/Versions/A/IOKit
0x000000000d507000 	/usr/lib/libDiagnosticMessagesClient.dylib
0x000000000d507000 	/System/Library/Frameworks/CoreServices.framework/Versions/A/CoreServices
0x000000000d507000 	/System/Library/PrivateFrameworks/PerformanceAnalysis.framework/Versions/A/PerformanceAnalysis
0x000000000d507000 	/System/Library/PrivateFrameworks/GenerationalStorage.framework/Versions/A/GenerationalStorage
0x000000000d507000 	/System/Library/Frameworks/OpenGL.framework/Versions/A/OpenGL
0x000000000d507000 	/System/Library/PrivateFrameworks/Sharing.framework/Versions/A/Sharing
0x000000000d507000 	/System/Library/Frameworks/CoreGraphics.framework/Versions/A/CoreGraphics
0x000000000d507000 	/System/Library/Frameworks/CoreText.framework/Versions/A/CoreText
0x000000000d507000 	/System/Library/Frameworks/ImageIO.framework/Versions/A/ImageIO
0x000000000d507000 	/usr/lib/libextension.dylib
0x000000000d507000 	/System/Library/PrivateFrameworks/Backup.framework/Versions/A/Backup
0x000000000d507000 	/usr/lib/libarchive.2.dylib
0x000000000d507000 	/System/Library/Frameworks/CFNetwork.framework/Versions/A/CFNetwork
0x000000000d507000 	/System/Library/Frameworks/SystemConfiguration.framework/Versions/A/SystemConfiguration
0x000000000d507000 	/usr/lib/libCRFSuite.dylib
0x000000000d507000 	/usr/lib/libc++.1.dylib
0x000000000d507000 	/usr/lib/libc++abi.dylib
0x000000000d507000 	/usr/lib/system/libcache.dylib
0x000000000d507000 	/usr/lib/system/libcommonCrypto.dylib
0x000000000d507000 	/usr/lib/system/libcompiler_rt.dylib
0x000000000d507000 	/usr/lib/system/libcopyfile.dylib
0x000000000d507000 	/usr/lib/system/libcorecrypto.dylib
0x000000000d507000 	/usr/lib/system/libdispatch.dylib
0x000000000d507000 	/usr/lib/system/libdyld.dylib
0x000000000d507000 	/usr/lib/system/libkeymgr.dylib
0x000000000d507000 	/usr/lib/system/liblaunch.dylib
0x000000000d507000 	/usr/lib/system/libmacho.dylib
0x000000000d507000 	/usr/lib/system/libquarantine.dylib
0x000000000d507000 	/usr/lib/system/libremovefile.dylib
0x000000000d507000 	/usr/lib/system/libsystem_asl.dylib
0x000000000d507000 	/usr/lib/system/libsystem_blocks.dylib
0x000000000d507000 	/usr/lib/system/libsystem_c.dylib
0x000000000d507000 	/usr/lib/system/libsystem_configuration.dylib
0x000000000d507000 	/usr/lib/system/libsystem_coreservices.dylib
0x000000000d507000 	/usr/lib/system/libsystem_coretls.dylib
0x000000000d507000 	/usr/lib/system/libsystem_dnssd.dylib
0x000000000d507000 	/usr/lib/system/libsystem_info.dylib
0x000000000d507000 	/usr/lib/system/libsystem_kernel.dylib
0x000000000d507000 	/usr/lib/system/libsystem_m.dylib
0x000000000d507000 	/usr/lib/system/libsystem_malloc.dylib
0x000000000d507000 	/usr/lib/system/libsystem_network.dylib
0x000000000d507000 	/usr/lib/system/libsystem_networkextension.dylib
0x000000000d507000 	/usr/lib/system/libsystem_notify.dylib
0x000000000d507000 	/usr/lib/system/libsystem_platform.dylib
0x000000000d507000 	/usr/lib/system/libsystem_pthread.dylib
0x000000000d507000 	/usr/lib/system/libsystem_sandbox.dylib
0x000000000d507000 	/usr/lib/system/libsystem_secinit.dylib
0x000000000d507000 	/usr/lib/system/libsystem_stats.dylib
0x000000000d507000 	/usr/lib/system/libsystem_trace.dylib
0x000000000d507000 	/usr/lib/system/libunc.dylib
0x000000000d507000 	/usr/lib/system/libunwind.dylib
0x000000000d507000 	/usr/lib/system/libxpc.dylib
0x000000000d507000 	/usr/lib/libbz2.1.0.dylib
0x000000000d507000 	/usr/lib/liblzma.5.dylib
0x000000000d507000 	/usr/lib/libbsm.0.dylib
0x000000000d507000 	/usr/lib/libsqlite3.dylib
0x000000000d507000 	/usr/lib/system/libkxld.dylib
0x000000000d507000 	/usr/lib/libxar.1.dylib
0x000000000d507000 	/usr/lib/libpam.2.dylib
0x000000000d507000 	/usr/lib/libOpenScriptingUtil.dylib
0x000000000d507000 	/System/Library/Frameworks/CoreServices.framework/Versions/A/Frameworks/FSEvents.framework/Versions/A/FSEvents
0x000000000d507000 	/System/Library/Frameworks/CoreServices.framework/Versions/A/Frameworks/CarbonCore.framework/Versions/A/CarbonCore
0x000000000d507000 	/System/Library/Frameworks/CoreServices.framework/Versions/A/Frameworks/Metadata.framework/Versions/A/Metadata
0x000000000d507000 	/System/Library/Frameworks/CoreServices.framework/Versions/A/Frameworks/OSServices.framework/Versions/A/OSServices
0x000000000d507000 	/System/Library/Frameworks/CoreServices.framework/Versions/A/Frameworks/SearchKit.framework/Versions/A/SearchKit
0x000000000d507000 	/System/Library/Frameworks/CoreServices.framework/Versions/A/Frameworks/AE.framework/Versions/A/AE
0x000000000d507000 	/System/Library/Frameworks/CoreServices.framework/Versions/A/Frameworks/LaunchServices.framework/Versions/A/LaunchServices
0x000000000d507000 	/System/Library/Frameworks/CoreServices.framework/Versions/A/Frameworks/DictionaryServices.framework/Versions/A/DictionaryServices
0x000000000d507000 	/System/Library/Frameworks/NetFS.framework/Versions/A/NetFS
0x000000000d507000 	/System/Library/PrivateFrameworks/NetAuth.framework/Versions/A/NetAuth
0x000000000d507000 	/System/Library/PrivateFrameworks/login.framework/Versions/A/Frameworks/loginsupport.framework/Versions/A/loginsupport
0x000000000d507000 	/System/Library/PrivateFrameworks/TCC.framework/Versions/A/TCC
0x000000000d507000 	/usr/lib/libmecabra.dylib
0x000000000d507000 	/System/Library/Frameworks/ApplicationServices.framework/Versions/A/Frameworks/ATS.framework/Versions/A/ATS
0x000000000d507000 	/System/Library/Frameworks/ApplicationServices.framework/Versions/A/Frameworks/ColorSync.framework/Versions/A/ColorSync
0x000000000d507000 	/System/Library/Frameworks/ApplicationServices.framework/Versions/A/Frameworks/HIServices.framework/Versions/A/HIServices
0x000000000d507000 	/System/Library/Frameworks/ApplicationServices.framework/Versions/A/Frameworks/LangAnalysis.framework/Versions/A/LangAnalysis
0x000000000d507000 	/System/Library/Frameworks/ApplicationServices.framework/Versions/A/Frameworks/PrintCore.framework/Versions/A/PrintCore
0x000000000d507000 	/System/Library/Frameworks/ApplicationServices.framework/Versions/A/Frameworks/QD.framework/Versions/A/QD
0x000000000d507000 	/System/Library/Frameworks/ApplicationServices.framework/Versions/A/Frameworks/SpeechSynthesis.framework/Versions/A/SpeechSynthesis
0x000000000d507000 	/System/Library/Frameworks/Accelerate.framework/Versions/A/Accelerate
0x000000000d507000 	/System/Library/Frameworks/Accelerate.framework/Versions/A/Frameworks/vImage.framework/Versions/A/vImage
0x000000000d507000 	/System/Library/Frameworks/Accelerate.framework/Versions/A/Frameworks/vecLib.framework/Versions/A/vecLib
0x000000000d507000 	/System/Library/Frameworks/Accelerate.framework/Versions/A/Frameworks/vecLib.framework/Versions/A/libvDSP.dylib
0x000000000d507000 	/System/Library/Frameworks/Accelerate.framework/Versions/A/Frameworks/vecLib.framework/Versions/A/libvMisc.dylib
0x000000000d507000 	/System/Library/Frameworks/Accelerate.framework/Versions/A/Frameworks/vecLib.framework/Versions/A/libLAPACK.dylib
0x000000000d507000 	/System/Library/Frameworks/Accelerate.framework/Versions/A/Frameworks/vecLib.framework/Versions/A/libBLAS.dylib
0x000000000d507000 	/System/Library/Frameworks/Accelerate.framework/Versions/A/Frameworks/vecLib.framework/Versions/A/libLinearAlgebra.dylib
0x000000000d507000 	/System/Library/Frameworks/ApplicationServices.framework/Versions/A/Frameworks/ATS.framework/Versions/A/Resources/libFontParser.dylib
0x000000000d507000 	/System/Library/Frameworks/ApplicationServices.framework/Versions/A/Frameworks/ATS.framework/Versions/A/Resources/libFontRegistry.dylib
0x000000000d507000 	/System/Library/PrivateFrameworks/AppleVPA.framework/Versions/A/AppleVPA
0x000000000d507000 	/System/Library/PrivateFrameworks/AppleJPEG.framework/Versions/A/AppleJPEG
0x000000000d507000 	/System/Library/Frameworks/ImageIO.framework/Versions/A/Resources/libJPEG.dylib
0x000000000d507000 	/System/Library/Frameworks/ImageIO.framework/Versions/A/Resources/libTIFF.dylib
0x000000000d507000 	/System/Library/Frameworks/ImageIO.framework/Versions/A/Resources/libPng.dylib
0x000000000d507000 	/System/Library/Frameworks/ImageIO.framework/Versions/A/Resources/libGIF.dylib
0x000000000d507000 	/System/Library/Frameworks/ImageIO.framework/Versions/A/Resources/libJP2.dylib
0x000000000d507000 	/System/Library/Frameworks/ImageIO.framework/Versions/A/Resources/libRadiance.dylib
0x000000000d507000 	/System/Library/Frameworks/CoreVideo.framework/Versions/A/CoreVideo
0x000000000d507000 	/System/Library/Frameworks/OpenGL.framework/Versions/A/Libraries/libGLU.dylib
0x000000000d507000 	/System/Library/Frameworks/OpenGL.framework/Versions/A/Libraries/libGFXShared.dylib
0x000000000d507000 	/System/Library/Frameworks/OpenGL.framework/Versions/A/Libraries/libGL.dylib
0x000000000d507000 	/System/Library/Frameworks/OpenGL.framework/Versions/A/Libraries/libGLImage.dylib
0x000000000d507000 	/System/Library/Frameworks/OpenGL.framework/Versions/A/Libraries/libCVMSPluginSupport.dylib
0x000000000d507000 	/System/Library/Frameworks/OpenGL.framework/Versions/A/Libraries/libCoreVMClient.dylib
0x000000000d507000 	/usr/lib/libcups.2.dylib
0x000000000d507000 	/System/Library/Frameworks/Kerberos.framework/Versions/A/Kerberos
0x000000000d507000 	/System/Library/Frameworks/GSS.framework/Versions/A/GSS
0x000000000d507000 	/usr/lib/libresolv.9.dylib
0x000000000d507000 	/usr/lib/libiconv.2.dylib
0x000000000d507000 	/System/Library/PrivateFrameworks/Heimdal.framework/Versions/A/Heimdal
0x000000000d507000 	/usr/lib/libheimdal-asn1.dylib
0x000000000d507000 	/System/Library/Frameworks/OpenDirectory.framework/Versions/A/OpenDirectory
0x000000000d507000 	/System/Library/PrivateFrameworks/CommonAuth.framework/Versions/A/CommonAuth
0x000000000d507000 	/System/Library/Frameworks/OpenDirectory.framework/Versions/A/Frameworks/CFOpenDirectory.framework/Versions/A/CFOpenDirectory
0x000000000d507000 	/System/Library/Frameworks/SecurityFoundation.framework/Versions/A/SecurityFoundation
0x000000000d507000 	/System/Library/PrivateFrameworks/LanguageModeling.framework/Versions/A/LanguageModeling
0x000000000d507000 	/usr/lib/libcmph.dylib
0x000000000d507000 	/System/Library/Frameworks/ServiceManagement.framework/Versions/A/ServiceManagement
0x000000000d507000 	/usr/lib/libxslt.1.dylib
0x000000000d507000 	/System/Library/Frameworks/Carbon.framework/Versions/A/Frameworks/Ink.framework/Versions/A/Ink
0x000000000d507000 	/System/Library/Frameworks/QuartzCore.framework/Versions/A/Frameworks/CoreImage.framework/Versions/A/CoreImage
0x000000000d507000 	/System/Library/PrivateFrameworks/CrashReporterSupport.framework/Versions/A/CrashReporterSupport
0x000000000d507000 	/System/Library/Frameworks/OpenCL.framework/Versions/A/OpenCL
0x000000000d507000 	/System/Library/PrivateFrameworks/FaceCore.framework/Versions/A/FaceCore
0x000000000d507000 	/System/Library/PrivateFrameworks/Ubiquity.framework/Versions/A/Ubiquity
0x000000000d507000 	/System/Library/PrivateFrameworks/IconServices.framework/Versions/A/IconServices
0x000000000d507000 	/System/Library/PrivateFrameworks/ChunkingLibrary.framework/Versions/A/ChunkingLibrary
0x000000000d507000 	/System/Library/PrivateFrameworks/Apple80211.framework/Versions/A/Apple80211
0x000000000d507000 	/System/Library/Frameworks/CoreWLAN.framework/Versions/A/CoreWLAN
0x000000000d507000 	/System/Library/Frameworks/IOBluetooth.framework/Versions/A/IOBluetooth
0x000000000d507000 	/System/Library/PrivateFrameworks/CoreWiFi.framework/Versions/A/CoreWiFi
0x000000000d507000 	/System/Library/Frameworks/CoreBluetooth.framework/Versions/A/CoreBluetooth
0x000000000d507000 	/System/Library/PrivateFrameworks/DebugSymbols.framework/Versions/A/DebugSymbols
0x000000000d507000 	/System/Library/PrivateFrameworks/CoreSymbolication.framework/Versions/A/CoreSymbolication
0x000000000d507000 	/System/Library/PrivateFrameworks/Symbolication.framework/Versions/A/Symbolication
0x000000000d507000 	/System/Library/PrivateFrameworks/SpeechRecognitionCore.framework/Versions/A/SpeechRecognitionCore
0x0000000102c00000 	/Library/Java/JavaVirtualMachines/jdk1.8.0_25.jdk/Contents/Home/jre/lib/server/libjvm.dylib
0x000000000d507000 	/usr/lib/libstdc++.6.dylib
0x0000000101a5e000 	/Library/Java/JavaVirtualMachines/jdk1.8.0_25.jdk/Contents/Home/jre/lib/libverify.dylib
0x0000000101a6c000 	/Library/Java/JavaVirtualMachines/jdk1.8.0_25.jdk/Contents/Home/jre/lib/libjava.dylib
0x0000000101aa9000 	/Library/Java/JavaVirtualMachines/jdk1.8.0_25.jdk/Contents/Home/jre/lib/libzip.dylib
0x000000011f5a4000 	/System/Library/Frameworks/JavaVM.framework/Frameworks/JavaRuntimeSupport.framework/JavaRuntimeSupport
0x000000011f5bc000 	/System/Library/Frameworks/JavaVM.framework/Versions/A/Frameworks/JavaNativeFoundation.framework/Versions/A/JavaNativeFoundation
0x000000011f5d1000 	/System/Library/Frameworks/JavaVM.framework/Versions/A/JavaVM
0x000000000d507000 	/System/Library/Frameworks/Carbon.framework/Versions/A/Carbon
0x000000011f5de000 	/System/Library/PrivateFrameworks/JavaLaunching.framework/Versions/A/JavaLaunching
0x000000000d507000 	/System/Library/Frameworks/Carbon.framework/Versions/A/Frameworks/CommonPanels.framework/Versions/A/CommonPanels
0x000000000d507000 	/System/Library/Frameworks/Carbon.framework/Versions/A/Frameworks/Help.framework/Versions/A/Help
0x000000000d507000 	/System/Library/Frameworks/Carbon.framework/Versions/A/Frameworks/ImageCapture.framework/Versions/A/ImageCapture
0x000000000d507000 	/System/Library/Frameworks/Carbon.framework/Versions/A/Frameworks/OpenScripting.framework/Versions/A/OpenScripting
0x000000000d507000 	/System/Library/Frameworks/Carbon.framework/Versions/A/Frameworks/Print.framework/Versions/A/Print
0x000000000d507000 	/System/Library/Frameworks/Carbon.framework/Versions/A/Frameworks/SecurityHI.framework/Versions/A/SecurityHI
0x00000001216a9000 	/Users/rattle/Gits/AiCubo-Java/AiCubo/lib/lwjgl/native/liblwjgl.dylib
0x000000000d507000 	/System/Library/PrivateFrameworks/CoreServicesInternal.framework/Versions/A/CoreServicesInternal
0x000000000d507000 	/System/Library/Frameworks/CoreGraphics.framework/Versions/A/Resources/libCGCMS.A.dylib
0x000000000d507000 	/System/Library/PrivateFrameworks/CloudDocs.framework/Versions/A/CloudDocs
0x000000000d507000 	/System/Library/PrivateFrameworks/CoreDuet.framework/Versions/A/CoreDuet
0x000000000d507000 	/System/Library/Frameworks/CloudKit.framework/Versions/A/CloudKit
0x000000000d507000 	/System/Library/PrivateFrameworks/ProtocolBuffer.framework/Versions/A/ProtocolBuffer
0x000000000d507000 	/System/Library/PrivateFrameworks/CoreDuetDaemonProtocol.framework/Versions/A/CoreDuetDaemonProtocol
0x000000000d507000 	/System/Library/PrivateFrameworks/CoreDuetDebugLogging.framework/Versions/A/CoreDuetDebugLogging
0x000000000d507000 	/System/Library/PrivateFrameworks/MMCS.framework/Versions/A/MMCS
0x000000000d507000 	/System/Library/Frameworks/CoreLocation.framework/Versions/A/CoreLocation
0x000000000d507000 	/System/Library/PrivateFrameworks/ProtectedCloudStorage.framework/Versions/A/ProtectedCloudStorage
0x000000000d507000 	/System/Library/PrivateFrameworks/GeoServices.framework/Versions/A/GeoServices
0x000000000d507000 	/System/Library/PrivateFrameworks/FamilyControls.framework/Versions/A/FamilyControls
0x000000000d507000 	/System/Library/PrivateFrameworks/CommerceKit.framework/Versions/A/Frameworks/CommerceCore.framework/Versions/A/CommerceCore
0x000000000d507000 	/System/Library/PrivateFrameworks/SystemAdministration.framework/Versions/A/SystemAdministration
0x000000000d507000 	/System/Library/PrivateFrameworks/AppContainer.framework/Versions/A/AppContainer
0x000000000d507000 	/System/Library/PrivateFrameworks/SecCodeWrapper.framework/Versions/A/SecCodeWrapper
0x000000000d507000 	/System/Library/Frameworks/DirectoryService.framework/Versions/A/DirectoryService
0x000000000d507000 	/System/Library/PrivateFrameworks/DiskImages.framework/Versions/A/DiskImages
0x000000000d507000 	/System/Library/PrivateFrameworks/LoginUIKit.framework/Versions/A/Frameworks/LoginUICore.framework/Versions/A/LoginUICore
0x000000000d507000 	/usr/lib/libCoreStorage.dylib
0x000000000d507000 	/usr/lib/libcsfde.dylib
0x000000000d507000 	/usr/lib/libodfde.dylib
0x000000000d507000 	/System/Library/Frameworks/DiscRecording.framework/Versions/A/DiscRecording
0x000000000d507000 	/usr/lib/libcurl.4.dylib
0x000000000d507000 	/System/Library/PrivateFrameworks/MediaKit.framework/Versions/A/MediaKit
0x000000000d507000 	/System/Library/PrivateFrameworks/EFILogin.framework/Versions/A/EFILogin
0x000000000d507000 	/usr/lib/libutil.dylib
0x000000000d507000 	/System/Library/PrivateFrameworks/FindMyDevice.framework/Versions/A/FindMyDevice
0x000000000d507000 	/System/Library/Frameworks/LDAP.framework/Versions/A/LDAP
0x000000000d507000 	/usr/lib/libsasl2.2.dylib
0x000000000d507000 	/System/Library/PrivateFrameworks/CoreDaemon.framework/Versions/B/CoreDaemon
0x000000000d507000 	/usr/lib/libcrypto.0.9.8.dylib
0x000000000d507000 	/System/Library/PrivateFrameworks/AppleSRP.framework/Versions/A/AppleSRP
0x000000000d507000 	/System/Library/PrivateFrameworks/TrustEvaluationAgent.framework/Versions/A/TrustEvaluationAgent
0x000000000d507000 	/System/Library/Frameworks/CoreGraphics.framework/Versions/A/Resources/libCGXType.A.dylib
0x000000000d507000 	/System/Library/Frameworks/CoreGraphics.framework/Versions/A/Resources/libRIP.A.dylib
0x000000000d507000 	/System/Library/Frameworks/OpenCL.framework/Versions/A/Libraries/libcldcpuengine.dylib
0x0000000125cf5000 	cl_kernels
0x0000000125cf7000 	/System/Library/Frameworks/OpenCL.framework/Versions/A/Libraries/ImageFormats/unorm8_bgra.dylib
0x0000000125ce6000 	cl_kernels
0x000000000d507000 	/System/Library/Frameworks/OpenGL.framework/Versions/A/Resources/GLEngine.bundle/GLEngine
0x000000000d507000 	/System/Library/Frameworks/OpenGL.framework/Versions/A/Libraries/libGLProgrammability.dylib
0x0000000000000000 	/System/Library/Extensions/GeForceGLDriver.bundle/Contents/MacOS/GeForceGLDriver
0x000000000d507000 	/System/Library/Extensions/GeForceGLDriver.bundle/Contents/MacOS/libclh.dylib
0x000000000d507000 	/System/Library/PrivateFrameworks/IOAccelerator.framework/Versions/A/IOAccelerator
0x000000000d507000 	/System/Library/PrivateFrameworks/GPUSupport.framework/Versions/A/Libraries/libGPUSupportMercury.dylib
0x000000000d507000 	/System/Library/Frameworks/OpenGL.framework/Versions/A/Resources/GLRendererFloat.bundle/GLRendererFloat

VM Arguments:
jvm_args: -Djava.library.path=/Users/rattle/Gits/AiCubo-Java/AiCubo/lib/lwjgl/native -Dfile.encoding=UTF-8 
java_command: com.maxbilbow.aicubo.VertexBufferTest
java_class_path (initial): /Users/rattle/Gits/AiCubo-Java/AiCubo/bin:/Users/rattle/Gits/AiCubo-Java/AiCubo/lib/lwjgl/jar/lwjgl.jar:/Users/rattle/Gits/AiCubo-Java/AiCubo/lib/lwjgl/src.zip:/Users/rattle/Gits/AiCubo-Java/AiCubo/lib/lwjgl/doc/javadoc.zip:/Users/rattle/Gits/AiCubo-Java/AiCubo/lib/vecmath-1.5.1.jar:/Applications/Eclipse.app/Contents/Eclipse/plugins/org.junit_4.12.0.v201504281640/junit.jar:/Applications/Eclipse.app/Contents/Eclipse/plugins/org.hamcrest.core_1.3.0.v201303031735.jar
Launcher Type: SUN_STANDARD

Environment Variables:
PATH=/usr/bin:/bin:/usr/sbin:/sbin
SHELL=/bin/bash

Signal Handlers:
SIGSEGV: [libjvm.dylib+0x579dc7], sa_mask[0]=11111111011111110111111111111111, sa_flags=SA_ONSTACK|SA_RESTART|SA_SIGINFO
SIGBUS: [libjvm.dylib+0x579dc7], sa_mask[0]=11111111011111110111111111111111, sa_flags=SA_RESTART|SA_SIGINFO
SIGFPE: [libjvm.dylib+0x45b030], sa_mask[0]=11111111011111110111111111111111, sa_flags=SA_RESTART|SA_SIGINFO
SIGPIPE: [libjvm.dylib+0x45b030], sa_mask[0]=11111111011111110111111111111111, sa_flags=SA_RESTART|SA_SIGINFO
SIGXFSZ: [libjvm.dylib+0x45b030], sa_mask[0]=11111111011111110111111111111111, sa_flags=SA_RESTART|SA_SIGINFO
SIGILL: [libjvm.dylib+0x45b030], sa_mask[0]=11111111011111110111111111111111, sa_flags=SA_RESTART|SA_SIGINFO
SIGUSR1: SIG_DFL, sa_mask[0]=00000000000000000000000000000000, sa_flags=none
SIGUSR2: [libjvm.dylib+0x45ab4e], sa_mask[0]=00100000000000000000000000000000, sa_flags=SA_RESTART|SA_SIGINFO
SIGHUP: [libjvm.dylib+0x459121], sa_mask[0]=11111111011111110111111111111111, sa_flags=SA_RESTART|SA_SIGINFO
SIGINT: [libjvm.dylib+0x459121], sa_mask[0]=11111111011111110111111111111111, sa_flags=SA_RESTART|SA_SIGINFO
SIGTERM: [libjvm.dylib+0x459121], sa_mask[0]=11111111011111110111111111111111, sa_flags=SA_RESTART|SA_SIGINFO
SIGQUIT: [libjvm.dylib+0x459121], sa_mask[0]=11111111011111110111111111111111, sa_flags=SA_RESTART|SA_SIGINFO


---------------  S Y S T E M  ---------------

OS:Bsduname:Darwin 14.5.0 Darwin Kernel Version 14.5.0: Wed Jul 29 02:26:53 PDT 2015; root:xnu-2782.40.9~1/RELEASE_X86_64 x86_64
rlimit: STACK 8192k, CORE 0k, NPROC 709, NOFILE 10240, AS infinity
load average:0.53 0.48 0.57

CPU:total 8 (4 cores per cpu, 2 threads per core) family 6 model 58 stepping 9, cmov, cx8, fxsr, mmx, sse, sse2, sse3, ssse3, sse4.1, sse4.2, popcnt, avx, aes, clmul, erms, ht, tsc, tscinvbit, tscinv

Memory: 4k page, physical 16777216k(16444k free)

/proc/meminfo:


vm_info: Java HotSpot(TM) 64-Bit Server VM (25.25-b02) for bsd-amd64 JRE (1.8.0_25-b17), built on Sep 17 2014 16:56:50 by "java_re" with gcc 4.2.1 (Based on Apple Inc. build 5658) (LLVM build 2336.11.00)

time: Sun Aug 23 16:40:21 2015
elapsed time: 2 seconds (0d 0h 0m 2s)

