#
# A fatal error has been detected by the Java Runtime Environment:
#
#  SIGSEGV (0xb) at pc=0x00007fff8e52baee, pid=11512, tid=1811
#
# JRE version: Java(TM) SE Runtime Environment (8.0_25-b17) (build 1.8.0_25-b17)
# Java VM: Java HotSpot(TM) 64-Bit Server VM (25.25-b02 mixed mode bsd-amd64 compressed oops)
# Problematic frame:
# C  [GLEngine+0x15baee]  gleRunVertexSubmitImmediate+0x233e
#
# Failed to write core dump. Core dumps have been disabled. To enable core dumping, try "ulimit -c unlimited" before starting Java again
#
# If you would like to submit a bug report, please visit:
#   http://bugreport.sun.com/bugreport/crash.jsp
# The crash happened outside the Java Virtual Machine in native code.
# See problematic frame for where to report the bug.
#

---------------  T H R E A D  ---------------

Current thread (0x00007f89cc004000):  JavaThread "main" [_thread_in_native, id=1811, stack(0x00007fff5a68c000,0x00007fff5ae8c000)]

siginfo: si_signo: 11 (SIGSEGV), si_code: 1 (SEGV_MAPERR), si_addr: 0x0000000000000000

Registers:
RAX=0x00007fff8e52baee, RBX=0x0000000000000006, RCX=0x0000000000000000, RDX=0x00007fff8e52c518
RSP=0x00007fff5ae88ae0, RBP=0x00007fff5ae88d30, RSI=0x0000000000000000, RDI=0x0000000001009803
R8 =0x0000000001009803, R9 =0x00007f89cf800c00, R10=0x00007f89cad702c0, R11=0x00007f89cf800c00
R12=0x0000000000000004, R13=0x0000000001009803, R14=0x00007f89cf800c00, R15=0x0000000000000001
RIP=0x00007fff8e52baee, EFLAGS=0x0000000000010207, ERR=0x0000000000000004
  TRAPNO=0x000000000000000e

Top of Stack: (sp=0x00007fff5ae88ae0)
0x00007fff5ae88ae0:   0000000000000000 00007f89cc174f10
0x00007fff5ae88af0:   00007fff5ae88c20 00001234402f1b1b
0x00007fff5ae88b00:   0000000129452ad0 0000000129d78744
0x00007fff5ae88b10:   00007f89cc11c048 0000000000000080
0x00007fff5ae88b20:   0000000000001000 0000000129d78588
0x00007fff5ae88b30:   0000000000000001 000000000000007f
0x00007fff5ae88b40:   080000000007ff01 0000000000100003
0x00007fff5ae88b50:   0280000000000000 0000000129d56000
0x00007fff5ae88b60:   00007fff5ae88c50 000012344032abcb
0x00007fff5ae88b70:   0000000000000000 0000000000000000
0x00007fff5ae88b80:   0000000129d56000 0000000500000000
0x00007fff5ae88b90:   0000000129451000 00007f89cc14a800
0x00007fff5ae88ba0:   00007f89cf82aa68 00007f89cafc7f20
0x00007fff5ae88bb0:   00007f89cf800d40 00007f89cf800d70
0x00007fff5ae88bc0:   00007f89cf800d50 00007f89cf800d80
0x00007fff5ae88bd0:   00007f89cf800d60 00007f89cf800da0
0x00007fff5ae88be0:   0000000000000000 0000000000000000
0x00007fff5ae88bf0:   fffffffe00000002 0000000000000000
0x00007fff5ae88c00:   0000000000002013 0000000000000002
0x00007fff5ae88c10:   ffffffff00000000 0000000000000002
0x00007fff5ae88c20:   00007f89cf800d90 0000000000000006
0x00007fff5ae88c30:   00007fff7e7d1300 00007f89cf800c00
0x00007fff5ae88c40:   0000103400000000 0000000001009803
0x00007fff5ae88c50:   000000000402600c 0000000000000000
0x00007fff5ae88c60:   00007fff5ae88cdc 00007fff5ae88ce0
0x00007fff5ae88c70:   00007fff5ae88ce4 00007f89cad70228
0x00007fff5ae88c80:   0000000000000000 0000000000000000
0x00007fff5ae88c90:   0000000000000000 00007f89cad70228
0x00007fff5ae88ca0:   0000000000000009 00007f89cf800c00
0x00007fff5ae88cb0:   0000000000000000 00007f8900000000
0x00007fff5ae88cc0:   0000000000000000 0000000129c56000
0x00007fff5ae88cd0:   0000000129c560fc 0000000000000000 

Instructions: (pc=0x00007fff8e52baee)
0x00007fff8e52bace:   10 01 f3 0f 11 45 80 f3 0f 10 41 04 f3 0f 11 45
0x00007fff8e52bade:   84 f3 0f 10 41 08 f3 0f 11 45 88 e9 62 07 00 00
0x00007fff8e52baee:   f3 0f 10 01 f3 0f 11 45 80 f3 0f 10 41 04 f3 0f
0x00007fff8e52bafe:   11 45 84 f3 0f 10 41 08 f3 0f 11 45 88 f3 0f 10 

Register to memory mapping:

RAX=0x00007fff8e52baee: gleRunVertexSubmitImmediate+0x233e in /System/Library/Frameworks/OpenGL.framework/Versions/A/Resources/GLEngine.bundle/GLEngine at 0x00007fff8e3d0000
RBX=0x0000000000000006 is an unknown value
RCX=0x0000000000000000 is an unknown value
RDX=0x00007fff8e52c518: gleRunVertexSubmitImmediate+0x2d68 in /System/Library/Frameworks/OpenGL.framework/Versions/A/Resources/GLEngine.bundle/GLEngine at 0x00007fff8e3d0000
RSP=0x00007fff5ae88ae0 is pointing into the stack for thread: 0x00007f89cc004000
RBP=0x00007fff5ae88d30 is pointing into the stack for thread: 0x00007f89cc004000
RSI=0x0000000000000000 is an unknown value
RDI=0x0000000001009803 is an unknown value
R8 =0x0000000001009803 is an unknown value
R9 =0x00007f89cf800c00 is an unknown value
R10=0x00007f89cad702c0 is an unknown value
R11=0x00007f89cf800c00 is an unknown value
R12=0x0000000000000004 is an unknown value
R13=0x0000000001009803 is an unknown value
R14=0x00007f89cf800c00 is an unknown value
R15=0x0000000000000001 is an unknown value


Stack: [0x00007fff5a68c000,0x00007fff5ae8c000],  sp=0x00007fff5ae88ae0,  free space=8178k
Native frames: (J=compiled Java code, j=interpreted, Vv=VM code, C=native code)
C  [GLEngine+0x15baee]  gleRunVertexSubmitImmediate+0x233e
C  [GLEngine+0x288ce]  glDrawArrays_Exec+0x272
j  org.lwjgl.opengl.GL11.nglDrawArrays(IIIJ)V+0
j  org.lwjgl.opengl.GL11.glDrawArrays(III)V+11
j  com.maxbilbow.aicubo.VertexBufferTest.render()V+58
j  com.maxbilbow.aicubo.VertexBufferTest.enterGameLoop()V+99
j  com.maxbilbow.aicubo.VertexBufferTest.main([Ljava/lang/String;)V+3
v  ~StubRoutines::call_stub
V  [libjvm.dylib+0x2d4516]  JavaCalls::call_helper(JavaValue*, methodHandle*, JavaCallArguments*, Thread*)+0x6ae
V  [libjvm.dylib+0x30958b]  jni_invoke_static(JNIEnv_*, JavaValue*, _jobject*, JNICallType, _jmethodID*, JNI_ArgumentPusher*, Thread*)+0x1bf
V  [libjvm.dylib+0x302785]  jni_CallStaticVoidMethod+0x15d
C  [java+0x2c82]  JavaMain+0x998
C  [java+0x4848]  -[JavaLaunchHelper launchJava:]+0x2a
C  [Foundation+0x92dd0]  __NSThreadPerformPerform+0x125
C  [CoreFoundation+0x80a01]  __CFRUNLOOP_IS_CALLING_OUT_TO_A_SOURCE0_PERFORM_FUNCTION__+0x11
C  [CoreFoundation+0x72b8d]  __CFRunLoopDoSources0+0x10d
C  [CoreFoundation+0x721bf]  __CFRunLoopRun+0x39f
C  [CoreFoundation+0x71bd8]  CFRunLoopRunSpecific+0x128
C  [java+0x56cc]  CreateExecutionEnvironment+0x367
C  [java+0x165c]  JLI_Launch+0x7a0
C  [java+0x768a]  main+0x65
C  [java+0xeb4]  start+0x34
C  0x0000000000000007

Java frames: (J=compiled Java code, j=interpreted, Vv=VM code)
j  org.lwjgl.opengl.GL11.nglDrawArrays(IIIJ)V+0
j  org.lwjgl.opengl.GL11.glDrawArrays(III)V+11
j  com.maxbilbow.aicubo.VertexBufferTest.render()V+58
j  com.maxbilbow.aicubo.VertexBufferTest.enterGameLoop()V+99
j  com.maxbilbow.aicubo.VertexBufferTest.main([Ljava/lang/String;)V+3
v  ~StubRoutines::call_stub

---------------  P R O C E S S  ---------------

Java Threads: ( => current thread )
  0x00007f89ce050800 JavaThread "Service Thread" daemon [_thread_blocked, id=20227, stack(0x0000000124885000,0x0000000124985000)]
  0x00007f89cb013000 JavaThread "C1 CompilerThread3" daemon [_thread_blocked, id=19715, stack(0x0000000124782000,0x0000000124882000)]
  0x00007f89cb012800 JavaThread "C2 CompilerThread2" daemon [_thread_blocked, id=19203, stack(0x000000012467f000,0x000000012477f000)]
  0x00007f89ce02e000 JavaThread "C2 CompilerThread1" daemon [_thread_blocked, id=18691, stack(0x000000012457c000,0x000000012467c000)]
  0x00007f89cb011800 JavaThread "C2 CompilerThread0" daemon [_thread_blocked, id=18179, stack(0x0000000124479000,0x0000000124579000)]
  0x00007f89cb822000 JavaThread "Signal Dispatcher" daemon [_thread_blocked, id=14607, stack(0x0000000124376000,0x0000000124476000)]
  0x00007f89cc038000 JavaThread "Finalizer" daemon [_thread_blocked, id=13571, stack(0x00000001228ea000,0x00000001229ea000)]
  0x00007f89cc037800 JavaThread "Reference Handler" daemon [_thread_blocked, id=13059, stack(0x00000001227e7000,0x00000001228e7000)]
=>0x00007f89cc004000 JavaThread "main" [_thread_in_native, id=1811, stack(0x00007fff5a68c000,0x00007fff5ae8c000)]

Other Threads:
  0x00007f89cb804000 VMThread [stack: 0x00000001226e4000,0x00000001227e4000] [id=12547]
  0x00007f89ce007800 WatcherThread [stack: 0x0000000124988000,0x0000000124a88000] [id=20739]

VM state:not at safepoint (normal execution)

VM Mutex/Monitor currently owned by a thread: None

Heap:
 PSYoungGen      total 76288K, used 17039K [0x000000076ab00000, 0x0000000770000000, 0x00000007c0000000)
  eden space 65536K, 26% used [0x000000076ab00000,0x000000076bba3f10,0x000000076eb00000)
  from space 10752K, 0% used [0x000000076f580000,0x000000076f580000,0x0000000770000000)
  to   space 10752K, 0% used [0x000000076eb00000,0x000000076eb00000,0x000000076f580000)
 ParOldGen       total 175104K, used 0K [0x00000006c0000000, 0x00000006cab00000, 0x000000076ab00000)
  object space 175104K, 0% used [0x00000006c0000000,0x00000006c0000000,0x00000006cab00000)
 Metaspace       used 8683K, capacity 8834K, committed 9088K, reserved 1056768K
  class space    used 730K, capacity 781K, committed 896K, reserved 1048576K

Card table byte_map: [0x00000001162dc000,0x0000000116add000] byte_map_base: 0x0000000112cdc000

Marking Bits: (ParMarkBitMap*) 0x000000010689d390
 Begin Bits: [0x0000000117748000, 0x000000011b748000)
 End Bits:   [0x000000011b748000, 0x000000011f748000)

Polling page: 0x0000000104ecc000

CodeCache: size=245760Kb used=2402Kb max_used=2402Kb free=243357Kb
 bounds [0x0000000106f1c000, 0x000000010718c000, 0x0000000115f1c000]
 total_blobs=1108 nmethods=541 adapters=482
 compilation: enabled

Compilation events (10 events):
Event: 4.055 Thread 0x00007f89ce02e000 nmethod 515 0x00000001071700d0 code [0x0000000107170260, 0x0000000107170738]
Event: 4.057 Thread 0x00007f89cb013000  536   !   3       java.net.URLClassLoader::defineClass (224 bytes)
Event: 4.057 Thread 0x00007f89cb011800 nmethod 532 0x000000010716d050 code [0x000000010716d1c0, 0x000000010716d598]
Event: 4.058 Thread 0x00007f89cb013000 nmethod 536 0x0000000107172510 code [0x0000000107172940, 0x0000000107175588]
Event: 4.058 Thread 0x00007f89cb013000  537       3       java.lang.ClassNotFoundException::<init> (7 bytes)
Event: 4.058 Thread 0x00007f89cb013000 nmethod 537 0x0000000107172050 code [0x00000001071721c0, 0x0000000107172408]
Event: 4.060 Thread 0x00007f89cb013000  538       3       java.util.TimeZone::getDefaultRef (32 bytes)
Event: 4.060 Thread 0x00007f89cb013000 nmethod 538 0x0000000107171a90 code [0x0000000107171c00, 0x0000000107171dc8]
Event: 4.060 Thread 0x00007f89cb013000  539       3       java.lang.Class::getEnclosingMethodInfo (21 bytes)
Event: 4.060 Thread 0x00007f89cb013000 nmethod 539 0x0000000107171250 code [0x00000001071713e0, 0x0000000107171638]

GC Heap History (0 events):
No events

Deoptimization events (0 events):
No events

Internal exceptions (10 events):
Event: 4.055 Thread 0x00007f89cc004000 Exception <a 'java/security/PrivilegedActionException'> (0x000000076bab7a10) thrown at [/HUDSON3/workspace/8-2-build-macosx-x86_64/jdk8u25/1514/hotspot/src/share/vm/prims/jvm.cpp, line 1312]
Event: 4.055 Thread 0x00007f89cc004000 Exception <a 'java/security/PrivilegedActionException'> (0x000000076babd168) thrown at [/HUDSON3/workspace/8-2-build-macosx-x86_64/jdk8u25/1514/hotspot/src/share/vm/prims/jvm.cpp, line 1312]
Event: 4.055 Thread 0x00007f89cc004000 Exception <a 'java/security/PrivilegedActionException'> (0x000000076babfde0) thrown at [/HUDSON3/workspace/8-2-build-macosx-x86_64/jdk8u25/1514/hotspot/src/share/vm/prims/jvm.cpp, line 1312]
Event: 4.057 Thread 0x00007f89cc004000 Exception <a 'java/security/PrivilegedActionException'> (0x000000076bace968) thrown at [/HUDSON3/workspace/8-2-build-macosx-x86_64/jdk8u25/1514/hotspot/src/share/vm/prims/jvm.cpp, line 1312]
Event: 4.058 Thread 0x00007f89cc004000 Exception <a 'java/security/PrivilegedActionException'> (0x000000076bad4180) thrown at [/HUDSON3/workspace/8-2-build-macosx-x86_64/jdk8u25/1514/hotspot/src/share/vm/prims/jvm.cpp, line 1312]
Event: 4.058 Thread 0x00007f89cc004000 Exception <a 'java/security/PrivilegedActionException'> (0x000000076baf9e00) thrown at [/HUDSON3/workspace/8-2-build-macosx-x86_64/jdk8u25/1514/hotspot/src/share/vm/prims/jvm.cpp, line 1312]
Event: 4.058 Thread 0x00007f89cc004000 Exception <a 'java/security/PrivilegedActionException'> (0x000000076bafc990) thrown at [/HUDSON3/workspace/8-2-build-macosx-x86_64/jdk8u25/1514/hotspot/src/share/vm/prims/jvm.cpp, line 1312]
Event: 4.059 Thread 0x00007f89cc004000 Exception <a 'java/security/PrivilegedActionException'> (0x000000076bb034a0) thrown at [/HUDSON3/workspace/8-2-build-macosx-x86_64/jdk8u25/1514/hotspot/src/share/vm/prims/jvm.cpp, line 1312]
Event: 4.059 Thread 0x00007f89cc004000 Exception <a 'java/security/PrivilegedActionException'> (0x000000076bb0b0d0) thrown at [/HUDSON3/workspace/8-2-build-macosx-x86_64/jdk8u25/1514/hotspot/src/share/vm/prims/jvm.cpp, line 1312]
Event: 4.066 Thread 0x00007f89cc004000 Exception <a 'java/security/PrivilegedActionException'> (0x000000076bb2ec58) thrown at [/HUDSON3/workspace/8-2-build-macosx-x86_64/jdk8u25/1514/hotspot/src/share/vm/prims/jvm.cpp, line 1312]

Events (10 events):
Event: 4.061 loading class javax/vecmath/Tuple4d
Event: 4.061 loading class javax/vecmath/Tuple4d done
Event: 4.062 loading class javax/vecmath/Quat4d
Event: 4.062 loading class javax/vecmath/Quat4d done
Event: 4.062 loading class java/lang/ArrayIndexOutOfBoundsException
Event: 4.062 loading class java/lang/ArrayIndexOutOfBoundsException done
Event: 4.064 loading class javax/vecmath/SingularMatrixException
Event: 4.064 loading class javax/vecmath/SingularMatrixException done
Event: 4.066 loading class org/lwjgl/opengl/GLChecks
Event: 4.066 loading class org/lwjgl/opengl/GLChecks done


Dynamic libraries:
0x000000000d507000 	/System/Library/Frameworks/Cocoa.framework/Versions/A/Cocoa
0x000000000d507000 	/System/Library/Frameworks/Security.framework/Versions/A/Security
0x000000000d507000 	/System/Library/Frameworks/ApplicationServices.framework/Versions/A/ApplicationServices
0x000000000d507000 	/usr/lib/libz.1.dylib
0x000000000d507000 	/usr/lib/libSystem.B.dylib
0x000000000d507000 	/usr/lib/libobjc.A.dylib
0x000000000d507000 	/System/Library/Frameworks/CoreFoundation.framework/Versions/A/CoreFoundation
0x000000000d507000 	/System/Library/Frameworks/Foundation.framework/Versions/C/Foundation
0x000000000d507000 	/System/Library/Frameworks/AppKit.framework/Versions/C/AppKit
0x000000000d507000 	/System/Library/Frameworks/CoreData.framework/Versions/A/CoreData
0x000000000d507000 	/System/Library/PrivateFrameworks/RemoteViewServices.framework/Versions/A/RemoteViewServices
0x000000000d507000 	/System/Library/PrivateFrameworks/UIFoundation.framework/Versions/A/UIFoundation
0x000000000d507000 	/System/Library/Frameworks/IOSurface.framework/Versions/A/IOSurface
0x000000000d507000 	/System/Library/Frameworks/AudioToolbox.framework/Versions/A/AudioToolbox
0x000000000d507000 	/System/Library/Frameworks/AudioUnit.framework/Versions/A/AudioUnit
0x000000000d507000 	/System/Library/PrivateFrameworks/DataDetectorsCore.framework/Versions/A/DataDetectorsCore
0x000000000d507000 	/System/Library/PrivateFrameworks/DesktopServicesPriv.framework/Versions/A/DesktopServicesPriv
0x000000000d507000 	/System/Library/Frameworks/Carbon.framework/Versions/A/Frameworks/HIToolbox.framework/Versions/A/HIToolbox
0x000000000d507000 	/System/Library/Frameworks/QuartzCore.framework/Versions/A/QuartzCore
0x000000000d507000 	/System/Library/Frameworks/Carbon.framework/Versions/A/Frameworks/SpeechRecognition.framework/Versions/A/SpeechRecognition
0x000000000d507000 	/usr/lib/libauto.dylib
0x000000000d507000 	/usr/lib/libicucore.A.dylib
0x000000000d507000 	/usr/lib/libxml2.2.dylib
0x000000000d507000 	/System/Library/PrivateFrameworks/CoreUI.framework/Versions/A/CoreUI
0x000000000d507000 	/System/Library/Frameworks/CoreAudio.framework/Versions/A/CoreAudio
0x000000000d507000 	/System/Library/Frameworks/DiskArbitration.framework/Versions/A/DiskArbitration
0x000000000d507000 	/usr/lib/liblangid.dylib
0x000000000d507000 	/System/Library/PrivateFrameworks/MultitouchSupport.framework/Versions/A/MultitouchSupport
0x000000000d507000 	/System/Library/Frameworks/IOKit.framework/Versions/A/IOKit
0x000000000d507000 	/usr/lib/libDiagnosticMessagesClient.dylib
0x000000000d507000 	/System/Library/Frameworks/CoreServices.framework/Versions/A/CoreServices
0x000000000d507000 	/System/Library/PrivateFrameworks/PerformanceAnalysis.framework/Versions/A/PerformanceAnalysis
0x000000000d507000 	/System/Library/PrivateFrameworks/GenerationalStorage.framework/Versions/A/GenerationalStorage
0x000000000d507000 	/System/Library/Frameworks/OpenGL.framework/Versions/A/OpenGL
0x000000000d507000 	/System/Library/PrivateFrameworks/Sharing.framework/Versions/A/Sharing
0x000000000d507000 	/System/Library/Frameworks/CoreGraphics.framework/Versions/A/CoreGraphics
0x000000000d507000 	/System/Library/Frameworks/CoreText.framework/Versions/A/CoreText
0x000000000d507000 	/System/Library/Frameworks/ImageIO.framework/Versions/A/ImageIO
0x000000000d507000 	/usr/lib/libextension.dylib
0x000000000d507000 	/System/Library/PrivateFrameworks/Backup.framework/Versions/A/Backup
0x000000000d507000 	/usr/lib/libarchive.2.dylib
0x000000000d507000 	/System/Library/Frameworks/CFNetwork.framework/Versions/A/CFNetwork
0x000000000d507000 	/System/Library/Frameworks/SystemConfiguration.framework/Versions/A/SystemConfiguration
0x000000000d507000 	/usr/lib/libCRFSuite.dylib
0x000000000d507000 	/usr/lib/libc++.1.dylib
0x000000000d507000 	/usr/lib/libc++abi.dylib
0x000000000d507000 	/usr/lib/system/libcache.dylib
0x000000000d507000 	/usr/lib/system/libcommonCrypto.dylib
0x000000000d507000 	/usr/lib/system/libcompiler_rt.dylib
0x000000000d507000 	/usr/lib/system/libcopyfile.dylib
0x000000000d507000 	/usr/lib/system/libcorecrypto.dylib
0x000000000d507000 	/usr/lib/system/libdispatch.dylib
0x000000000d507000 	/usr/lib/system/libdyld.dylib
0x000000000d507000 	/usr/lib/system/libkeymgr.dylib
0x000000000d507000 	/usr/lib/system/liblaunch.dylib
0x000000000d507000 	/usr/lib/system/libmacho.dylib
0x000000000d507000 	/usr/lib/system/libquarantine.dylib
0x000000000d507000 	/usr/lib/system/libremovefile.dylib
0x000000000d507000 	/usr/lib/system/libsystem_asl.dylib
0x000000000d507000 	/usr/lib/system/libsystem_blocks.dylib
0x000000000d507000 	/usr/lib/system/libsystem_c.dylib
0x000000000d507000 	/usr/lib/system/libsystem_configuration.dylib
0x000000000d507000 	/usr/lib/system/libsystem_coreservices.dylib
0x000000000d507000 	/usr/lib/system/libsystem_coretls.dylib
0x000000000d507000 	/usr/lib/system/libsystem_dnssd.dylib
0x000000000d507000 	/usr/lib/system/libsystem_info.dylib
0x000000000d507000 	/usr/lib/system/libsystem_kernel.dylib
0x000000000d507000 	/usr/lib/system/libsystem_m.dylib
0x000000000d507000 	/usr/lib/system/libsystem_malloc.dylib
0x000000000d507000 	/usr/lib/system/libsystem_network.dylib
0x000000000d507000 	/usr/lib/system/libsystem_networkextension.dylib
0x000000000d507000 	/usr/lib/system/libsystem_notify.dylib
0x000000000d507000 	/usr/lib/system/libsystem_platform.dylib
0x000000000d507000 	/usr/lib/system/libsystem_pthread.dylib
0x000000000d507000 	/usr/lib/system/libsystem_sandbox.dylib
0x000000000d507000 	/usr/lib/system/libsystem_secinit.dylib
0x000000000d507000 	/usr/lib/system/libsystem_stats.dylib
0x000000000d507000 	/usr/lib/system/libsystem_trace.dylib
0x000000000d507000 	/usr/lib/system/libunc.dylib
0x000000000d507000 	/usr/lib/system/libunwind.dylib
0x000000000d507000 	/usr/lib/system/libxpc.dylib
0x000000000d507000 	/usr/lib/libbz2.1.0.dylib
0x000000000d507000 	/usr/lib/liblzma.5.dylib
0x000000000d507000 	/usr/lib/libbsm.0.dylib
0x000000000d507000 	/usr/lib/libsqlite3.dylib
0x000000000d507000 	/usr/lib/system/libkxld.dylib
0x000000000d507000 	/usr/lib/libxar.1.dylib
0x000000000d507000 	/usr/lib/libpam.2.dylib
0x000000000d507000 	/usr/lib/libOpenScriptingUtil.dylib
0x000000000d507000 	/System/Library/Frameworks/CoreServices.framework/Versions/A/Frameworks/FSEvents.framework/Versions/A/FSEvents
0x000000000d507000 	/System/Library/Frameworks/CoreServices.framework/Versions/A/Frameworks/CarbonCore.framework/Versions/A/CarbonCore
0x000000000d507000 	/System/Library/Frameworks/CoreServices.framework/Versions/A/Frameworks/Metadata.framework/Versions/A/Metadata
0x000000000d507000 	/System/Library/Frameworks/CoreServices.framework/Versions/A/Frameworks/OSServices.framework/Versions/A/OSServices
0x000000000d507000 	/System/Library/Frameworks/CoreServices.framework/Versions/A/Frameworks/SearchKit.framework/Versions/A/SearchKit
0x000000000d507000 	/System/Library/Frameworks/CoreServices.framework/Versions/A/Frameworks/AE.framework/Versions/A/AE
0x000000000d507000 	/System/Library/Frameworks/CoreServices.framework/Versions/A/Frameworks/LaunchServices.framework/Versions/A/LaunchServices
0x000000000d507000 	/System/Library/Frameworks/CoreServices.framework/Versions/A/Frameworks/DictionaryServices.framework/Versions/A/DictionaryServices
0x000000000d507000 	/System/Library/Frameworks/NetFS.framework/Versions/A/NetFS
0x000000000d507000 	/System/Library/PrivateFrameworks/NetAuth.framework/Versions/A/NetAuth
0x000000000d507000 	/System/Library/PrivateFrameworks/login.framework/Versions/A/Frameworks/loginsupport.framework/Versions/A/loginsupport
0x000000000d507000 	/System/Library/PrivateFrameworks/TCC.framework/Versions/A/TCC
0x000000000d507000 	/usr/lib/libmecabra.dylib
0x000000000d507000 	/System/Library/Frameworks/ApplicationServices.framework/Versions/A/Frameworks/ATS.framework/Versions/A/ATS
0x000000000d507000 	/System/Library/Frameworks/ApplicationServices.framework/Versions/A/Frameworks/ColorSync.framework/Versions/A/ColorSync
0x000000000d507000 	/System/Library/Frameworks/ApplicationServices.framework/Versions/A/Frameworks/HIServices.framework/Versions/A/HIServices
0x000000000d507000 	/System/Library/Frameworks/ApplicationServices.framework/Versions/A/Frameworks/LangAnalysis.framework/Versions/A/LangAnalysis
0x000000000d507000 	/System/Library/Frameworks/ApplicationServices.framework/Versions/A/Frameworks/PrintCore.framework/Versions/A/PrintCore
0x000000000d507000 	/System/Library/Frameworks/ApplicationServices.framework/Versions/A/Frameworks/QD.framework/Versions/A/QD
0x000000000d507000 	/System/Library/Frameworks/ApplicationServices.framework/Versions/A/Frameworks/SpeechSynthesis.framework/Versions/A/SpeechSynthesis
0x000000000d507000 	/System/Library/Frameworks/Accelerate.framework/Versions/A/Accelerate
0x000000000d507000 	/System/Library/Frameworks/Accelerate.framework/Versions/A/Frameworks/vImage.framework/Versions/A/vImage
0x000000000d507000 	/System/Library/Frameworks/Accelerate.framework/Versions/A/Frameworks/vecLib.framework/Versions/A/vecLib
0x000000000d507000 	/System/Library/Frameworks/Accelerate.framework/Versions/A/Frameworks/vecLib.framework/Versions/A/libvDSP.dylib
0x000000000d507000 	/System/Library/Frameworks/Accelerate.framework/Versions/A/Frameworks/vecLib.framework/Versions/A/libvMisc.dylib
0x000000000d507000 	/System/Library/Frameworks/Accelerate.framework/Versions/A/Frameworks/vecLib.framework/Versions/A/libLAPACK.dylib
0x000000000d507000 	/System/Library/Frameworks/Accelerate.framework/Versions/A/Frameworks/vecLib.framework/Versions/A/libBLAS.dylib
0x000000000d507000 	/System/Library/Frameworks/Accelerate.framework/Versions/A/Frameworks/vecLib.framework/Versions/A/libLinearAlgebra.dylib
0x000000000d507000 	/System/Library/Frameworks/ApplicationServices.framework/Versions/A/Frameworks/ATS.framework/Versions/A/Resources/libFontParser.dylib
0x000000000d507000 	/System/Library/Frameworks/ApplicationServices.framework/Versions/A/Frameworks/ATS.framework/Versions/A/Resources/libFontRegistry.dylib
0x000000000d507000 	/System/Library/PrivateFrameworks/AppleVPA.framework/Versions/A/AppleVPA
0x000000000d507000 	/System/Library/PrivateFrameworks/AppleJPEG.framework/Versions/A/AppleJPEG
0x000000000d507000 	/System/Library/Frameworks/ImageIO.framework/Versions/A/Resources/libJPEG.dylib
0x000000000d507000 	/System/Library/Frameworks/ImageIO.framework/Versions/A/Resources/libTIFF.dylib
0x000000000d507000 	/System/Library/Frameworks/ImageIO.framework/Versions/A/Resources/libPng.dylib
0x000000000d507000 	/System/Library/Frameworks/ImageIO.framework/Versions/A/Resources/libGIF.dylib
0x000000000d507000 	/System/Library/Frameworks/ImageIO.framework/Versions/A/Resources/libJP2.dylib
0x000000000d507000 	/System/Library/Frameworks/ImageIO.framework/Versions/A/Resources/libRadiance.dylib
0x000000000d507000 	/System/Library/Frameworks/CoreVideo.framework/Versions/A/CoreVideo
0x000000000d507000 	/System/Library/Frameworks/OpenGL.framework/Versions/A/Libraries/libGLU.dylib
0x000000000d507000 	/System/Library/Frameworks/OpenGL.framework/Versions/A/Libraries/libGFXShared.dylib
0x000000000d507000 	/System/Library/Frameworks/OpenGL.framework/Versions/A/Libraries/libGL.dylib
0x000000000d507000 	/System/Library/Frameworks/OpenGL.framework/Versions/A/Libraries/libGLImage.dylib
0x000000000d507000 	/System/Library/Frameworks/OpenGL.framework/Versions/A/Libraries/libCVMSPluginSupport.dylib
0x000000000d507000 	/System/Library/Frameworks/OpenGL.framework/Versions/A/Libraries/libCoreVMClient.dylib
0x000000000d507000 	/usr/lib/libcups.2.dylib
0x000000000d507000 	/System/Library/Frameworks/Kerberos.framework/Versions/A/Kerberos
0x000000000d507000 	/System/Library/Frameworks/GSS.framework/Versions/A/GSS
0x000000000d507000 	/usr/lib/libresolv.9.dylib
0x000000000d507000 	/usr/lib/libiconv.2.dylib
0x000000000d507000 	/System/Library/PrivateFrameworks/Heimdal.framework/Versions/A/Heimdal
0x000000000d507000 	/usr/lib/libheimdal-asn1.dylib
0x000000000d507000 	/System/Library/Frameworks/OpenDirectory.framework/Versions/A/OpenDirectory
0x000000000d507000 	/System/Library/PrivateFrameworks/CommonAuth.framework/Versions/A/CommonAuth
0x000000000d507000 	/System/Library/Frameworks/OpenDirectory.framework/Versions/A/Frameworks/CFOpenDirectory.framework/Versions/A/CFOpenDirectory
0x000000000d507000 	/System/Library/Frameworks/SecurityFoundation.framework/Versions/A/SecurityFoundation
0x000000000d507000 	/System/Library/PrivateFrameworks/LanguageModeling.framework/Versions/A/LanguageModeling
0x000000000d507000 	/usr/lib/libcmph.dylib
0x000000000d507000 	/System/Library/Frameworks/ServiceManagement.framework/Versions/A/ServiceManagement
0x000000000d507000 	/usr/lib/libxslt.1.dylib
0x000000000d507000 	/System/Library/Frameworks/Carbon.framework/Versions/A/Frameworks/Ink.framework/Versions/A/Ink
0x000000000d507000 	/System/Library/Frameworks/QuartzCore.framework/Versions/A/Frameworks/CoreImage.framework/Versions/A/CoreImage
0x000000000d507000 	/System/Library/PrivateFrameworks/CrashReporterSupport.framework/Versions/A/CrashReporterSupport
0x000000000d507000 	/System/Library/Frameworks/OpenCL.framework/Versions/A/OpenCL
0x000000000d507000 	/System/Library/PrivateFrameworks/FaceCore.framework/Versions/A/FaceCore
0x000000000d507000 	/System/Library/PrivateFrameworks/Ubiquity.framework/Versions/A/Ubiquity
0x000000000d507000 	/System/Library/PrivateFrameworks/IconServices.framework/Versions/A/IconServices
0x000000000d507000 	/System/Library/PrivateFrameworks/ChunkingLibrary.framework/Versions/A/ChunkingLibrary
0x000000000d507000 	/System/Library/PrivateFrameworks/Apple80211.framework/Versions/A/Apple80211
0x000000000d507000 	/System/Library/Frameworks/CoreWLAN.framework/Versions/A/CoreWLAN
0x000000000d507000 	/System/Library/Frameworks/IOBluetooth.framework/Versions/A/IOBluetooth
0x000000000d507000 	/System/Library/PrivateFrameworks/CoreWiFi.framework/Versions/A/CoreWiFi
0x000000000d507000 	/System/Library/Frameworks/CoreBluetooth.framework/Versions/A/CoreBluetooth
0x000000000d507000 	/System/Library/PrivateFrameworks/DebugSymbols.framework/Versions/A/DebugSymbols
0x000000000d507000 	/System/Library/PrivateFrameworks/CoreSymbolication.framework/Versions/A/CoreSymbolication
0x000000000d507000 	/System/Library/PrivateFrameworks/Symbolication.framework/Versions/A/Symbolication
0x000000000d507000 	/System/Library/PrivateFrameworks/SpeechRecognitionCore.framework/Versions/A/SpeechRecognitionCore
0x0000000106000000 	/Library/Java/JavaVirtualMachines/jdk1.8.0_25.jdk/Contents/Home/jre/lib/server/libjvm.dylib
0x000000000d507000 	/usr/lib/libstdc++.6.dylib
0x0000000104e8a000 	/Library/Java/JavaVirtualMachines/jdk1.8.0_25.jdk/Contents/Home/jre/lib/libverify.dylib
0x0000000104e98000 	/Library/Java/JavaVirtualMachines/jdk1.8.0_25.jdk/Contents/Home/jre/lib/libjava.dylib
0x0000000104ed5000 	/Library/Java/JavaVirtualMachines/jdk1.8.0_25.jdk/Contents/Home/jre/lib/libzip.dylib
0x0000000104fe2000 	/System/Library/Frameworks/JavaVM.framework/Frameworks/JavaRuntimeSupport.framework/JavaRuntimeSupport
0x00000001229ec000 	/System/Library/Frameworks/JavaVM.framework/Versions/A/Frameworks/JavaNativeFoundation.framework/Versions/A/JavaNativeFoundation
0x0000000122a01000 	/System/Library/Frameworks/JavaVM.framework/Versions/A/JavaVM
0x000000000d507000 	/System/Library/Frameworks/Carbon.framework/Versions/A/Carbon
0x0000000122a0e000 	/System/Library/PrivateFrameworks/JavaLaunching.framework/Versions/A/JavaLaunching
0x000000000d507000 	/System/Library/Frameworks/Carbon.framework/Versions/A/Frameworks/CommonPanels.framework/Versions/A/CommonPanels
0x000000000d507000 	/System/Library/Frameworks/Carbon.framework/Versions/A/Frameworks/Help.framework/Versions/A/Help
0x000000000d507000 	/System/Library/Frameworks/Carbon.framework/Versions/A/Frameworks/ImageCapture.framework/Versions/A/ImageCapture
0x000000000d507000 	/System/Library/Frameworks/Carbon.framework/Versions/A/Frameworks/OpenScripting.framework/Versions/A/OpenScripting
0x000000000d507000 	/System/Library/Frameworks/Carbon.framework/Versions/A/Frameworks/Print.framework/Versions/A/Print
0x000000000d507000 	/System/Library/Frameworks/Carbon.framework/Versions/A/Frameworks/SecurityHI.framework/Versions/A/SecurityHI
0x0000000124ad6000 	/Users/rattle/Gits/AiCubo-Java/AiCubo/lib/lwjgl/native/liblwjgl.dylib
0x000000000d507000 	/System/Library/PrivateFrameworks/CoreServicesInternal.framework/Versions/A/CoreServicesInternal
0x000000000d507000 	/System/Library/Frameworks/CoreGraphics.framework/Versions/A/Resources/libCGCMS.A.dylib
0x000000000d507000 	/System/Library/PrivateFrameworks/CloudDocs.framework/Versions/A/CloudDocs
0x000000000d507000 	/System/Library/PrivateFrameworks/CoreDuet.framework/Versions/A/CoreDuet
0x000000000d507000 	/System/Library/Frameworks/CloudKit.framework/Versions/A/CloudKit
0x000000000d507000 	/System/Library/PrivateFrameworks/ProtocolBuffer.framework/Versions/A/ProtocolBuffer
0x000000000d507000 	/System/Library/PrivateFrameworks/CoreDuetDaemonProtocol.framework/Versions/A/CoreDuetDaemonProtocol
0x000000000d507000 	/System/Library/PrivateFrameworks/CoreDuetDebugLogging.framework/Versions/A/CoreDuetDebugLogging
0x000000000d507000 	/System/Library/PrivateFrameworks/MMCS.framework/Versions/A/MMCS
0x000000000d507000 	/System/Library/Frameworks/CoreLocation.framework/Versions/A/CoreLocation
0x000000000d507000 	/System/Library/PrivateFrameworks/ProtectedCloudStorage.framework/Versions/A/ProtectedCloudStorage
0x000000000d507000 	/System/Library/PrivateFrameworks/GeoServices.framework/Versions/A/GeoServices
0x000000000d507000 	/System/Library/PrivateFrameworks/FamilyControls.framework/Versions/A/FamilyControls
0x000000000d507000 	/System/Library/PrivateFrameworks/CommerceKit.framework/Versions/A/Frameworks/CommerceCore.framework/Versions/A/CommerceCore
0x000000000d507000 	/System/Library/PrivateFrameworks/SystemAdministration.framework/Versions/A/SystemAdministration
0x000000000d507000 	/System/Library/PrivateFrameworks/AppContainer.framework/Versions/A/AppContainer
0x000000000d507000 	/System/Library/PrivateFrameworks/SecCodeWrapper.framework/Versions/A/SecCodeWrapper
0x000000000d507000 	/System/Library/Frameworks/DirectoryService.framework/Versions/A/DirectoryService
0x000000000d507000 	/System/Library/PrivateFrameworks/DiskImages.framework/Versions/A/DiskImages
0x000000000d507000 	/System/Library/PrivateFrameworks/LoginUIKit.framework/Versions/A/Frameworks/LoginUICore.framework/Versions/A/LoginUICore
0x000000000d507000 	/usr/lib/libCoreStorage.dylib
0x000000000d507000 	/usr/lib/libcsfde.dylib
0x000000000d507000 	/usr/lib/libodfde.dylib
0x000000000d507000 	/System/Library/Frameworks/DiscRecording.framework/Versions/A/DiscRecording
0x000000000d507000 	/usr/lib/libcurl.4.dylib
0x000000000d507000 	/System/Library/PrivateFrameworks/MediaKit.framework/Versions/A/MediaKit
0x000000000d507000 	/System/Library/PrivateFrameworks/EFILogin.framework/Versions/A/EFILogin
0x000000000d507000 	/usr/lib/libutil.dylib
0x000000000d507000 	/System/Library/PrivateFrameworks/FindMyDevice.framework/Versions/A/FindMyDevice
0x000000000d507000 	/System/Library/Frameworks/LDAP.framework/Versions/A/LDAP
0x000000000d507000 	/usr/lib/libsasl2.2.dylib
0x000000000d507000 	/System/Library/PrivateFrameworks/CoreDaemon.framework/Versions/B/CoreDaemon
0x000000000d507000 	/usr/lib/libcrypto.0.9.8.dylib
0x000000000d507000 	/System/Library/PrivateFrameworks/AppleSRP.framework/Versions/A/AppleSRP
0x000000000d507000 	/System/Library/PrivateFrameworks/TrustEvaluationAgent.framework/Versions/A/TrustEvaluationAgent
0x000000000d507000 	/System/Library/Frameworks/CoreGraphics.framework/Versions/A/Resources/libCGXType.A.dylib
0x000000000d507000 	/System/Library/Frameworks/CoreGraphics.framework/Versions/A/Resources/libRIP.A.dylib
0x000000000d507000 	/System/Library/Frameworks/OpenCL.framework/Versions/A/Libraries/libcldcpuengine.dylib
0x000000012911b000 	cl_kernels
0x000000012911d000 	/System/Library/Frameworks/OpenCL.framework/Versions/A/Libraries/ImageFormats/unorm8_bgra.dylib
0x000000012910c000 	cl_kernels
0x000000000d507000 	/System/Library/Frameworks/OpenGL.framework/Versions/A/Resources/GLEngine.bundle/GLEngine
0x000000000d507000 	/System/Library/Frameworks/OpenGL.framework/Versions/A/Libraries/libGLProgrammability.dylib
0x0000000000000000 	/System/Library/Extensions/GeForceGLDriver.bundle/Contents/MacOS/GeForceGLDriver
0x000000000d507000 	/System/Library/Extensions/GeForceGLDriver.bundle/Contents/MacOS/libclh.dylib
0x000000000d507000 	/System/Library/PrivateFrameworks/IOAccelerator.framework/Versions/A/IOAccelerator
0x000000000d507000 	/System/Library/PrivateFrameworks/GPUSupport.framework/Versions/A/Libraries/libGPUSupportMercury.dylib
0x000000000d507000 	/System/Library/Frameworks/OpenGL.framework/Versions/A/Resources/GLRendererFloat.bundle/GLRendererFloat

VM Arguments:
jvm_args: -Djava.library.path=/Users/rattle/Gits/AiCubo-Java/AiCubo/lib/lwjgl/native -Dfile.encoding=UTF-8 
java_command: com.maxbilbow.aicubo.VertexBufferTest
java_class_path (initial): /Users/rattle/Gits/AiCubo-Java/AiCubo/bin:/Users/rattle/Gits/AiCubo-Java/AiCubo/lib/lwjgl/jar/lwjgl.jar:/Users/rattle/Gits/AiCubo-Java/AiCubo/lib/lwjgl/src.zip:/Users/rattle/Gits/AiCubo-Java/AiCubo/lib/lwjgl/doc/javadoc.zip:/Users/rattle/Gits/AiCubo-Java/AiCubo/lib/vecmath-1.5.1.jar:/Applications/Eclipse.app/Contents/Eclipse/plugins/org.junit_4.12.0.v201504281640/junit.jar:/Applications/Eclipse.app/Contents/Eclipse/plugins/org.hamcrest.core_1.3.0.v201303031735.jar
Launcher Type: SUN_STANDARD

Environment Variables:
PATH=/usr/bin:/bin:/usr/sbin:/sbin
SHELL=/bin/bash

Signal Handlers:
SIGSEGV: [libjvm.dylib+0x579dc7], sa_mask[0]=11111111011111110111111111111111, sa_flags=SA_ONSTACK|SA_RESTART|SA_SIGINFO
SIGBUS: [libjvm.dylib+0x579dc7], sa_mask[0]=11111111011111110111111111111111, sa_flags=SA_RESTART|SA_SIGINFO
SIGFPE: [libjvm.dylib+0x45b030], sa_mask[0]=11111111011111110111111111111111, sa_flags=SA_RESTART|SA_SIGINFO
SIGPIPE: [libjvm.dylib+0x45b030], sa_mask[0]=11111111011111110111111111111111, sa_flags=SA_RESTART|SA_SIGINFO
SIGXFSZ: [libjvm.dylib+0x45b030], sa_mask[0]=11111111011111110111111111111111, sa_flags=SA_RESTART|SA_SIGINFO
SIGILL: [libjvm.dylib+0x45b030], sa_mask[0]=11111111011111110111111111111111, sa_flags=SA_RESTART|SA_SIGINFO
SIGUSR1: SIG_DFL, sa_mask[0]=00000000000000000000000000000000, sa_flags=none
SIGUSR2: [libjvm.dylib+0x45ab4e], sa_mask[0]=00100000000000000000000000000000, sa_flags=SA_RESTART|SA_SIGINFO
SIGHUP: [libjvm.dylib+0x459121], sa_mask[0]=11111111011111110111111111111111, sa_flags=SA_RESTART|SA_SIGINFO
SIGINT: [libjvm.dylib+0x459121], sa_mask[0]=11111111011111110111111111111111, sa_flags=SA_RESTART|SA_SIGINFO
SIGTERM: [libjvm.dylib+0x459121], sa_mask[0]=11111111011111110111111111111111, sa_flags=SA_RESTART|SA_SIGINFO
SIGQUIT: [libjvm.dylib+0x459121], sa_mask[0]=11111111011111110111111111111111, sa_flags=SA_RESTART|SA_SIGINFO


---------------  S Y S T E M  ---------------

OS:Bsduname:Darwin 14.5.0 Darwin Kernel Version 14.5.0: Wed Jul 29 02:26:53 PDT 2015; root:xnu-2782.40.9~1/RELEASE_X86_64 x86_64
rlimit: STACK 8192k, CORE 0k, NPROC 709, NOFILE 10240, AS infinity
load average:0.61 0.65 0.67

CPU:total 8 (4 cores per cpu, 2 threads per core) family 6 model 58 stepping 9, cmov, cx8, fxsr, mmx, sse, sse2, sse3, ssse3, sse4.1, sse4.2, popcnt, avx, aes, clmul, erms, ht, tsc, tscinvbit, tscinv

Memory: 4k page, physical 16777216k(34028k free)

/proc/meminfo:


vm_info: Java HotSpot(TM) 64-Bit Server VM (25.25-b02) for bsd-amd64 JRE (1.8.0_25-b17), built on Sep 17 2014 16:56:50 by "java_re" with gcc 4.2.1 (Based on Apple Inc. build 5658) (LLVM build 2336.11.00)

time: Sun Aug 23 16:34:37 2015
elapsed time: 4 seconds (0d 0h 0m 4s)

