#
# A fatal error has been detected by the Java Runtime Environment:
#
#  SIGSEGV (0xb) at pc=0x000000011e6153a4, pid=53636, tid=2571
#
# JRE version: Java(TM) SE Runtime Environment (8.0_60-b27) (build 1.8.0_60-b27)
# Java VM: Java HotSpot(TM) 64-Bit Server VM (25.60-b23 mixed mode bsd-amd64 compressed oops)
# Problematic frame:
# C  [libglass.dylib+0x53a4]  -[GlassApplication applicationWillHide:]+0xd4
#
# Failed to write core dump. Core dumps have been disabled. To enable core dumping, try "ulimit -c unlimited" before starting Java again
#
# If you would like to submit a bug report, please visit:
#   http://bugreport.java.com/bugreport/crash.jsp
# The crash happened outside the Java Virtual Machine in native code.
# See problematic frame for where to report the bug.
#

---------------  T H R E A D  ---------------

Current thread (0x00007f9a64005000):  JavaThread "JavaFX Application Thread" [_thread_in_native, id=2571, stack(0x00007fff5ab6a000,0x00007fff5b36a000)]

siginfo: si_signo: 11 (SIGSEGV), si_code: 1 (SEGV_MAPERR), si_addr: 0x0000000000000000

Registers:
RAX=0x00007f9a625740b0, RBX=0x0000000000000000, RCX=0x0000000000000008, RDX=0x00007fff7c0ed830
RSP=0x00007fff5b365250, RBP=0x00007fff5b365680, RSI=0x00007fff8d79c95d, RDI=0x00007f9a62809bf0
R8 =0x0000000000000000, R9 =0x0000000000000004, R10=0x00007f9a6260d4d0, R11=0x00007fff7c0def50
R12=0x00007fff98978d40, R13=0x000000011e659540, R14=0x00007f9a62747d70, R15=0x00007f9a625740b0
RIP=0x000000011e6153a4, EFLAGS=0x0000000000010202, ERR=0x0000000000000004
  TRAPNO=0x000000000000000e

Top of Stack: (sp=0x00007fff5b365250)
0x00007fff5b365250:   000000011e615345 00007fff8d3dda0c
0x00007fff5b365260:   00007fff8d3dd99f 00007fff8d3dd917
0x00007fff5b365270:   00007fff8d3dd682 00007fff8d39a442
0x00007fff5b365280:   00007fff8d399695 00007fff8df1831a
0x00007fff5b365290:   00007fff93158510 00007fff92e9da6b
0x00007fff5b3652a0:   00007fff9a1e798e 00007fff9a1e6e18
0x00007fff5b3652b0:   00007fff9a1fcdf6 00007fff92d0d440
0x00007fff5b3652c0:   00007fff92d0c665 000000011d7715d5
0x00007fff5b3652d0:   0000000106415954 00007f9a62656520
0x00007fff5b3652e0:   00007f9a62667600 00007f9a62747d70
0x00007fff5b3652f0:   00007fff7be33490 0000000000000000
0x00007fff5b365300:   0000000000000000 0000000000000000
0x00007fff5b365310:   0000000000000000 0000000000000000
0x00007fff5b365320:   4096800000000000 408c200000000000
0x00007fff5b365330:   2200951729b01743 0000000000000000
0x00007fff5b365340:   00007fff5b365860 0000000000000000
0x00007fff5b365350:   00007fff5b3655b0 00007fff98978d40
0x00007fff5b365360:   00007fff5b365390 00007fff92d1ed05
0x00007fff5b365370:   2200951729b01743 00007fff98978d40
0x00007fff5b365380:   00007fff5b3655b0 00007f9a62542fd0
0x00007fff5b365390:   00007fff5b3654b0 00007fff92d1ec9b
0x00007fff5b3653a0:   0000000000000000 00007fff8e241b10
0x00007fff5b3653b0:   0000000000000000 00007f9a62542fd0
0x00007fff5b3653c0:   0000000000000000 0000000000000000
0x00007fff5b3653d0:   0000000000000000 0000000000000000
0x00007fff5b3653e0:   0000000000000000 0000000000000000
0x00007fff5b3653f0:   0000000000000000 0000000000000000
0x00007fff5b365400:   00007fff5b365430 0000000000000000
0x00007fff5b365410:   2200951729b01743 00007fff5b3654c0
0x00007fff5b365420:   0000000000000000 00007f9a626d3620
0x00007fff5b365430:   0000000000000002 0000000000000000
0x00007fff5b365440:   00007fff5b365470 00007fff92ccdbb6 

Instructions: (pc=0x000000011e6153a4)
0x000000011e615384:   8b 35 46 f2 03 00 4c 8b 25 ef 7d 03 00 41 ff d4
0x000000011e615394:   48 8b 35 e5 f1 03 00 48 89 c7 41 ff d4 49 89 c7
0x000000011e6153a4:   48 8b 03 4c 8b a8 e8 01 00 00 48 8b 05 13 0f 04
0x000000011e6153b4:   00 4d 8b 34 06 48 8b 3d 30 04 04 00 48 8b 35 41 

Register to memory mapping:

RAX=0x00007f9a625740b0 is an unknown value
RBX=0x0000000000000000 is an unknown value
RCX=0x0000000000000008 is an unknown value
RDX=0x00007fff7c0ed830: _NSAPCache+0 in /System/Library/Frameworks/Foundation.framework/Versions/C/Foundation at 0x00007fff8df11000
RSP=0x00007fff5b365250 is pointing into the stack for thread: 0x00007f9a64005000
RBP=0x00007fff5b365680 is pointing into the stack for thread: 0x00007f9a64005000
RSI=0x00007fff8d79c95d: CreateStringFromFileSystemRepresentationByAddingPercentEscapes.hexchars+0x1446d in /System/Library/Frameworks/CoreFoundation.framework/Versions/A/CoreFoundation at 0x00007fff8d33d000
RDI=0x00007f9a62809bf0 is an unknown value
R8 =0x0000000000000000 is an unknown value
R9 =0x0000000000000004 is an unknown value
R10=0x00007f9a6260d4d0 is an unknown value
R11=0x00007fff7c0def50: OBJC_CLASS_$_NSAutoreleasePool+0 in /System/Library/Frameworks/Foundation.framework/Versions/C/Foundation at 0x00007fff8df11000
R12=0x00007fff98978d40: objc_msgSend+0 in /usr/lib/libobjc.A.dylib at 0x00007fff98972000
R13=0x000000011e659540: jEnv+0 in /Library/Java/JavaVirtualMachines/jdk1.8.0_60.jdk/Contents/Home/jre/lib/libglass.dylib at 0x000000011e610000
R14=0x00007f9a62747d70 is an unknown value
R15=0x00007f9a625740b0 is an unknown value


Stack: [0x00007fff5ab6a000,0x00007fff5b36a000],  sp=0x00007fff5b365250,  free space=8172k
Native frames: (J=compiled Java code, j=interpreted, Vv=VM code, C=native code)
C  [libglass.dylib+0x53a4]  -[GlassApplication applicationWillHide:]+0xd4
C  [CoreFoundation+0xa0a0c]  __CFNOTIFICATIONCENTER_IS_CALLING_OUT_TO_AN_OBSERVER__+0xc
C  [CoreFoundation+0xa099f]  ___CFXRegistrationPost_block_invoke+0x3f
C  [CoreFoundation+0xa0917]  _CFXRegistrationPost+0x197
C  [CoreFoundation+0xa0682]  ___CFXNotificationPost_block_invoke+0x32
C  [CoreFoundation+0x5d442]  -[_CFXNotificationRegistrar find:object:observer:enumerator:]+0x782
C  [CoreFoundation+0x5c695]  _CFXNotificationPost+0x2b5
C  [Foundation+0x731a]  -[NSNotificationCenter postNotificationName:object:userInfo:]+0x42
C  [AppKit+0x494510]  -[NSApplication _doHideMaybeFakingIt:]+0x186
C  [AppKit+0x1d9a6b]  _hideShowHandler+0xac
C  [HIToolbox+0x898e]  DispatchEventToHandlers(EventTargetRec*, OpaqueEventRef*, HandlerCallRec*)+0x4cf
C  [HIToolbox+0x7e18]  SendEventToEventTargetInternal(OpaqueEventRef*, OpaqueEventTargetRef*, HandlerCallRec*)+0x194
C  [HIToolbox+0x1ddf6]  SendEventToEventTarget+0x28
C  [AppKit+0x49440]  _DPSNextEvent+0x635
C  [AppKit+0x48665]  -[NSApplication _nextEventMatchingEventMask:untilDate:inMode:dequeue:]+0x1c6
C  [liblwjgl.dylib+0x5c5d5]  _glfwPlatformPollEvents+0x75
j  org.lwjgl.glfw.GLFW.glfwPollEvents()V+0
j  click.rmx.engine.GameView.enterGameLoop()V+219
j  click.rmx.engine.GameController.run()V+65
j  click.rmx.engine.GameController.Start()V+1
j  com.maxbilbow.aicubo.AiCubo.main([Ljava/lang/String;)V+16
v  ~StubRoutines::call_stub
V  [libjvm.dylib+0x2eab0e]  JavaCalls::call_helper(JavaValue*, methodHandle*, JavaCallArguments*, Thread*)+0x6ae
V  [libjvm.dylib+0x321820]  jni_invoke_static(JNIEnv_*, JavaValue*, _jobject*, JNICallType, _jmethodID*, JNI_ArgumentPusher*, Thread*)+0x1bf
V  [libjvm.dylib+0x31a59a]  jni_CallStaticVoidMethod+0x15d
C  [java+0x393e]  JavaMain+0x9b1
C  [java+0x559c]  -[JavaLaunchHelper launchJava:]+0x2a
C  [Foundation+0x7754e]  __NSThreadPerformPerform+0x117
C  [CoreFoundation+0xaa621]  __CFRUNLOOP_IS_CALLING_OUT_TO_A_SOURCE0_PERFORM_FUNCTION__+0x11
C  [CoreFoundation+0x89e1c]  __CFRunLoopDoSources0+0x22c
C  [CoreFoundation+0x8933f]  __CFRunLoopRun+0x39f
C  [CoreFoundation+0x88d38]  CFRunLoopRunSpecific+0x128
C  [java+0x6463]  CreateExecutionEnvironment+0x367
C  [java+0x21ac]  JLI_Launch+0x7a0
C  [java+0x84c0]  main+0x65
C  [java+0x1a04]  start+0x34
C  0x0000000000000007

Java frames: (J=compiled Java code, j=interpreted, Vv=VM code)
j  org.lwjgl.glfw.GLFW.glfwPollEvents()V+0
j  click.rmx.engine.GameView.enterGameLoop()V+219
j  click.rmx.engine.GameController.run()V+65
j  click.rmx.engine.GameController.Start()V+1
j  com.maxbilbow.aicubo.AiCubo.main([Ljava/lang/String;)V+16
v  ~StubRoutines::call_stub

---------------  P R O C E S S  ---------------

Java Threads: ( => current thread )
  0x00007f9a628d1800 JavaThread "Prism Font Disposer" daemon [_thread_blocked, id=52487, stack(0x00007000014dc000,0x00007000015dc000)]
  0x00007f9a628a6000 JavaThread "Thread-5" daemon [_thread_in_native, id=37891, stack(0x00007000013d6000,0x0000700001456000)]
  0x00007f9a64116000 JavaThread "Thread-3" daemon [_thread_blocked, id=25107, stack(0x0000700001250000,0x0000700001350000)]
  0x00007f9a63039000 JavaThread "Service Thread" daemon [_thread_blocked, id=17923, stack(0x0000700000d41000,0x0000700000e41000)]
  0x00007f9a63038000 JavaThread "C1 CompilerThread2" daemon [_thread_blocked, id=17411, stack(0x0000700000c3e000,0x0000700000d3e000)]
  0x00007f9a63833800 JavaThread "C2 CompilerThread1" daemon [_thread_blocked, id=16899, stack(0x0000700000b3b000,0x0000700000c3b000)]
  0x00007f9a63023000 JavaThread "C2 CompilerThread0" daemon [_thread_blocked, id=16387, stack(0x0000700000a38000,0x0000700000b38000)]
  0x00007f9a6301f800 JavaThread "Signal Dispatcher" daemon [_thread_blocked, id=15887, stack(0x0000700000935000,0x0000700000a35000)]
  0x00007f9a6301a800 JavaThread "Finalizer" daemon [_thread_blocked, id=12291, stack(0x000070000072c000,0x000070000082c000)]
  0x00007f9a63014800 JavaThread "Reference Handler" daemon [_thread_blocked, id=11779, stack(0x0000700000629000,0x0000700000729000)]
=>0x00007f9a64005000 JavaThread "JavaFX Application Thread" [_thread_in_native, id=2571, stack(0x00007fff5ab6a000,0x00007fff5b36a000)]

Other Threads:
  0x00007f9a63011800 VMThread [stack: 0x0000700000526000,0x0000700000626000] [id=11267]
  0x00007f9a6404e000 WatcherThread [stack: 0x0000700000e44000,0x0000700000f44000] [id=18435]

VM state:not at safepoint (normal execution)

VM Mutex/Monitor currently owned by a thread: None

Heap:
 PSYoungGen      total 38400K, used 2829K [0x0000000795580000, 0x0000000798000000, 0x00000007c0000000)
  eden space 33280K, 8% used [0x0000000795580000,0x0000000795843460,0x0000000797600000)
  from space 5120K, 0% used [0x0000000797b00000,0x0000000797b00000,0x0000000798000000)
  to   space 5120K, 0% used [0x0000000797600000,0x0000000797600000,0x0000000797b00000)
 ParOldGen       total 73728K, used 9907K [0x0000000740000000, 0x0000000744800000, 0x0000000795580000)
  object space 73728K, 13% used [0x0000000740000000,0x00000007409acf70,0x0000000744800000)
 Metaspace       used 21144K, capacity 21868K, committed 22016K, reserved 1069056K
  class space    used 2631K, capacity 2795K, committed 2816K, reserved 1048576K

Card table byte_map: [0x00000001157c0000,0x0000000115bc1000] byte_map_base: 0x0000000111dc0000

Marking Bits: (ParMarkBitMap*) 0x00000001053f0e20
 Begin Bits: [0x0000000115e6c000, 0x0000000117e6c000)
 End Bits:   [0x0000000117e6c000, 0x0000000119e6c000)

Polling page: 0x0000000105b9a000

CodeCache: size=245760Kb used=4921Kb max_used=4921Kb free=240838Kb
 bounds [0x0000000106400000, 0x00000001068d0000, 0x0000000115400000]
 total_blobs=2399 nmethods=1479 adapters=834
 compilation: enabled

Compilation events (10 events):
Event: 4.959 Thread 0x00007f9a63038000 1474   !   3       click.rmx.RMXObject::checkMethodWithName (101 bytes)
Event: 4.960 Thread 0x00007f9a63038000 nmethod 1474 0x00000001068cc810 code [0x00000001068ccaa0, 0x00000001068cdc98]
Event: 4.960 Thread 0x00007f9a63038000 1476       1       click.rmx.engine.GameNode::getParent (5 bytes)
Event: 4.960 Thread 0x00007f9a63038000 nmethod 1476 0x00000001068ce690 code [0x00000001068ce7e0, 0x00000001068ce8f0]
Event: 4.965 Thread 0x00007f9a63038000 1477       3       org.lwjgl.opengl.GL11::getInstance (13 bytes)
Event: 4.965 Thread 0x00007f9a63038000 nmethod 1477 0x00000001068ce950 code [0x00000001068ceb20, 0x00000001068cf0e8]
Event: 4.965 Thread 0x00007f9a63038000 1478       3       org.lwjgl.opengl.GL::getCapabilities (29 bytes)
Event: 4.965 Thread 0x00007f9a63038000 nmethod 1478 0x00000001068cf350 code [0x00000001068cf4e0, 0x00000001068cf8d8]
Event: 4.966 Thread 0x00007f9a63038000 1479       3       org.lwjgl.system.Checks::checkFunctionAddress (18 bytes)
Event: 4.966 Thread 0x00007f9a63038000 nmethod 1479 0x00000001068cfa10 code [0x00000001068cfb80, 0x00000001068cfdc8]

GC Heap History (6 events):
Event: 1.427 GC heap before
{Heap before GC invocations=1 (full 0):
 PSYoungGen      total 38400K, used 33280K [0x0000000795580000, 0x0000000798000000, 0x00000007c0000000)
  eden space 33280K, 100% used [0x0000000795580000,0x0000000797600000,0x0000000797600000)
  from space 5120K, 0% used [0x0000000797b00000,0x0000000797b00000,0x0000000798000000)
  to   space 5120K, 0% used [0x0000000797600000,0x0000000797600000,0x0000000797b00000)
 ParOldGen       total 87552K, used 0K [0x0000000740000000, 0x0000000745580000, 0x0000000795580000)
  object space 87552K, 0% used [0x0000000740000000,0x0000000740000000,0x0000000745580000)
 Metaspace       used 15744K, capacity 16234K, committed 16384K, reserved 1062912K
  class space    used 2107K, capacity 2254K, committed 2304K, reserved 1048576K
Event: 1.437 GC heap after
Heap after GC invocations=1 (full 0):
 PSYoungGen      total 38400K, used 5090K [0x0000000795580000, 0x0000000798000000, 0x00000007c0000000)
  eden space 33280K, 0% used [0x0000000795580000,0x0000000795580000,0x0000000797600000)
  from space 5120K, 99% used [0x0000000797600000,0x0000000797af8be0,0x0000000797b00000)
  to   space 5120K, 0% used [0x0000000797b00000,0x0000000797b00000,0x0000000798000000)
 ParOldGen       total 87552K, used 327K [0x0000000740000000, 0x0000000745580000, 0x0000000795580000)
  object space 87552K, 0% used [0x0000000740000000,0x0000000740051cd0,0x0000000745580000)
 Metaspace       used 15744K, capacity 16234K, committed 16384K, reserved 1062912K
  class space    used 2107K, capacity 2254K, committed 2304K, reserved 1048576K
}
Event: 4.855 GC heap before
{Heap before GC invocations=2 (full 0):
 PSYoungGen      total 38400K, used 20653K [0x0000000795580000, 0x0000000798000000, 0x00000007c0000000)
  eden space 33280K, 46% used [0x0000000795580000,0x00000007964b2b00,0x0000000797600000)
  from space 5120K, 99% used [0x0000000797600000,0x0000000797af8be0,0x0000000797b00000)
  to   space 5120K, 0% used [0x0000000797b00000,0x0000000797b00000,0x0000000798000000)
 ParOldGen       total 87552K, used 327K [0x0000000740000000, 0x0000000745580000, 0x0000000795580000)
  object space 87552K, 0% used [0x0000000740000000,0x0000000740051cd0,0x0000000745580000)
 Metaspace       used 20454K, capacity 21144K, committed 21248K, reserved 1067008K
  class space    used 2575K, capacity 2751K, committed 2816K, reserved 1048576K
Event: 4.867 GC heap after
Heap after GC invocations=2 (full 0):
 PSYoungGen      total 38400K, used 5115K [0x0000000795580000, 0x0000000798000000, 0x00000007c0000000)
  eden space 33280K, 0% used [0x0000000795580000,0x0000000795580000,0x0000000797600000)
  from space 5120K, 99% used [0x0000000797b00000,0x0000000797ffed98,0x0000000798000000)
  to   space 5120K, 0% used [0x0000000797600000,0x0000000797600000,0x0000000797b00000)
 ParOldGen       total 87552K, used 7242K [0x0000000740000000, 0x0000000745580000, 0x0000000795580000)
  object space 87552K, 8% used [0x0000000740000000,0x00000007407129f8,0x0000000745580000)
 Metaspace       used 20454K, capacity 21144K, committed 21248K, reserved 1067008K
  class space    used 2575K, capacity 2751K, committed 2816K, reserved 1048576K
}
Event: 4.867 GC heap before
{Heap before GC invocations=3 (full 1):
 PSYoungGen      total 38400K, used 5115K [0x0000000795580000, 0x0000000798000000, 0x00000007c0000000)
  eden space 33280K, 0% used [0x0000000795580000,0x0000000795580000,0x0000000797600000)
  from space 5120K, 99% used [0x0000000797b00000,0x0000000797ffed98,0x0000000798000000)
  to   space 5120K, 0% used [0x0000000797600000,0x0000000797600000,0x0000000797b00000)
 ParOldGen       total 87552K, used 7242K [0x0000000740000000, 0x0000000745580000, 0x0000000795580000)
  object space 87552K, 8% used [0x0000000740000000,0x00000007407129f8,0x0000000745580000)
 Metaspace       used 20454K, capacity 21144K, committed 21248K, reserved 1067008K
  class space    used 2575K, capacity 2751K, committed 2816K, reserved 1048576K
Event: 4.912 GC heap after
Heap after GC invocations=3 (full 1):
 PSYoungGen      total 38400K, used 0K [0x0000000795580000, 0x0000000798000000, 0x00000007c0000000)
  eden space 33280K, 0% used [0x0000000795580000,0x0000000795580000,0x0000000797600000)
  from space 5120K, 0% used [0x0000000797b00000,0x0000000797b00000,0x0000000798000000)
  to   space 5120K, 0% used [0x0000000797600000,0x0000000797600000,0x0000000797b00000)
 ParOldGen       total 73728K, used 9907K [0x0000000740000000, 0x0000000744800000, 0x0000000795580000)
  object space 73728K, 13% used [0x0000000740000000,0x00000007409acf70,0x0000000744800000)
 Metaspace       used 20454K, capacity 21144K, committed 21248K, reserved 1067008K
  class space    used 2575K, capacity 2751K, committed 2816K, reserved 1048576K
}

Deoptimization events (10 events):
Event: 1.123 Thread 0x00007f9a64005000 Uncommon trap: reason=class_check action=maybe_recompile pc=0x000000010651efdc method=java.lang.String.equals(Ljava/lang/Object;)Z @ 8
Event: 1.123 Thread 0x00007f9a64005000 Uncommon trap: reason=class_check action=maybe_recompile pc=0x000000010651efdc method=java.lang.String.equals(Ljava/lang/Object;)Z @ 8
Event: 1.123 Thread 0x00007f9a64005000 Uncommon trap: reason=class_check action=maybe_recompile pc=0x000000010651efdc method=java.lang.String.equals(Ljava/lang/Object;)Z @ 8
Event: 1.344 Thread 0x00007f9a64005000 Uncommon trap: reason=unstable_if action=reinterpret pc=0x00000001065d3460 method=java.lang.CharacterData.of(I)Ljava/lang/CharacterData; @ 4
Event: 1.380 Thread 0x00007f9a64005000 Uncommon trap: reason=class_check action=maybe_recompile pc=0x000000010651efdc method=java.lang.String.equals(Ljava/lang/Object;)Z @ 8
Event: 1.509 Thread 0x00007f9a64005000 Uncommon trap: reason=unstable_if action=reinterpret pc=0x000000010671e63c method=java.lang.ref.SoftReference.get()Ljava/lang/Object; @ 17
Event: 1.640 Thread 0x00007f9a63988000 Uncommon trap: reason=unstable_if action=reinterpret pc=0x000000010669ebe0 method=sun.net.www.ParseUtil.encodePath(Ljava/lang/String;Z)Ljava/lang/String; @ 109
Event: 1.685 Thread 0x00007f9a64005000 Uncommon trap: reason=unstable_if action=reinterpret pc=0x0000000106733684 method=jdk.internal.org.objectweb.asm.Type.getArgumentsAndReturnSizes(Ljava/lang/String;)I @ 47
Event: 4.943 Thread 0x00007f9a64005000 Uncommon trap: reason=unstable_if action=reinterpret pc=0x000000010670c154 method=java.lang.ref.SoftReference.get()Ljava/lang/Object; @ 17
Event: 4.946 Thread 0x00007f9a6327b000 Uncommon trap: reason=unstable_if action=reinterpret pc=0x000000010678e97c method=java.util.concurrent.ConcurrentHashMap.addCount(JI)V @ 34

Internal exceptions (10 events):
Event: 0.262 Thread 0x00007f9a6317c800 Exception <a 'java/security/PrivilegedActionException'> (0x0000000795a2f4a0) thrown at [/Users/java_re/workspace/8-2-build-macosx-x86_64/jdk8u60/4407/hotspot/src/share/vm/prims/jvm.cpp, line 1386]
Event: 0.262 Thread 0x00007f9a6317c800 Exception <a 'java/security/PrivilegedActionException'> (0x0000000795a2f6b0) thrown at [/Users/java_re/workspace/8-2-build-macosx-x86_64/jdk8u60/4407/hotspot/src/share/vm/prims/jvm.cpp, line 1386]
Event: 0.262 Thread 0x00007f9a6317c800 Exception <a 'java/security/PrivilegedActionException'> (0x0000000795a32950) thrown at [/Users/java_re/workspace/8-2-build-macosx-x86_64/jdk8u60/4407/hotspot/src/share/vm/prims/jvm.cpp, line 1386]
Event: 0.262 Thread 0x00007f9a6317c800 Exception <a 'java/security/PrivilegedActionException'> (0x0000000795a32b60) thrown at [/Users/java_re/workspace/8-2-build-macosx-x86_64/jdk8u60/4407/hotspot/src/share/vm/prims/jvm.cpp, line 1386]
Event: 0.263 Thread 0x00007f9a6317c800 Exception <a 'java/lang/NullPointerException'> (0x0000000795a33350) thrown at [/Users/java_re/workspace/8-2-build-macosx-x86_64/jdk8u60/4407/hotspot/src/share/vm/interpreter/linkResolver.cpp, line 1178]
Event: 0.756 Thread 0x00007f9a64005000 Exception <a 'java/lang/NullPointerException'> (0x00000007967b4f68) thrown at [/Users/java_re/workspace/8-2-build-macosx-x86_64/jdk8u60/4407/hotspot/src/share/vm/interpreter/linkResolver.cpp, line 1178]
Event: 0.756 Thread 0x00007f9a64005000 Exception <a 'java/lang/NullPointerException'> (0x00000007967b4f68) thrown at [/Users/java_re/workspace/8-2-build-macosx-x86_64/jdk8u60/4407/hotspot/src/share/vm/prims/jvm.cpp, line 1390]
Event: 0.883 Thread 0x00007f9a64005000 Exception <a 'java/lang/ArrayIndexOutOfBoundsException'> (0x0000000796c30178) thrown at [/Users/java_re/workspace/8-2-build-macosx-x86_64/jdk8u60/4407/hotspot/src/share/vm/runtime/sharedRuntime.cpp, line 605]
Event: 0.883 Thread 0x00007f9a64005000 Exception <a 'java/lang/ArrayIndexOutOfBoundsException'> (0x0000000796c30e78) thrown at [/Users/java_re/workspace/8-2-build-macosx-x86_64/jdk8u60/4407/hotspot/src/share/vm/runtime/sharedRuntime.cpp, line 605]
Event: 0.883 Thread 0x00007f9a64005000 Exception <a 'java/lang/ArrayIndexOutOfBoundsException'> (0x0000000796c32220) thrown at [/Users/java_re/workspace/8-2-build-macosx-x86_64/jdk8u60/4407/hotspot/src/share/vm/runtime/sharedRuntime.cpp, line 605]

Events (10 events):
Event: 4.958 loading class click/rmx/engine/Node
Event: 4.958 loading class click/rmx/engine/Node done
Event: 4.958 loading class com/maxbilbow/aicubo/AiCubo$1
Event: 4.958 loading class com/maxbilbow/aicubo/AiCubo$1 done
Event: 4.959 loading class click/rmx/engine/math/Matrix4
Event: 4.959 loading class click/rmx/engine/math/Matrix4 done
Event: 4.959 loading class click/rmx/engine/Node
Event: 4.959 loading class click/rmx/engine/Node done
Event: 4.959 loading class click/rmx/engine/math/Matrix4
Event: 4.959 loading class click/rmx/engine/math/Matrix4 done


Dynamic libraries:
0x000000000baa6000 	/System/Library/Frameworks/Cocoa.framework/Versions/A/Cocoa
0x000000000baa6000 	/System/Library/Frameworks/Security.framework/Versions/A/Security
0x000000000baa6000 	/System/Library/Frameworks/ApplicationServices.framework/Versions/A/ApplicationServices
0x000000000baa6000 	/usr/lib/libz.1.dylib
0x000000000baa6000 	/usr/lib/libSystem.B.dylib
0x000000000baa6000 	/usr/lib/libobjc.A.dylib
0x000000000baa6000 	/System/Library/Frameworks/CoreFoundation.framework/Versions/A/CoreFoundation
0x000000000baa6000 	/System/Library/Frameworks/Foundation.framework/Versions/C/Foundation
0x000000000baa6000 	/System/Library/Frameworks/AppKit.framework/Versions/C/AppKit
0x000000000baa6000 	/System/Library/Frameworks/CoreData.framework/Versions/A/CoreData
0x000000000baa6000 	/System/Library/PrivateFrameworks/RemoteViewServices.framework/Versions/A/RemoteViewServices
0x000000000baa6000 	/System/Library/PrivateFrameworks/UIFoundation.framework/Versions/A/UIFoundation
0x000000000baa6000 	/usr/lib/libScreenReader.dylib
0x000000000baa6000 	/System/Library/Frameworks/Accelerate.framework/Versions/A/Accelerate
0x000000000baa6000 	/System/Library/Frameworks/IOSurface.framework/Versions/A/IOSurface
0x000000000baa6000 	/System/Library/Frameworks/AudioToolbox.framework/Versions/A/AudioToolbox
0x000000000baa6000 	/System/Library/Frameworks/AudioUnit.framework/Versions/A/AudioUnit
0x000000000baa6000 	/System/Library/PrivateFrameworks/DataDetectorsCore.framework/Versions/A/DataDetectorsCore
0x000000000baa6000 	/System/Library/PrivateFrameworks/DesktopServicesPriv.framework/Versions/A/DesktopServicesPriv
0x000000000baa6000 	/System/Library/Frameworks/Carbon.framework/Versions/A/Frameworks/HIToolbox.framework/Versions/A/HIToolbox
0x000000000baa6000 	/System/Library/Frameworks/QuartzCore.framework/Versions/A/QuartzCore
0x000000000baa6000 	/System/Library/Frameworks/Carbon.framework/Versions/A/Frameworks/SpeechRecognition.framework/Versions/A/SpeechRecognition
0x000000000baa6000 	/usr/lib/libauto.dylib
0x000000000baa6000 	/usr/lib/libicucore.A.dylib
0x000000000baa6000 	/usr/lib/libxml2.2.dylib
0x000000000baa6000 	/System/Library/PrivateFrameworks/CoreUI.framework/Versions/A/CoreUI
0x000000000baa6000 	/System/Library/Frameworks/CoreAudio.framework/Versions/A/CoreAudio
0x000000000baa6000 	/System/Library/Frameworks/DiskArbitration.framework/Versions/A/DiskArbitration
0x000000000baa6000 	/usr/lib/liblangid.dylib
0x000000000baa6000 	/System/Library/PrivateFrameworks/MultitouchSupport.framework/Versions/A/MultitouchSupport
0x000000000baa6000 	/System/Library/Frameworks/IOKit.framework/Versions/A/IOKit
0x000000000baa6000 	/usr/lib/libDiagnosticMessagesClient.dylib
0x000000000baa6000 	/System/Library/Frameworks/CoreServices.framework/Versions/A/CoreServices
0x000000000baa6000 	/System/Library/PrivateFrameworks/PerformanceAnalysis.framework/Versions/A/PerformanceAnalysis
0x000000000baa6000 	/System/Library/PrivateFrameworks/GenerationalStorage.framework/Versions/A/GenerationalStorage
0x000000000baa6000 	/System/Library/Frameworks/OpenGL.framework/Versions/A/OpenGL
0x000000000baa6000 	/System/Library/PrivateFrameworks/Sharing.framework/Versions/A/Sharing
0x000000000baa6000 	/System/Library/Frameworks/CoreGraphics.framework/Versions/A/CoreGraphics
0x000000000baa6000 	/System/Library/Frameworks/CoreImage.framework/Versions/A/CoreImage
0x000000000baa6000 	/System/Library/Frameworks/CoreText.framework/Versions/A/CoreText
0x000000000baa6000 	/System/Library/Frameworks/ImageIO.framework/Versions/A/ImageIO
0x000000000baa6000 	/System/Library/PrivateFrameworks/Backup.framework/Versions/A/Backup
0x000000000baa6000 	/usr/lib/libextension.dylib
0x000000000baa6000 	/usr/lib/libarchive.2.dylib
0x000000000baa6000 	/System/Library/Frameworks/CFNetwork.framework/Versions/A/CFNetwork
0x000000000baa6000 	/System/Library/Frameworks/SystemConfiguration.framework/Versions/A/SystemConfiguration
0x000000000baa6000 	/usr/lib/libCRFSuite.dylib
0x000000000baa6000 	/usr/lib/libc++.1.dylib
0x000000000baa6000 	/usr/lib/libc++abi.dylib
0x000000000baa6000 	/usr/lib/system/libcache.dylib
0x000000000baa6000 	/usr/lib/system/libcommonCrypto.dylib
0x000000000baa6000 	/usr/lib/system/libcompiler_rt.dylib
0x000000000baa6000 	/usr/lib/system/libcopyfile.dylib
0x000000000baa6000 	/usr/lib/system/libcorecrypto.dylib
0x000000000baa6000 	/usr/lib/system/libdispatch.dylib
0x000000000baa6000 	/usr/lib/system/libdyld.dylib
0x000000000baa6000 	/usr/lib/system/libkeymgr.dylib
0x000000000baa6000 	/usr/lib/system/liblaunch.dylib
0x000000000baa6000 	/usr/lib/system/libmacho.dylib
0x000000000baa6000 	/usr/lib/system/libquarantine.dylib
0x000000000baa6000 	/usr/lib/system/libremovefile.dylib
0x000000000baa6000 	/usr/lib/system/libsystem_asl.dylib
0x000000000baa6000 	/usr/lib/system/libsystem_blocks.dylib
0x000000000baa6000 	/usr/lib/system/libsystem_c.dylib
0x000000000baa6000 	/usr/lib/system/libsystem_configuration.dylib
0x000000000baa6000 	/usr/lib/system/libsystem_coreservices.dylib
0x000000000baa6000 	/usr/lib/system/libsystem_coretls.dylib
0x000000000baa6000 	/usr/lib/system/libsystem_dnssd.dylib
0x000000000baa6000 	/usr/lib/system/libsystem_info.dylib
0x000000000baa6000 	/usr/lib/system/libsystem_kernel.dylib
0x000000000baa6000 	/usr/lib/system/libsystem_m.dylib
0x000000000baa6000 	/usr/lib/system/libsystem_malloc.dylib
0x000000000baa6000 	/usr/lib/system/libsystem_network.dylib
0x000000000baa6000 	/usr/lib/system/libsystem_networkextension.dylib
0x000000000baa6000 	/usr/lib/system/libsystem_notify.dylib
0x000000000baa6000 	/usr/lib/system/libsystem_platform.dylib
0x000000000baa6000 	/usr/lib/system/libsystem_pthread.dylib
0x000000000baa6000 	/usr/lib/system/libsystem_sandbox.dylib
0x000000000baa6000 	/usr/lib/system/libsystem_secinit.dylib
0x000000000baa6000 	/usr/lib/system/libsystem_trace.dylib
0x000000000baa6000 	/usr/lib/system/libunc.dylib
0x000000000baa6000 	/usr/lib/system/libunwind.dylib
0x000000000baa6000 	/usr/lib/system/libxpc.dylib
0x000000000baa6000 	/usr/lib/libenergytrace.dylib
0x000000000baa6000 	/usr/lib/libbsm.0.dylib
0x000000000baa6000 	/usr/lib/system/libkxld.dylib
0x000000000baa6000 	/usr/lib/libxar.1.dylib
0x000000000baa6000 	/usr/lib/libsqlite3.dylib
0x000000000baa6000 	/usr/lib/libpam.2.dylib
0x000000000baa6000 	/usr/lib/libOpenScriptingUtil.dylib
0x000000000baa6000 	/usr/lib/libbz2.1.0.dylib
0x000000000baa6000 	/usr/lib/liblzma.5.dylib
0x000000000baa6000 	/System/Library/Frameworks/CoreServices.framework/Versions/A/Frameworks/FSEvents.framework/Versions/A/FSEvents
0x000000000baa6000 	/System/Library/Frameworks/CoreServices.framework/Versions/A/Frameworks/CarbonCore.framework/Versions/A/CarbonCore
0x000000000baa6000 	/System/Library/Frameworks/CoreServices.framework/Versions/A/Frameworks/Metadata.framework/Versions/A/Metadata
0x000000000baa6000 	/System/Library/Frameworks/CoreServices.framework/Versions/A/Frameworks/OSServices.framework/Versions/A/OSServices
0x000000000baa6000 	/System/Library/Frameworks/CoreServices.framework/Versions/A/Frameworks/SearchKit.framework/Versions/A/SearchKit
0x000000000baa6000 	/System/Library/Frameworks/CoreServices.framework/Versions/A/Frameworks/AE.framework/Versions/A/AE
0x000000000baa6000 	/System/Library/Frameworks/CoreServices.framework/Versions/A/Frameworks/LaunchServices.framework/Versions/A/LaunchServices
0x000000000baa6000 	/System/Library/Frameworks/CoreServices.framework/Versions/A/Frameworks/DictionaryServices.framework/Versions/A/DictionaryServices
0x000000000baa6000 	/System/Library/Frameworks/CoreServices.framework/Versions/A/Frameworks/SharedFileList.framework/Versions/A/SharedFileList
0x000000000baa6000 	/System/Library/Frameworks/NetFS.framework/Versions/A/NetFS
0x000000000baa6000 	/System/Library/PrivateFrameworks/NetAuth.framework/Versions/A/NetAuth
0x000000000baa6000 	/System/Library/PrivateFrameworks/login.framework/Versions/A/Frameworks/loginsupport.framework/Versions/A/loginsupport
0x000000000baa6000 	/System/Library/PrivateFrameworks/TCC.framework/Versions/A/TCC
0x000000000baa6000 	/usr/lib/libmecabra.dylib
0x000000000baa6000 	/System/Library/Frameworks/ApplicationServices.framework/Versions/A/Frameworks/ATS.framework/Versions/A/ATS
0x000000000baa6000 	/System/Library/Frameworks/ApplicationServices.framework/Versions/A/Frameworks/ColorSync.framework/Versions/A/ColorSync
0x000000000baa6000 	/System/Library/Frameworks/ApplicationServices.framework/Versions/A/Frameworks/HIServices.framework/Versions/A/HIServices
0x000000000baa6000 	/System/Library/Frameworks/ApplicationServices.framework/Versions/A/Frameworks/LangAnalysis.framework/Versions/A/LangAnalysis
0x000000000baa6000 	/System/Library/Frameworks/ApplicationServices.framework/Versions/A/Frameworks/PrintCore.framework/Versions/A/PrintCore
0x000000000baa6000 	/System/Library/Frameworks/ApplicationServices.framework/Versions/A/Frameworks/QD.framework/Versions/A/QD
0x000000000baa6000 	/System/Library/Frameworks/ApplicationServices.framework/Versions/A/Frameworks/SpeechSynthesis.framework/Versions/A/SpeechSynthesis
0x000000000baa6000 	/System/Library/Frameworks/Metal.framework/Versions/A/Metal
0x000000000baa6000 	/System/Library/Frameworks/Accelerate.framework/Versions/A/Frameworks/vImage.framework/Versions/A/vImage
0x000000000baa6000 	/System/Library/Frameworks/Accelerate.framework/Versions/A/Frameworks/vecLib.framework/Versions/A/vecLib
0x000000000baa6000 	/System/Library/Frameworks/Accelerate.framework/Versions/A/Frameworks/vecLib.framework/Versions/A/libvDSP.dylib
0x000000000baa6000 	/System/Library/Frameworks/Accelerate.framework/Versions/A/Frameworks/vecLib.framework/Versions/A/libvMisc.dylib
0x000000000baa6000 	/System/Library/Frameworks/Accelerate.framework/Versions/A/Frameworks/vecLib.framework/Versions/A/libLAPACK.dylib
0x000000000baa6000 	/System/Library/Frameworks/Accelerate.framework/Versions/A/Frameworks/vecLib.framework/Versions/A/libBLAS.dylib
0x000000000baa6000 	/System/Library/Frameworks/Accelerate.framework/Versions/A/Frameworks/vecLib.framework/Versions/A/libLinearAlgebra.dylib
0x000000000baa6000 	/System/Library/Frameworks/Accelerate.framework/Versions/A/Frameworks/vecLib.framework/Versions/A/libSparseBLAS.dylib
0x000000000baa6000 	/System/Library/PrivateFrameworks/GPUCompiler.framework/libmetal_timestamp.dylib
0x000000000baa6000 	/System/Library/Frameworks/OpenGL.framework/Versions/A/Libraries/libCoreFSCache.dylib
0x000000000baa6000 	/System/Library/PrivateFrameworks/IOAccelerator.framework/Versions/A/IOAccelerator
0x000000000baa6000 	/System/Library/Frameworks/ApplicationServices.framework/Versions/A/Frameworks/ATS.framework/Versions/A/Resources/libFontParser.dylib
0x000000000baa6000 	/System/Library/Frameworks/ApplicationServices.framework/Versions/A/Frameworks/ATS.framework/Versions/A/Resources/libFontRegistry.dylib
0x000000000baa6000 	/System/Library/PrivateFrameworks/AppleVPA.framework/Versions/A/AppleVPA
0x000000000baa6000 	/System/Library/PrivateFrameworks/AppleJPEG.framework/Versions/A/AppleJPEG
0x000000000baa6000 	/System/Library/Frameworks/ImageIO.framework/Versions/A/Resources/libJPEG.dylib
0x000000000baa6000 	/System/Library/Frameworks/ImageIO.framework/Versions/A/Resources/libTIFF.dylib
0x000000000baa6000 	/System/Library/Frameworks/ImageIO.framework/Versions/A/Resources/libPng.dylib
0x000000000baa6000 	/System/Library/Frameworks/ImageIO.framework/Versions/A/Resources/libGIF.dylib
0x000000000baa6000 	/System/Library/Frameworks/ImageIO.framework/Versions/A/Resources/libJP2.dylib
0x000000000baa6000 	/System/Library/Frameworks/ImageIO.framework/Versions/A/Resources/libRadiance.dylib
0x000000000baa6000 	/System/Library/Frameworks/CoreVideo.framework/Versions/A/CoreVideo
0x000000000baa6000 	/System/Library/Frameworks/OpenGL.framework/Versions/A/Libraries/libGLU.dylib
0x000000000baa6000 	/System/Library/Frameworks/OpenGL.framework/Versions/A/Libraries/libGFXShared.dylib
0x000000000baa6000 	/System/Library/Frameworks/OpenGL.framework/Versions/A/Libraries/libGL.dylib
0x000000000baa6000 	/System/Library/Frameworks/OpenGL.framework/Versions/A/Libraries/libGLImage.dylib
0x000000000baa6000 	/System/Library/Frameworks/OpenGL.framework/Versions/A/Libraries/libCVMSPluginSupport.dylib
0x000000000baa6000 	/System/Library/Frameworks/OpenGL.framework/Versions/A/Libraries/libCoreVMClient.dylib
0x000000000baa6000 	/usr/lib/libcups.2.dylib
0x000000000baa6000 	/System/Library/Frameworks/Kerberos.framework/Versions/A/Kerberos
0x000000000baa6000 	/System/Library/Frameworks/GSS.framework/Versions/A/GSS
0x000000000baa6000 	/usr/lib/libresolv.9.dylib
0x000000000baa6000 	/usr/lib/libiconv.2.dylib
0x000000000baa6000 	/System/Library/PrivateFrameworks/Heimdal.framework/Versions/A/Heimdal
0x000000000baa6000 	/usr/lib/libheimdal-asn1.dylib
0x000000000baa6000 	/System/Library/Frameworks/OpenDirectory.framework/Versions/A/OpenDirectory
0x000000000baa6000 	/System/Library/PrivateFrameworks/CommonAuth.framework/Versions/A/CommonAuth
0x000000000baa6000 	/System/Library/Frameworks/OpenDirectory.framework/Versions/A/Frameworks/CFOpenDirectory.framework/Versions/A/CFOpenDirectory
0x000000000baa6000 	/System/Library/Frameworks/SecurityFoundation.framework/Versions/A/SecurityFoundation
0x000000000baa6000 	/System/Library/PrivateFrameworks/LanguageModeling.framework/Versions/A/LanguageModeling
0x000000000baa6000 	/usr/lib/libmarisa.dylib
0x000000000baa6000 	/usr/lib/libChineseTokenizer.dylib
0x000000000baa6000 	/usr/lib/libcmph.dylib
0x000000000baa6000 	/usr/lib/libcompression.dylib
0x000000000baa6000 	/System/Library/Frameworks/ServiceManagement.framework/Versions/A/ServiceManagement
0x000000000baa6000 	/usr/lib/libxslt.1.dylib
0x000000000baa6000 	/System/Library/Frameworks/Carbon.framework/Versions/A/Frameworks/Ink.framework/Versions/A/Ink
0x000000000baa6000 	/usr/lib/libFosl_dynamic.dylib
0x000000000baa6000 	/System/Library/PrivateFrameworks/FaceCore.framework/Versions/A/FaceCore
0x000000000baa6000 	/System/Library/Frameworks/OpenCL.framework/Versions/A/OpenCL
0x000000000baa6000 	/System/Library/PrivateFrameworks/CrashReporterSupport.framework/Versions/A/CrashReporterSupport
0x000000000baa6000 	/System/Library/PrivateFrameworks/IconServices.framework/Versions/A/IconServices
0x000000000baa6000 	/System/Library/PrivateFrameworks/Apple80211.framework/Versions/A/Apple80211
0x000000000baa6000 	/System/Library/Frameworks/CoreWLAN.framework/Versions/A/CoreWLAN
0x000000000baa6000 	/System/Library/Frameworks/IOBluetooth.framework/Versions/A/IOBluetooth
0x000000000baa6000 	/System/Library/PrivateFrameworks/CoreWiFi.framework/Versions/A/CoreWiFi
0x000000000baa6000 	/System/Library/Frameworks/CoreBluetooth.framework/Versions/A/CoreBluetooth
0x000000000baa6000 	/System/Library/PrivateFrameworks/ChunkingLibrary.framework/Versions/A/ChunkingLibrary
0x000000000baa6000 	/System/Library/PrivateFrameworks/DebugSymbols.framework/Versions/A/DebugSymbols
0x000000000baa6000 	/System/Library/PrivateFrameworks/CoreSymbolication.framework/Versions/A/CoreSymbolication
0x000000000baa6000 	/System/Library/PrivateFrameworks/Symbolication.framework/Versions/A/Symbolication
0x000000000baa6000 	/System/Library/PrivateFrameworks/SpeechRecognitionCore.framework/Versions/A/SpeechRecognitionCore
0x0000000104b12000 	/Library/Java/JavaVirtualMachines/jdk1.8.0_60.jdk/Contents/Home/jre/lib/server/libjvm.dylib
0x0000000105a9b000 	/usr/lib/libstdc++.6.dylib
0x0000000105b57000 	/Library/Java/JavaVirtualMachines/jdk1.8.0_60.jdk/Contents/Home/jre/lib/libverify.dylib
0x0000000105b65000 	/Library/Java/JavaVirtualMachines/jdk1.8.0_60.jdk/Contents/Home/jre/lib/libjava.dylib
0x0000000105ba3000 	/Library/Java/JavaVirtualMachines/jdk1.8.0_60.jdk/Contents/Home/jre/lib/libzip.dylib
0x000000011bd12000 	/System/Library/Frameworks/JavaVM.framework/Frameworks/JavaRuntimeSupport.framework/JavaRuntimeSupport
0x000000011bd2c000 	/System/Library/Frameworks/JavaVM.framework/Versions/A/Frameworks/JavaNativeFoundation.framework/Versions/A/JavaNativeFoundation
0x000000011bd41000 	/System/Library/Frameworks/JavaVM.framework/Versions/A/JavaVM
0x000000000baa6000 	/System/Library/Frameworks/Carbon.framework/Versions/A/Carbon
0x000000011bd4e000 	/System/Library/PrivateFrameworks/JavaLaunching.framework/Versions/A/JavaLaunching
0x000000000baa6000 	/System/Library/Frameworks/Carbon.framework/Versions/A/Frameworks/CommonPanels.framework/Versions/A/CommonPanels
0x000000000baa6000 	/System/Library/Frameworks/Carbon.framework/Versions/A/Frameworks/Help.framework/Versions/A/Help
0x000000000baa6000 	/System/Library/Frameworks/Carbon.framework/Versions/A/Frameworks/ImageCapture.framework/Versions/A/ImageCapture
0x000000000baa6000 	/System/Library/Frameworks/Carbon.framework/Versions/A/Frameworks/OpenScripting.framework/Versions/A/OpenScripting
0x000000000baa6000 	/System/Library/Frameworks/Carbon.framework/Versions/A/Frameworks/Print.framework/Versions/A/Print
0x000000000baa6000 	/System/Library/Frameworks/Carbon.framework/Versions/A/Frameworks/SecurityHI.framework/Versions/A/SecurityHI
0x000000011d715000 	/Users/Max/Gits/AiCubo-Java/AiCubo/lib/lwjgl/native/liblwjgl.dylib
0x000000011d7e4000 	/Library/Java/JavaVirtualMachines/jdk1.8.0_60.jdk/Contents/Home/jre/lib/libprism_es2.dylib
0x000000011d866000 	/System/Library/Frameworks/OpenGL.framework/Resources/GLEngine.bundle/GLEngine
0x000000000baa6000 	/System/Library/Frameworks/OpenGL.framework/Versions/A/Libraries/libGLProgrammability.dylib
0x000000011da4e000 	/System/Library/Extensions/AppleIntelHD5000GraphicsGLDriver.bundle/Contents/MacOS/AppleIntelHD5000GraphicsGLDriver
0x000000000baa6000 	/System/Library/PrivateFrameworks/GPUSupport.framework/Versions/A/Libraries/libGPUSupportMercury.dylib
0x000000011e1a9000 	/System/Library/Frameworks/OpenGL.framework/Resources//GLRendererFloat.bundle/GLRendererFloat
0x000000000baa6000 	/System/Library/Frameworks/OpenCL.framework/Versions/A/Libraries/libcldcpuengine.dylib
0x000000000baa6000 	/System/Library/PrivateFrameworks/DiskImages.framework/Versions/A/DiskImages
0x000000000baa6000 	/System/Library/Frameworks/DiscRecording.framework/Versions/A/DiscRecording
0x000000000baa6000 	/usr/lib/libcsfde.dylib
0x000000000baa6000 	/usr/lib/libcurl.4.dylib
0x000000000baa6000 	/System/Library/PrivateFrameworks/MediaKit.framework/Versions/A/MediaKit
0x000000000baa6000 	/System/Library/PrivateFrameworks/ProtectedCloudStorage.framework/Versions/A/ProtectedCloudStorage
0x000000000baa6000 	/usr/lib/libCoreStorage.dylib
0x000000000baa6000 	/System/Library/PrivateFrameworks/EFILogin.framework/Versions/A/EFILogin
0x000000000baa6000 	/usr/lib/libutil.dylib
0x000000000baa6000 	/System/Library/PrivateFrameworks/FindMyDevice.framework/Versions/A/FindMyDevice
0x000000000baa6000 	/System/Library/Frameworks/LDAP.framework/Versions/A/LDAP
0x000000000baa6000 	/usr/lib/libsasl2.2.dylib
0x000000000baa6000 	/System/Library/PrivateFrameworks/CoreDaemon.framework/Versions/B/CoreDaemon
0x000000000baa6000 	/usr/lib/libcrypto.0.9.8.dylib
0x000000000baa6000 	/System/Library/PrivateFrameworks/AppleSRP.framework/Versions/A/AppleSRP
0x000000000baa6000 	/System/Library/PrivateFrameworks/TrustEvaluationAgent.framework/Versions/A/TrustEvaluationAgent
0x000000011e610000 	/Library/Java/JavaVirtualMachines/jdk1.8.0_60.jdk/Contents/Home/jre/lib/libglass.dylib
0x000000000baa6000 	/System/Library/PrivateFrameworks/CoreServicesInternal.framework/Versions/A/CoreServicesInternal
0x000000000baa6000 	/System/Library/CoreServices/RawCamera.bundle/Contents/MacOS/RawCamera
0x000000000baa6000 	/System/Library/Frameworks/CoreGraphics.framework/Versions/A/Resources/libRIP.A.dylib
0x000000011f23f000 	/System/Library/Frameworks/Accelerate.framework/Frameworks/vImage.framework/Versions/A/Libraries/libCGInterfaces.dylib
0x000000000baa6000 	/System/Library/PrivateFrameworks/FamilyControls.framework/Versions/A/FamilyControls
0x000000000baa6000 	/System/Library/PrivateFrameworks/CommerceKit.framework/Versions/A/Frameworks/CommerceCore.framework/Versions/A/CommerceCore
0x000000000baa6000 	/System/Library/PrivateFrameworks/SystemAdministration.framework/Versions/A/SystemAdministration
0x000000000baa6000 	/System/Library/PrivateFrameworks/AppContainer.framework/Versions/A/AppContainer
0x000000000baa6000 	/System/Library/PrivateFrameworks/SecCodeWrapper.framework/Versions/A/SecCodeWrapper
0x000000000baa6000 	/System/Library/Frameworks/DirectoryService.framework/Versions/A/DirectoryService
0x000000000baa6000 	/System/Library/PrivateFrameworks/LoginUIKit.framework/Versions/A/Frameworks/LoginUICore.framework/Versions/A/LoginUICore
0x000000000baa6000 	/usr/lib/libodfde.dylib
0x0000000121942000 	/Library/Java/JavaVirtualMachines/jdk1.8.0_60.jdk/Contents/Home/jre/lib/libjavafx_font.dylib
0x000000000baa6000 	/System/Library/Frameworks/CoreGraphics.framework/Versions/A/Resources/libCGXType.A.dylib
0x000000012361a000 	cl_kernels
0x000000000baa6000 	/System/Library/Frameworks/OpenCL.framework/Versions/A/Libraries/ImageFormats/unorm8_bgra.dylib
0x000000000baa6000 	/System/Library/Frameworks/OpenCL.framework/Versions/A/Libraries/ImageFormats/unorm8_rgba.dylib
0x0000000124080000 	/Library/Java/JavaVirtualMachines/jdk1.8.0_60.jdk/Contents/Home/jre/lib/libprism_common.dylib
0x0000000124263000 	/System/Library/Extensions/AppleIntelHD5000GraphicsMTLDriver.bundle/Contents/MacOS/AppleIntelHD5000GraphicsMTLDriver

VM Arguments:
jvm_args: -Djava.library.path=/Users/Max/Gits/AiCubo-Java/AiCubo/lib/lwjgl/native -Dfile.encoding=UTF-8 
java_command: com.maxbilbow.aicubo.AiCubo
java_class_path (initial): /Users/Max/Gits/AiCubo-Java/AiCubo/bin:/Users/Max/Gits/AiCubo-Java/AiCubo/lib/lwjgl/jar/lwjgl.jar:/Users/Max/Gits/AiCubo-Java/AiCubo/lib/vecmath-1.5.1.jar:/Users/Max/Gits/AiCubo-Java/AiCubo/lib/lwjgl/src.zip
Launcher Type: SUN_STANDARD

Environment Variables:
PATH=/usr/bin:/bin:/usr/sbin:/sbin
SHELL=/bin/bash

Signal Handlers:
SIGSEGV: [libjvm.dylib+0x5a6d31], sa_mask[0]=11111111011111110111111111111111, sa_flags=SA_ONSTACK|SA_RESTART|SA_SIGINFO
SIGBUS: [libjvm.dylib+0x5a6d31], sa_mask[0]=11111111011111110111111111111111, sa_flags=SA_RESTART|SA_SIGINFO
SIGFPE: [libjvm.dylib+0x480a4c], sa_mask[0]=11111111011111110111111111111111, sa_flags=SA_RESTART|SA_SIGINFO
SIGPIPE: [libjvm.dylib+0x480a4c], sa_mask[0]=11111111011111110111111111111111, sa_flags=SA_RESTART|SA_SIGINFO
SIGXFSZ: [libjvm.dylib+0x480a4c], sa_mask[0]=11111111011111110111111111111111, sa_flags=SA_RESTART|SA_SIGINFO
SIGILL: [libjvm.dylib+0x480a4c], sa_mask[0]=11111111011111110111111111111111, sa_flags=SA_RESTART|SA_SIGINFO
SIGUSR1: SIG_DFL, sa_mask[0]=00000000000000000000000000000000, sa_flags=none
SIGUSR2: [libjvm.dylib+0x48056a], sa_mask[0]=00100000000000000000000000000000, sa_flags=SA_RESTART|SA_SIGINFO
SIGHUP: [libjvm.dylib+0x47eb41], sa_mask[0]=11111111011111110111111111111111, sa_flags=SA_RESTART|SA_SIGINFO
SIGINT: [libjvm.dylib+0x47eb41], sa_mask[0]=11111111011111110111111111111111, sa_flags=SA_RESTART|SA_SIGINFO
SIGTERM: [libjvm.dylib+0x47eb41], sa_mask[0]=11111111011111110111111111111111, sa_flags=SA_RESTART|SA_SIGINFO
SIGQUIT: [libjvm.dylib+0x47eb41], sa_mask[0]=11111111011111110111111111111111, sa_flags=SA_RESTART|SA_SIGINFO


---------------  S Y S T E M  ---------------

OS:Bsduname:Darwin 15.0.0 Darwin Kernel Version 15.0.0: Wed Aug 26 19:41:34 PDT 2015; root:xnu-3247.1.106~5/RELEASE_X86_64 x86_64
rlimit: STACK 8192k, CORE 0k, NPROC 709, NOFILE 10240, AS infinity
load average:3.38 4.07 4.06

CPU:total 4 (2 cores per cpu, 2 threads per core) family 6 model 69 stepping 1, cmov, cx8, fxsr, mmx, sse, sse2, sse3, ssse3, sse4.1, sse4.2, popcnt, avx, avx2, aes, clmul, erms, rtm, lzcnt, ht, tsc, tscinvbit, bmi1, bmi2

Memory: 4k page, physical 8388608k(73956k free)

/proc/meminfo:


vm_info: Java HotSpot(TM) 64-Bit Server VM (25.60-b23) for bsd-amd64 JRE (1.8.0_60-b27), built on Aug  4 2015 10:47:24 by "java_re" with gcc 4.2.1 (Based on Apple Inc. build 5658) (LLVM build 2336.11.00)

time: Fri Sep 18 19:05:46 2015
elapsed time: 5 seconds (0d 0h 0m 5s)

