#
# A fatal error has been detected by the Java Runtime Environment:
#
#  SIGSEGV (0xb) at pc=0x00007fff902aba07, pid=11479, tid=4867
#
# JRE version: Java(TM) SE Runtime Environment (8.0_25-b17) (build 1.8.0_25-b17)
# Java VM: Java HotSpot(TM) 64-Bit Server VM (25.25-b02 mixed mode bsd-amd64 compressed oops)
# Problematic frame:
# C  [libGL.dylib+0x1a07]  glGetError+0xd
#
# Failed to write core dump. Core dumps have been disabled. To enable core dumping, try "ulimit -c unlimited" before starting Java again
#
# If you would like to submit a bug report, please visit:
#   http://bugreport.sun.com/bugreport/crash.jsp
# The crash happened outside the Java Virtual Machine in native code.
# See problematic frame for where to report the bug.
#

---------------  T H R E A D  ---------------

Current thread (0x00007ff66b800000):  JavaThread "main" [_thread_in_native, id=4867, stack(0x00000001052db000,0x00000001053db000)]

siginfo: si_signo: 11 (SIGSEGV), si_code: 1 (SEGV_MAPERR), si_addr: 0x0000000000000000

Registers:
RAX=0x0000000000000000, RBX=0x0000000120924d08, RCX=0x0000000106bd6c80, RDX=0x00007fff902ab9fa
RSP=0x00000001053da610, RBP=0x00000001053da610, RSI=0x00000001053da688, RDI=0x00007ff66b8001e8
R8 =0x0000000000000000, R9 =0x0000000000000003, R10=0x0000000107365668, R11=0x00000001068b319b
R12=0x0000000000000000, R13=0x0000000120924d08, R14=0x00000001053da6a0, R15=0x00007ff66b800000
RIP=0x00007fff902aba07, EFLAGS=0x0000000000010212, ERR=0x0000000000000004
  TRAPNO=0x000000000000000e

Top of Stack: (sp=0x00000001053da610)
0x00000001053da610:   00000001053da678 0000000107365694
0x00000001053da620:   00000001053da678 0000000107365427
0x00000001053da630:   00000001073653e2 00000001053da638
0x00000001053da640:   0000000120924d08 00000001053da6a0
0x00000001053da650:   000000012094b9b8 0000000000000000
0x00000001053da660:   0000000120924d08 0000000000000000
0x00000001053da670:   00000001053da698 00000001053da6e8
0x00000001053da680:   00000001073573d0 000000076b0031d0
0x00000001053da690:   000000010735f2b6 00007fff902ab9fa
0x00000001053da6a0:   000000076afc0410 00000001053da6a8
0x00000001053da6b0:   00000001208e4640 00000001053da780
0x00000001053da6c0:   00000001208e5570 0000000000000000
0x00000001053da6d0:   00000001208e4a38 00000001053da698
0x00000001053da6e0:   00000001053da780 00000001053da7c8
0x00000001053da6f0:   0000000107357710 0000000000000000
0x00000001053da700:   0000000000000000 0000000000000000
0x00000001053da710:   0000000000000000 0000000000000000
0x00000001053da720:   0000000000000000 0000000000000000
0x00000001053da730:   0000000000000000 0000000000000000
0x00000001053da740:   0000000000000000 0000000000000000
0x00000001053da750:   00007fff902aba35 0000000000000000
0x00000001053da760:   00007fff902abc21 0000000000000000
0x00000001053da770:   00007fff902ab9fa 0000000000000000
0x00000001053da780:   0000000000000000 00000001053da788
0x00000001053da790:   00000001208d6081 00000001053da7d8
0x00000001053da7a0:   00000001208e2ca0 0000000000000000
0x00000001053da7b0:   00000001208d60a8 00000001053da780
0x00000001053da7c0:   00000001053da7e0 00000001053da820
0x00000001053da7d0:   0000000107357710 0000000000000000
0x00000001053da7e0:   00000001053da7e0 00000001208d2e44
0x00000001053da7f0:   00000001053da828 00000001208dbea8
0x00000001053da800:   0000000000000000 00000001208d2e60 

Instructions: (pc=0x00007fff902aba07)
0x00007fff902ab9e7:   00 48 8b 82 30 03 00 00 48 8b 3a 89 ce 4c 89 c2
0x00007fff902ab9f7:   5d ff e0 55 48 89 e5 65 48 8b 04 25 f0 00 00 00
0x00007fff902aba07:   48 8b 38 5d ff a0 38 03 00 00 55 48 89 e5 49 89
0x00007fff902aba17:   f0 89 f9 65 48 8b 14 25 f0 00 00 00 48 8b 82 40 

Register to memory mapping:

RAX=0x0000000000000000 is an unknown value
RBX={method} {0x0000000120924d08} 'nglGetError' '(J)I' in 'org/lwjgl/opengl/GL11'
RCX=0x0000000106bd6c80: UseMembar+0 in /Library/Java/JavaVirtualMachines/jdk1.8.0_25.jdk/Contents/Home/jre/lib/server/libjvm.dylib at 0x0000000106400000
RDX=0x00007fff902ab9fa: glGetError+0 in /System/Library/Frameworks/OpenGL.framework/Versions/A/Libraries/libGL.dylib at 0x00007fff902aa000
RSP=0x00000001053da610 is pointing into the stack for thread: 0x00007ff66b800000
RBP=0x00000001053da610 is pointing into the stack for thread: 0x00007ff66b800000
RSI=0x00000001053da688 is pointing into the stack for thread: 0x00007ff66b800000
RDI=0x00007ff66b8001e8 is an unknown value
R8 =0x0000000000000000 is an unknown value
R9 =0x0000000000000003 is an unknown value
R10=0x0000000107365668 is at code_begin+808 in an Interpreter codelet
method entry point (kind = native)  [0x0000000107365340, 0x0000000107365c40]  2304 bytes
R11=0x00000001068b319b: throw_unsatisfied_link_error+0 in /Library/Java/JavaVirtualMachines/jdk1.8.0_25.jdk/Contents/Home/jre/lib/server/libjvm.dylib at 0x0000000106400000
R12=0x0000000000000000 is an unknown value
R13={method} {0x0000000120924d08} 'nglGetError' '(J)I' in 'org/lwjgl/opengl/GL11'
R14=0x00000001053da6a0 is pointing into the stack for thread: 0x00007ff66b800000
R15=0x00007ff66b800000 is a thread


Stack: [0x00000001052db000,0x00000001053db000],  sp=0x00000001053da610,  free space=1021k
Native frames: (J=compiled Java code, j=interpreted, Vv=VM code, C=native code)
C  [libGL.dylib+0x1a07]  glGetError+0xd
j  org.lwjgl.opengl.GL11.nglGetError(J)I+0
j  org.lwjgl.opengl.GL.createCapabilities(Z)Lorg/lwjgl/opengl/ContextCapabilities;+64
j  org.lwjgl.opengl.GLContextMacOSX.createFromCurrent()Lorg/lwjgl/opengl/GLContextMacOSX;+1
j  org.lwjgl.opengl.GLContext.createFromCurrent()Lorg/lwjgl/opengl/GLContext;+44
j  com.maxbilbow.aicubo.ShaderTest.initGL()V+0
j  com.maxbilbow.aicubo.ShaderTest.create()V+1
j  com.maxbilbow.aicubo.ShaderTest.main([Ljava/lang/String;)V+11
v  ~StubRoutines::call_stub
V  [libjvm.dylib+0x2d4516]  JavaCalls::call_helper(JavaValue*, methodHandle*, JavaCallArguments*, Thread*)+0x6ae
V  [libjvm.dylib+0x30958b]  jni_invoke_static(JNIEnv_*, JavaValue*, _jobject*, JNICallType, _jmethodID*, JNI_ArgumentPusher*, Thread*)+0x1bf
V  [libjvm.dylib+0x302785]  jni_CallStaticVoidMethod+0x15d
C  [java+0x2c82]  JavaMain+0x998
C  [libsystem_pthread.dylib+0x405a]  _pthread_body+0x83
C  [libsystem_pthread.dylib+0x3fd7]  _pthread_body+0x0
C  [libsystem_pthread.dylib+0x13ed]  thread_start+0xd
C  0x0000000000000000

Java frames: (J=compiled Java code, j=interpreted, Vv=VM code)
j  org.lwjgl.opengl.GL11.nglGetError(J)I+0
j  org.lwjgl.opengl.GL.createCapabilities(Z)Lorg/lwjgl/opengl/ContextCapabilities;+64
j  org.lwjgl.opengl.GLContextMacOSX.createFromCurrent()Lorg/lwjgl/opengl/GLContextMacOSX;+1
j  org.lwjgl.opengl.GLContext.createFromCurrent()Lorg/lwjgl/opengl/GLContext;+44
j  com.maxbilbow.aicubo.ShaderTest.initGL()V+0
j  com.maxbilbow.aicubo.ShaderTest.create()V+1
j  com.maxbilbow.aicubo.ShaderTest.main([Ljava/lang/String;)V+11
v  ~StubRoutines::call_stub

---------------  P R O C E S S  ---------------

Java Threads: ( => current thread )
  0x00007ff669061800 JavaThread "Service Thread" daemon [_thread_blocked, id=20739, stack(0x0000000124d55000,0x0000000124e55000)]
  0x00007ff66882e800 JavaThread "C1 CompilerThread3" daemon [_thread_blocked, id=20227, stack(0x0000000124c52000,0x0000000124d52000)]
  0x00007ff66880d800 JavaThread "C2 CompilerThread2" daemon [_thread_blocked, id=19715, stack(0x0000000124b4f000,0x0000000124c4f000)]
  0x00007ff66b820000 JavaThread "C2 CompilerThread1" daemon [_thread_blocked, id=19203, stack(0x0000000124a4c000,0x0000000124b4c000)]
  0x00007ff66b817800 JavaThread "C2 CompilerThread0" daemon [_thread_blocked, id=18691, stack(0x0000000124949000,0x0000000124a49000)]
  0x00007ff66b817000 JavaThread "Signal Dispatcher" daemon [_thread_blocked, id=15631, stack(0x0000000124846000,0x0000000124946000)]
  0x00007ff669005000 JavaThread "Finalizer" daemon [_thread_blocked, id=13571, stack(0x0000000122e21000,0x0000000122f21000)]
  0x00007ff66b815000 JavaThread "Reference Handler" daemon [_thread_blocked, id=13059, stack(0x0000000122d1e000,0x0000000122e1e000)]
=>0x00007ff66b800000 JavaThread "main" [_thread_in_native, id=4867, stack(0x00000001052db000,0x00000001053db000)]

Other Threads:
  0x00007ff66b810000 VMThread [stack: 0x0000000122c1b000,0x0000000122d1b000] [id=12547]
  0x00007ff669037800 WatcherThread [stack: 0x0000000124e58000,0x0000000124f58000] [id=21251]

VM state:not at safepoint (normal execution)

VM Mutex/Monitor currently owned by a thread: None

Heap:
 PSYoungGen      total 76288K, used 5391K [0x000000076ab00000, 0x0000000770000000, 0x00000007c0000000)
  eden space 65536K, 8% used [0x000000076ab00000,0x000000076b043e60,0x000000076eb00000)
  from space 10752K, 0% used [0x000000076f580000,0x000000076f580000,0x0000000770000000)
  to   space 10752K, 0% used [0x000000076eb00000,0x000000076eb00000,0x000000076f580000)
 ParOldGen       total 175104K, used 0K [0x00000006c0000000, 0x00000006cab00000, 0x000000076ab00000)
  object space 175104K, 0% used [0x00000006c0000000,0x00000006c0000000,0x00000006cab00000)
 Metaspace       used 3574K, capacity 5048K, committed 5376K, reserved 1056768K
  class space    used 355K, capacity 424K, committed 512K, reserved 1048576K

Card table byte_map: [0x0000000116710000,0x0000000116f11000] byte_map_base: 0x0000000113110000

Marking Bits: (ParMarkBitMap*) 0x0000000106c9d390
 Begin Bits: [0x0000000117c7f000, 0x000000011bc7f000)
 End Bits:   [0x000000011bc7f000, 0x000000011fc7f000)

Polling page: 0x00000001053eb000

CodeCache: size=245760Kb used=1371Kb max_used=1371Kb free=244388Kb
 bounds [0x0000000107350000, 0x00000001075c0000, 0x0000000116350000]
 total_blobs=440 nmethods=135 adapters=220
 compilation: enabled

Compilation events (10 events):
Event: 0.111 Thread 0x00007ff66882e800  131       1       sun.util.calendar.CalendarDate::getHours (5 bytes)
Event: 0.111 Thread 0x00007ff66882e800 nmethod 131 0x000000010749e790 code [0x000000010749e8e0, 0x000000010749e9f0]
Event: 0.111 Thread 0x00007ff66882e800  132       1       sun.util.calendar.CalendarDate::getMinutes (5 bytes)
Event: 0.111 Thread 0x00007ff66882e800 nmethod 132 0x000000010749e4d0 code [0x000000010749e620, 0x000000010749e730]
Event: 0.111 Thread 0x00007ff66882e800  133       1       sun.util.calendar.CalendarDate::getSeconds (5 bytes)
Event: 0.111 Thread 0x00007ff66882e800 nmethod 133 0x000000010749e210 code [0x000000010749e360, 0x000000010749e470]
Event: 0.111 Thread 0x00007ff66882e800  134       1       sun.util.calendar.CalendarDate::getMillis (5 bytes)
Event: 0.111 Thread 0x00007ff66882e800 nmethod 134 0x000000010749df50 code [0x000000010749e0a0, 0x000000010749e1b0]
Event: 0.111 Thread 0x00007ff66882e800  135       3       java.util.zip.Inflater::ensureOpen (47 bytes)
Event: 0.111 Thread 0x00007ff66882e800 nmethod 135 0x000000010749d9d0 code [0x000000010749db60, 0x000000010749de28]

GC Heap History (0 events):
No events

Deoptimization events (0 events):
No events

Internal exceptions (10 events):
Event: 0.105 Thread 0x00007ff66b800000 Exception <a 'java/security/PrivilegedActionException'> (0x000000076af8ab20) thrown at [/HUDSON3/workspace/8-2-build-macosx-x86_64/jdk8u25/1514/hotspot/src/share/vm/prims/jvm.cpp, line 1312]
Event: 0.105 Thread 0x00007ff66b800000 Exception <a 'java/security/PrivilegedActionException'> (0x000000076af8f1d8) thrown at [/HUDSON3/workspace/8-2-build-macosx-x86_64/jdk8u25/1514/hotspot/src/share/vm/prims/jvm.cpp, line 1312]
Event: 0.106 Thread 0x00007ff66b800000 Exception <a 'java/security/PrivilegedActionException'> (0x000000076af94d30) thrown at [/HUDSON3/workspace/8-2-build-macosx-x86_64/jdk8u25/1514/hotspot/src/share/vm/prims/jvm.cpp, line 1312]
Event: 0.108 Thread 0x00007ff66b800000 Exception <a 'java/security/PrivilegedActionException'> (0x000000076afa3cc8) thrown at [/HUDSON3/workspace/8-2-build-macosx-x86_64/jdk8u25/1514/hotspot/src/share/vm/prims/jvm.cpp, line 1312]
Event: 0.109 Thread 0x00007ff66b800000 Exception <a 'java/security/PrivilegedActionException'> (0x000000076afa7ca8) thrown at [/HUDSON3/workspace/8-2-build-macosx-x86_64/jdk8u25/1514/hotspot/src/share/vm/prims/jvm.cpp, line 1312]
Event: 0.110 Thread 0x00007ff66b800000 Exception <a 'java/security/PrivilegedActionException'> (0x000000076afadbd8) thrown at [/HUDSON3/workspace/8-2-build-macosx-x86_64/jdk8u25/1514/hotspot/src/share/vm/prims/jvm.cpp, line 1312]
Event: 0.110 Thread 0x00007ff66b800000 Exception <a 'java/security/PrivilegedActionException'> (0x000000076afb52d8) thrown at [/HUDSON3/workspace/8-2-build-macosx-x86_64/jdk8u25/1514/hotspot/src/share/vm/prims/jvm.cpp, line 1312]
Event: 0.111 Thread 0x00007ff66b800000 Exception <a 'java/security/PrivilegedActionException'> (0x000000076afb8ca8) thrown at [/HUDSON3/workspace/8-2-build-macosx-x86_64/jdk8u25/1514/hotspot/src/share/vm/prims/jvm.cpp, line 1312]
Event: 0.111 Thread 0x00007ff66b800000 Exception <a 'java/security/PrivilegedActionException'> (0x000000076afbd9d0) thrown at [/HUDSON3/workspace/8-2-build-macosx-x86_64/jdk8u25/1514/hotspot/src/share/vm/prims/jvm.cpp, line 1312]
Event: 0.114 Thread 0x00007ff66b800000 Exception <a 'java/security/PrivilegedActionException'> (0x000000076afc1700) thrown at [/HUDSON3/workspace/8-2-build-macosx-x86_64/jdk8u25/1514/hotspot/src/share/vm/prims/jvm.cpp, line 1312]

Events (10 events):
Event: 0.109 loading class org/lwjgl/system/Checks
Event: 0.109 loading class org/lwjgl/system/Checks done
Event: 0.110 loading class org/lwjgl/opengl/GL$3
Event: 0.110 loading class org/lwjgl/opengl/GL$3 done
Event: 0.111 loading class org/lwjgl/opengl/GL$1FunctionProviderGL
Event: 0.111 loading class org/lwjgl/opengl/GL$1FunctionProviderGL done
Event: 0.111 loading class org/lwjgl/system/FunctionProvider$Default
Event: 0.111 loading class org/lwjgl/system/FunctionProvider$Default done
Event: 0.114 loading class org/lwjgl/opengl/GL11
Event: 0.114 loading class org/lwjgl/opengl/GL11 done


Dynamic libraries:
0x000000000d507000 	/System/Library/Frameworks/Cocoa.framework/Versions/A/Cocoa
0x000000000d507000 	/System/Library/Frameworks/Security.framework/Versions/A/Security
0x000000000d507000 	/System/Library/Frameworks/ApplicationServices.framework/Versions/A/ApplicationServices
0x000000000d507000 	/usr/lib/libz.1.dylib
0x000000000d507000 	/usr/lib/libSystem.B.dylib
0x000000000d507000 	/usr/lib/libobjc.A.dylib
0x000000000d507000 	/System/Library/Frameworks/CoreFoundation.framework/Versions/A/CoreFoundation
0x000000000d507000 	/System/Library/Frameworks/Foundation.framework/Versions/C/Foundation
0x000000000d507000 	/System/Library/Frameworks/AppKit.framework/Versions/C/AppKit
0x000000000d507000 	/System/Library/Frameworks/CoreData.framework/Versions/A/CoreData
0x000000000d507000 	/System/Library/PrivateFrameworks/RemoteViewServices.framework/Versions/A/RemoteViewServices
0x000000000d507000 	/System/Library/PrivateFrameworks/UIFoundation.framework/Versions/A/UIFoundation
0x000000000d507000 	/System/Library/Frameworks/IOSurface.framework/Versions/A/IOSurface
0x000000000d507000 	/System/Library/Frameworks/AudioToolbox.framework/Versions/A/AudioToolbox
0x000000000d507000 	/System/Library/Frameworks/AudioUnit.framework/Versions/A/AudioUnit
0x000000000d507000 	/System/Library/PrivateFrameworks/DataDetectorsCore.framework/Versions/A/DataDetectorsCore
0x000000000d507000 	/System/Library/PrivateFrameworks/DesktopServicesPriv.framework/Versions/A/DesktopServicesPriv
0x000000000d507000 	/System/Library/Frameworks/Carbon.framework/Versions/A/Frameworks/HIToolbox.framework/Versions/A/HIToolbox
0x000000000d507000 	/System/Library/Frameworks/QuartzCore.framework/Versions/A/QuartzCore
0x000000000d507000 	/System/Library/Frameworks/Carbon.framework/Versions/A/Frameworks/SpeechRecognition.framework/Versions/A/SpeechRecognition
0x000000000d507000 	/usr/lib/libauto.dylib
0x000000000d507000 	/usr/lib/libicucore.A.dylib
0x000000000d507000 	/usr/lib/libxml2.2.dylib
0x000000000d507000 	/System/Library/PrivateFrameworks/CoreUI.framework/Versions/A/CoreUI
0x000000000d507000 	/System/Library/Frameworks/CoreAudio.framework/Versions/A/CoreAudio
0x000000000d507000 	/System/Library/Frameworks/DiskArbitration.framework/Versions/A/DiskArbitration
0x000000000d507000 	/usr/lib/liblangid.dylib
0x000000000d507000 	/System/Library/PrivateFrameworks/MultitouchSupport.framework/Versions/A/MultitouchSupport
0x000000000d507000 	/System/Library/Frameworks/IOKit.framework/Versions/A/IOKit
0x000000000d507000 	/usr/lib/libDiagnosticMessagesClient.dylib
0x000000000d507000 	/System/Library/Frameworks/CoreServices.framework/Versions/A/CoreServices
0x000000000d507000 	/System/Library/PrivateFrameworks/PerformanceAnalysis.framework/Versions/A/PerformanceAnalysis
0x000000000d507000 	/System/Library/PrivateFrameworks/GenerationalStorage.framework/Versions/A/GenerationalStorage
0x000000000d507000 	/System/Library/Frameworks/OpenGL.framework/Versions/A/OpenGL
0x000000000d507000 	/System/Library/PrivateFrameworks/Sharing.framework/Versions/A/Sharing
0x000000000d507000 	/System/Library/Frameworks/CoreGraphics.framework/Versions/A/CoreGraphics
0x000000000d507000 	/System/Library/Frameworks/CoreText.framework/Versions/A/CoreText
0x000000000d507000 	/System/Library/Frameworks/ImageIO.framework/Versions/A/ImageIO
0x000000000d507000 	/usr/lib/libextension.dylib
0x000000000d507000 	/System/Library/PrivateFrameworks/Backup.framework/Versions/A/Backup
0x000000000d507000 	/usr/lib/libarchive.2.dylib
0x000000000d507000 	/System/Library/Frameworks/CFNetwork.framework/Versions/A/CFNetwork
0x000000000d507000 	/System/Library/Frameworks/SystemConfiguration.framework/Versions/A/SystemConfiguration
0x000000000d507000 	/usr/lib/libCRFSuite.dylib
0x000000000d507000 	/usr/lib/libc++.1.dylib
0x000000000d507000 	/usr/lib/libc++abi.dylib
0x000000000d507000 	/usr/lib/system/libcache.dylib
0x000000000d507000 	/usr/lib/system/libcommonCrypto.dylib
0x000000000d507000 	/usr/lib/system/libcompiler_rt.dylib
0x000000000d507000 	/usr/lib/system/libcopyfile.dylib
0x000000000d507000 	/usr/lib/system/libcorecrypto.dylib
0x000000000d507000 	/usr/lib/system/libdispatch.dylib
0x000000000d507000 	/usr/lib/system/libdyld.dylib
0x000000000d507000 	/usr/lib/system/libkeymgr.dylib
0x000000000d507000 	/usr/lib/system/liblaunch.dylib
0x000000000d507000 	/usr/lib/system/libmacho.dylib
0x000000000d507000 	/usr/lib/system/libquarantine.dylib
0x000000000d507000 	/usr/lib/system/libremovefile.dylib
0x000000000d507000 	/usr/lib/system/libsystem_asl.dylib
0x000000000d507000 	/usr/lib/system/libsystem_blocks.dylib
0x000000000d507000 	/usr/lib/system/libsystem_c.dylib
0x000000000d507000 	/usr/lib/system/libsystem_configuration.dylib
0x000000000d507000 	/usr/lib/system/libsystem_coreservices.dylib
0x000000000d507000 	/usr/lib/system/libsystem_coretls.dylib
0x000000000d507000 	/usr/lib/system/libsystem_dnssd.dylib
0x000000000d507000 	/usr/lib/system/libsystem_info.dylib
0x000000000d507000 	/usr/lib/system/libsystem_kernel.dylib
0x000000000d507000 	/usr/lib/system/libsystem_m.dylib
0x000000000d507000 	/usr/lib/system/libsystem_malloc.dylib
0x000000000d507000 	/usr/lib/system/libsystem_network.dylib
0x000000000d507000 	/usr/lib/system/libsystem_networkextension.dylib
0x000000000d507000 	/usr/lib/system/libsystem_notify.dylib
0x000000000d507000 	/usr/lib/system/libsystem_platform.dylib
0x000000000d507000 	/usr/lib/system/libsystem_pthread.dylib
0x000000000d507000 	/usr/lib/system/libsystem_sandbox.dylib
0x000000000d507000 	/usr/lib/system/libsystem_secinit.dylib
0x000000000d507000 	/usr/lib/system/libsystem_stats.dylib
0x000000000d507000 	/usr/lib/system/libsystem_trace.dylib
0x000000000d507000 	/usr/lib/system/libunc.dylib
0x000000000d507000 	/usr/lib/system/libunwind.dylib
0x000000000d507000 	/usr/lib/system/libxpc.dylib
0x000000000d507000 	/usr/lib/libbz2.1.0.dylib
0x000000000d507000 	/usr/lib/liblzma.5.dylib
0x000000000d507000 	/usr/lib/libbsm.0.dylib
0x000000000d507000 	/usr/lib/libsqlite3.dylib
0x000000000d507000 	/usr/lib/system/libkxld.dylib
0x000000000d507000 	/usr/lib/libxar.1.dylib
0x000000000d507000 	/usr/lib/libpam.2.dylib
0x000000000d507000 	/usr/lib/libOpenScriptingUtil.dylib
0x000000000d507000 	/System/Library/Frameworks/CoreServices.framework/Versions/A/Frameworks/FSEvents.framework/Versions/A/FSEvents
0x000000000d507000 	/System/Library/Frameworks/CoreServices.framework/Versions/A/Frameworks/CarbonCore.framework/Versions/A/CarbonCore
0x000000000d507000 	/System/Library/Frameworks/CoreServices.framework/Versions/A/Frameworks/Metadata.framework/Versions/A/Metadata
0x000000000d507000 	/System/Library/Frameworks/CoreServices.framework/Versions/A/Frameworks/OSServices.framework/Versions/A/OSServices
0x000000000d507000 	/System/Library/Frameworks/CoreServices.framework/Versions/A/Frameworks/SearchKit.framework/Versions/A/SearchKit
0x000000000d507000 	/System/Library/Frameworks/CoreServices.framework/Versions/A/Frameworks/AE.framework/Versions/A/AE
0x000000000d507000 	/System/Library/Frameworks/CoreServices.framework/Versions/A/Frameworks/LaunchServices.framework/Versions/A/LaunchServices
0x000000000d507000 	/System/Library/Frameworks/CoreServices.framework/Versions/A/Frameworks/DictionaryServices.framework/Versions/A/DictionaryServices
0x000000000d507000 	/System/Library/Frameworks/NetFS.framework/Versions/A/NetFS
0x000000000d507000 	/System/Library/PrivateFrameworks/NetAuth.framework/Versions/A/NetAuth
0x000000000d507000 	/System/Library/PrivateFrameworks/login.framework/Versions/A/Frameworks/loginsupport.framework/Versions/A/loginsupport
0x000000000d507000 	/System/Library/PrivateFrameworks/TCC.framework/Versions/A/TCC
0x000000000d507000 	/usr/lib/libmecabra.dylib
0x000000000d507000 	/System/Library/Frameworks/ApplicationServices.framework/Versions/A/Frameworks/ATS.framework/Versions/A/ATS
0x000000000d507000 	/System/Library/Frameworks/ApplicationServices.framework/Versions/A/Frameworks/ColorSync.framework/Versions/A/ColorSync
0x000000000d507000 	/System/Library/Frameworks/ApplicationServices.framework/Versions/A/Frameworks/HIServices.framework/Versions/A/HIServices
0x000000000d507000 	/System/Library/Frameworks/ApplicationServices.framework/Versions/A/Frameworks/LangAnalysis.framework/Versions/A/LangAnalysis
0x000000000d507000 	/System/Library/Frameworks/ApplicationServices.framework/Versions/A/Frameworks/PrintCore.framework/Versions/A/PrintCore
0x000000000d507000 	/System/Library/Frameworks/ApplicationServices.framework/Versions/A/Frameworks/QD.framework/Versions/A/QD
0x000000000d507000 	/System/Library/Frameworks/ApplicationServices.framework/Versions/A/Frameworks/SpeechSynthesis.framework/Versions/A/SpeechSynthesis
0x000000000d507000 	/System/Library/Frameworks/Accelerate.framework/Versions/A/Accelerate
0x000000000d507000 	/System/Library/Frameworks/Accelerate.framework/Versions/A/Frameworks/vImage.framework/Versions/A/vImage
0x000000000d507000 	/System/Library/Frameworks/Accelerate.framework/Versions/A/Frameworks/vecLib.framework/Versions/A/vecLib
0x000000000d507000 	/System/Library/Frameworks/Accelerate.framework/Versions/A/Frameworks/vecLib.framework/Versions/A/libvDSP.dylib
0x000000000d507000 	/System/Library/Frameworks/Accelerate.framework/Versions/A/Frameworks/vecLib.framework/Versions/A/libvMisc.dylib
0x000000000d507000 	/System/Library/Frameworks/Accelerate.framework/Versions/A/Frameworks/vecLib.framework/Versions/A/libLAPACK.dylib
0x000000000d507000 	/System/Library/Frameworks/Accelerate.framework/Versions/A/Frameworks/vecLib.framework/Versions/A/libBLAS.dylib
0x000000000d507000 	/System/Library/Frameworks/Accelerate.framework/Versions/A/Frameworks/vecLib.framework/Versions/A/libLinearAlgebra.dylib
0x000000000d507000 	/System/Library/Frameworks/ApplicationServices.framework/Versions/A/Frameworks/ATS.framework/Versions/A/Resources/libFontParser.dylib
0x000000000d507000 	/System/Library/Frameworks/ApplicationServices.framework/Versions/A/Frameworks/ATS.framework/Versions/A/Resources/libFontRegistry.dylib
0x000000000d507000 	/System/Library/PrivateFrameworks/AppleVPA.framework/Versions/A/AppleVPA
0x000000000d507000 	/System/Library/PrivateFrameworks/AppleJPEG.framework/Versions/A/AppleJPEG
0x000000000d507000 	/System/Library/Frameworks/ImageIO.framework/Versions/A/Resources/libJPEG.dylib
0x000000000d507000 	/System/Library/Frameworks/ImageIO.framework/Versions/A/Resources/libTIFF.dylib
0x000000000d507000 	/System/Library/Frameworks/ImageIO.framework/Versions/A/Resources/libPng.dylib
0x000000000d507000 	/System/Library/Frameworks/ImageIO.framework/Versions/A/Resources/libGIF.dylib
0x000000000d507000 	/System/Library/Frameworks/ImageIO.framework/Versions/A/Resources/libJP2.dylib
0x000000000d507000 	/System/Library/Frameworks/ImageIO.framework/Versions/A/Resources/libRadiance.dylib
0x000000000d507000 	/System/Library/Frameworks/CoreVideo.framework/Versions/A/CoreVideo
0x000000000d507000 	/System/Library/Frameworks/OpenGL.framework/Versions/A/Libraries/libGLU.dylib
0x000000000d507000 	/System/Library/Frameworks/OpenGL.framework/Versions/A/Libraries/libGFXShared.dylib
0x000000000d507000 	/System/Library/Frameworks/OpenGL.framework/Versions/A/Libraries/libGL.dylib
0x000000000d507000 	/System/Library/Frameworks/OpenGL.framework/Versions/A/Libraries/libGLImage.dylib
0x000000000d507000 	/System/Library/Frameworks/OpenGL.framework/Versions/A/Libraries/libCVMSPluginSupport.dylib
0x000000000d507000 	/System/Library/Frameworks/OpenGL.framework/Versions/A/Libraries/libCoreVMClient.dylib
0x000000000d507000 	/usr/lib/libcups.2.dylib
0x000000000d507000 	/System/Library/Frameworks/Kerberos.framework/Versions/A/Kerberos
0x000000000d507000 	/System/Library/Frameworks/GSS.framework/Versions/A/GSS
0x000000000d507000 	/usr/lib/libresolv.9.dylib
0x000000000d507000 	/usr/lib/libiconv.2.dylib
0x000000000d507000 	/System/Library/PrivateFrameworks/Heimdal.framework/Versions/A/Heimdal
0x000000000d507000 	/usr/lib/libheimdal-asn1.dylib
0x000000000d507000 	/System/Library/Frameworks/OpenDirectory.framework/Versions/A/OpenDirectory
0x000000000d507000 	/System/Library/PrivateFrameworks/CommonAuth.framework/Versions/A/CommonAuth
0x000000000d507000 	/System/Library/Frameworks/OpenDirectory.framework/Versions/A/Frameworks/CFOpenDirectory.framework/Versions/A/CFOpenDirectory
0x000000000d507000 	/System/Library/Frameworks/SecurityFoundation.framework/Versions/A/SecurityFoundation
0x000000000d507000 	/System/Library/PrivateFrameworks/LanguageModeling.framework/Versions/A/LanguageModeling
0x000000000d507000 	/usr/lib/libcmph.dylib
0x000000000d507000 	/System/Library/Frameworks/ServiceManagement.framework/Versions/A/ServiceManagement
0x000000000d507000 	/usr/lib/libxslt.1.dylib
0x000000000d507000 	/System/Library/Frameworks/Carbon.framework/Versions/A/Frameworks/Ink.framework/Versions/A/Ink
0x000000000d507000 	/System/Library/Frameworks/QuartzCore.framework/Versions/A/Frameworks/CoreImage.framework/Versions/A/CoreImage
0x000000000d507000 	/System/Library/PrivateFrameworks/CrashReporterSupport.framework/Versions/A/CrashReporterSupport
0x000000000d507000 	/System/Library/Frameworks/OpenCL.framework/Versions/A/OpenCL
0x000000000d507000 	/System/Library/PrivateFrameworks/FaceCore.framework/Versions/A/FaceCore
0x000000000d507000 	/System/Library/PrivateFrameworks/Ubiquity.framework/Versions/A/Ubiquity
0x000000000d507000 	/System/Library/PrivateFrameworks/IconServices.framework/Versions/A/IconServices
0x000000000d507000 	/System/Library/PrivateFrameworks/ChunkingLibrary.framework/Versions/A/ChunkingLibrary
0x000000000d507000 	/System/Library/PrivateFrameworks/Apple80211.framework/Versions/A/Apple80211
0x000000000d507000 	/System/Library/Frameworks/CoreWLAN.framework/Versions/A/CoreWLAN
0x000000000d507000 	/System/Library/Frameworks/IOBluetooth.framework/Versions/A/IOBluetooth
0x000000000d507000 	/System/Library/PrivateFrameworks/CoreWiFi.framework/Versions/A/CoreWiFi
0x000000000d507000 	/System/Library/Frameworks/CoreBluetooth.framework/Versions/A/CoreBluetooth
0x000000000d507000 	/System/Library/PrivateFrameworks/DebugSymbols.framework/Versions/A/DebugSymbols
0x000000000d507000 	/System/Library/PrivateFrameworks/CoreSymbolication.framework/Versions/A/CoreSymbolication
0x000000000d507000 	/System/Library/PrivateFrameworks/Symbolication.framework/Versions/A/Symbolication
0x000000000d507000 	/System/Library/PrivateFrameworks/SpeechRecognitionCore.framework/Versions/A/SpeechRecognitionCore
0x0000000106400000 	/Library/Java/JavaVirtualMachines/jdk1.8.0_25.jdk/Contents/Home/jre/lib/server/libjvm.dylib
0x000000000d507000 	/usr/lib/libstdc++.6.dylib
0x00000001053dd000 	/Library/Java/JavaVirtualMachines/jdk1.8.0_25.jdk/Contents/Home/jre/lib/libverify.dylib
0x000000010731c000 	/Library/Java/JavaVirtualMachines/jdk1.8.0_25.jdk/Contents/Home/jre/lib/libjava.dylib
0x00000001053f5000 	/Library/Java/JavaVirtualMachines/jdk1.8.0_25.jdk/Contents/Home/jre/lib/libzip.dylib
0x0000000122f23000 	/System/Library/Frameworks/JavaVM.framework/Frameworks/JavaRuntimeSupport.framework/JavaRuntimeSupport
0x0000000122f3b000 	/System/Library/Frameworks/JavaVM.framework/Versions/A/Frameworks/JavaNativeFoundation.framework/Versions/A/JavaNativeFoundation
0x0000000122f50000 	/System/Library/Frameworks/JavaVM.framework/Versions/A/JavaVM
0x000000000d507000 	/System/Library/Frameworks/Carbon.framework/Versions/A/Carbon
0x0000000122f5d000 	/System/Library/PrivateFrameworks/JavaLaunching.framework/Versions/A/JavaLaunching
0x000000000d507000 	/System/Library/Frameworks/Carbon.framework/Versions/A/Frameworks/CommonPanels.framework/Versions/A/CommonPanels
0x000000000d507000 	/System/Library/Frameworks/Carbon.framework/Versions/A/Frameworks/Help.framework/Versions/A/Help
0x000000000d507000 	/System/Library/Frameworks/Carbon.framework/Versions/A/Frameworks/ImageCapture.framework/Versions/A/ImageCapture
0x000000000d507000 	/System/Library/Frameworks/Carbon.framework/Versions/A/Frameworks/OpenScripting.framework/Versions/A/OpenScripting
0x000000000d507000 	/System/Library/Frameworks/Carbon.framework/Versions/A/Frameworks/Print.framework/Versions/A/Print
0x000000000d507000 	/System/Library/Frameworks/Carbon.framework/Versions/A/Frameworks/SecurityHI.framework/Versions/A/SecurityHI
0x0000000124fa6000 	/Users/rattle/Gits/AiCubo-Java/AiCubo/lib/lwjgl/native/liblwjgl.dylib

VM Arguments:
jvm_args: -Djava.library.path=/Users/rattle/Gits/AiCubo-Java/AiCubo/lib/lwjgl/native -Dfile.encoding=UTF-8 
java_command: com.maxbilbow.aicubo.ShaderTest
java_class_path (initial): /Users/rattle/Gits/AiCubo-Java/AiCubo/bin:/Users/rattle/Gits/AiCubo-Java/AiCubo/lib/lwjgl/jar/lwjgl.jar:/Users/rattle/Gits/AiCubo-Java/AiCubo/lib/lwjgl/src.zip:/Users/rattle/Gits/AiCubo-Java/AiCubo/lib/lwjgl/doc/javadoc.zip:/Users/rattle/Gits/AiCubo-Java/AiCubo/lib/vecmath-1.5.1.jar:/Applications/Eclipse.app/Contents/Eclipse/plugins/org.junit_4.12.0.v201504281640/junit.jar:/Applications/Eclipse.app/Contents/Eclipse/plugins/org.hamcrest.core_1.3.0.v201303031735.jar
Launcher Type: SUN_STANDARD

Environment Variables:
PATH=/usr/bin:/bin:/usr/sbin:/sbin
SHELL=/bin/bash

Signal Handlers:
SIGSEGV: [libjvm.dylib+0x579dc7], sa_mask[0]=11111111011111110111111111111111, sa_flags=SA_ONSTACK|SA_RESTART|SA_SIGINFO
SIGBUS: [libjvm.dylib+0x579dc7], sa_mask[0]=11111111011111110111111111111111, sa_flags=SA_RESTART|SA_SIGINFO
SIGFPE: [libjvm.dylib+0x45b030], sa_mask[0]=11111111011111110111111111111111, sa_flags=SA_RESTART|SA_SIGINFO
SIGPIPE: [libjvm.dylib+0x45b030], sa_mask[0]=11111111011111110111111111111111, sa_flags=SA_RESTART|SA_SIGINFO
SIGXFSZ: [libjvm.dylib+0x45b030], sa_mask[0]=11111111011111110111111111111111, sa_flags=SA_RESTART|SA_SIGINFO
SIGILL: [libjvm.dylib+0x45b030], sa_mask[0]=11111111011111110111111111111111, sa_flags=SA_RESTART|SA_SIGINFO
SIGUSR1: SIG_DFL, sa_mask[0]=00000000000000000000000000000000, sa_flags=none
SIGUSR2: [libjvm.dylib+0x45ab4e], sa_mask[0]=00100000000000000000000000000000, sa_flags=SA_RESTART|SA_SIGINFO
SIGHUP: [libjvm.dylib+0x459121], sa_mask[0]=11111111011111110111111111111111, sa_flags=SA_RESTART|SA_SIGINFO
SIGINT: [libjvm.dylib+0x459121], sa_mask[0]=11111111011111110111111111111111, sa_flags=SA_RESTART|SA_SIGINFO
SIGTERM: [libjvm.dylib+0x459121], sa_mask[0]=11111111011111110111111111111111, sa_flags=SA_RESTART|SA_SIGINFO
SIGQUIT: [libjvm.dylib+0x459121], sa_mask[0]=11111111011111110111111111111111, sa_flags=SA_RESTART|SA_SIGINFO


---------------  S Y S T E M  ---------------

OS:Bsduname:Darwin 14.5.0 Darwin Kernel Version 14.5.0: Wed Jul 29 02:26:53 PDT 2015; root:xnu-2782.40.9~1/RELEASE_X86_64 x86_64
rlimit: STACK 8192k, CORE 0k, NPROC 709, NOFILE 10240, AS infinity
load average:0.88 1.07 0.80

CPU:total 8 (4 cores per cpu, 2 threads per core) family 6 model 58 stepping 9, cmov, cx8, fxsr, mmx, sse, sse2, sse3, ssse3, sse4.1, sse4.2, popcnt, avx, aes, clmul, erms, ht, tsc, tscinvbit, tscinv

Memory: 4k page, physical 16777216k(155460k free)

/proc/meminfo:


vm_info: Java HotSpot(TM) 64-Bit Server VM (25.25-b02) for bsd-amd64 JRE (1.8.0_25-b17), built on Sep 17 2014 16:56:50 by "java_re" with gcc 4.2.1 (Based on Apple Inc. build 5658) (LLVM build 2336.11.00)

time: Sun Aug 23 16:29:24 2015
elapsed time: 0 seconds (0d 0h 0m 0s)

