#
# A fatal error has been detected by the Java Runtime Environment:
#
#  SIGSEGV (0xb) at pc=0x00007fff81e7913a, pid=14604, tid=2571
#
# JRE version: Java(TM) SE Runtime Environment (8.0_45-b14) (build 1.8.0_45-b14)
# Java VM: Java HotSpot(TM) 64-Bit Server VM (25.45-b02 mixed mode bsd-amd64 compressed oops)
# Problematic frame:
# C  [GLEngine+0x15913a]  gleRunVertexSubmitImmediate+0x1d4a
#
# Failed to write core dump. Core dumps have been disabled. To enable core dumping, try "ulimit -c unlimited" before starting Java again
#
# If you would like to submit a bug report, please visit:
#   http://bugreport.java.com/bugreport/crash.jsp
# The crash happened outside the Java Virtual Machine in native code.
# See problematic frame for where to report the bug.
#

---------------  T H R E A D  ---------------

Current thread (0x00007fcb54807800):  JavaThread "main" [_thread_in_native, id=2571, stack(0x00007fff5ce24000,0x00007fff5d624000)]

siginfo: si_signo: 11 (SIGSEGV), si_code: 1 (SEGV_MAPERR), si_addr: 0x0000000000000058

Registers:
RAX=0x0000000000000058, RBX=0x0000183b00841800, RCX=0x0000000000000003, RDX=0x0000000000000007
RSP=0x00007fff5d620940, RBP=0x00007fff5d620bd0, RSI=0x00007fff81e7913a, RDI=0x00007fff81e7a25c
R8 =0x0000000307601083, R9 =0x00007fcb55217630, R10=0x0000000000000003, R11=0x0000000000000000
R12=0x000000000000183b, R13=0x0000000000000000, R14=0x0000000000000000, R15=0x0000000003800000
RIP=0x00007fff81e7913a, EFLAGS=0x0000000000010217, ERR=0x0000000000000004
  TRAPNO=0x000000000000000e

Top of Stack: (sp=0x00007fff5d620940)
0x00007fff5d620940:   00007fcb552171a0 00007fcb53175e30
0x00007fff5d620950:   00007fff5d6209b0 000000011e7e2176
0x00007fff5d620960:   00007fcb5317c3c0 00007fcb53175e30
0x00007fff5d620970:   00000000000022c0 000000011e3d38bf
0x00007fff5d620980:   0000000153178900 007e7ffffffffff7
0x00007fff5d620990:   00007fcb53175e30 007e7ffffffffff7
0x00007fff5d6209a0:   03004ba08db29590 ffefcfdeffffffff
0x00007fff5d6209b0:   00007fff5d620b50 000000011e3d2f65
0x00007fff5d6209c0:   00007fcb53175000 0000000000000000
0x00007fff5d6209d0:   00007fcb552134f0 00007fcb54a74c00
0x00007fff5d6209e0:   00007fff5d620a50 000000011e345cd0
0x00007fff5d6209f0:   0000000000000008 0000000000000008
0x00007fff5d620a00:   00007fcb54a74c38 00007fcb5317f1a0
0x00007fff5d620a10:   0000200100000000 00007fcb560001a0
0x00007fff5d620a20:   00007fcb56000160 00007fcb56000180
0x00007fff5d620a30:   00007fcb56000150 00007fff5d620b68
0x00007fff5d620a40:   00007fcb56000190 00007fcb56000170
0x00007fff5d620a50:   00007fcb56000140 0000000000000000
0x00007fff5d620a60:   0000000000000000 00007fcb56000190
0x00007fff5d620a70:   00007fcb56000190 0000000000000000
0x00007fff5d620a80:   000000075d620b20 0000000000000000
0x00007fff5d620a90:   000000017a000003 0000000000000003
0x00007fff5d620aa0:   0000000000000000 00007fcb56000000
0x00007fff5d620ab0:   0000000002106000 00000000ffffffff
0x00007fff5d620ac0:   fffffffe7a000003 00007fcb55217630
0x00007fff5d620ad0:   0000000000000001 0000183b00841800
0x00007fff5d620ae0:   00007fcb56003da0 00007fcb56003fb0
0x00007fff5d620af0:   03004ba08db29590 0000000000000001
0x00007fff5d620b00:   0000000000001fec 00007fcb53178d10
0x00007fff5d620b10:   00007fcb53175e30 0000000000000020
0x00007fff5d620b20:   00007fff5d620b50 000000011e33ed48
0x00007fff5d620b30:   0000000000000001 0000000000000000 

Instructions: (pc=0x00007fff81e7913a)
0x00007fff81e7911a:   06 00 00 48 8d 15 88 11 00 00 48 63 0c 8a 48 01
0x00007fff81e7912a:   d1 ff e1 8b 00 89 85 30 ff ff ff e9 c6 06 00 00
0x00007fff81e7913a:   f2 0f 10 00 f2 0f 5a c0 f3 0f 11 85 30 ff ff ff
0x00007fff81e7914a:   45 31 db 83 f9 02 0f 82 aa 06 00 00 f2 0f 10 40 

Register to memory mapping:

RAX=0x0000000000000058 is an unknown value
RBX=0x0000183b00841800 is an unknown value
RCX=0x0000000000000003 is an unknown value
RDX=0x0000000000000007 is an unknown value
RSP=0x00007fff5d620940 is pointing into the stack for thread: 0x00007fcb54807800
RBP=0x00007fff5d620bd0 is pointing into the stack for thread: 0x00007fcb54807800
RSI=0x00007fff81e7913a: gleRunVertexSubmitImmediate+0x1d4a in /System/Library/Frameworks/OpenGL.framework/Versions/A/Resources/GLEngine.bundle/GLEngine at 0x00007fff81d20000
RDI=0x00007fff81e7a25c: gleRunVertexSubmitImmediate+0x2e6c in /System/Library/Frameworks/OpenGL.framework/Versions/A/Resources/GLEngine.bundle/GLEngine at 0x00007fff81d20000
R8 =0x0000000307601083 is an unknown value
R9 =0x00007fcb55217630 is an unknown value
R10=0x0000000000000003 is an unknown value
R11=0x0000000000000000 is an unknown value
R12=0x000000000000183b is an unknown value
R13=0x0000000000000000 is an unknown value
R14=0x0000000000000000 is an unknown value
R15=0x0000000003800000 is an unknown value


Stack: [0x00007fff5ce24000,0x00007fff5d624000],  sp=0x00007fff5d620940,  free space=8178k
Native frames: (J=compiled Java code, j=interpreted, Vv=VM code, C=native code)
C  [GLEngine+0x15913a]  gleRunVertexSubmitImmediate+0x1d4a
C  [GLEngine+0x2fc17]  glDrawElements_Exec+0x2a4
j  org.lwjgl.opengl.GL11.nglDrawElements(IIIJJ)V+0
j  org.lwjgl.opengl.GL11.nglDrawElements(IIIJ)V+14
j  org.lwjgl.opengl.GL11.glDrawElements(ILjava/nio/ByteBuffer;)V+25
j  rmx.engine.Geometry.render()V+16
j  rmx.engine.Node.draw()V+11
j  rmx.engine.Scene.renderScene()V+25
j  rmx.gl.GameView.enterGameLoop()V+184
j  rmx.engine.GameController.run()V+49
j  rmx.engine.GameController.Start()V+1
j  Main.main([Ljava/lang/String;)V+3
v  ~StubRoutines::call_stub
V  [libjvm.dylib+0x2e032a]  JavaCalls::call_helper(JavaValue*, methodHandle*, JavaCallArguments*, Thread*)+0x6ae
V  [libjvm.dylib+0x316a36]  jni_invoke_static(JNIEnv_*, JavaValue*, _jobject*, JNICallType, _jmethodID*, JNI_ArgumentPusher*, Thread*)+0x1bf
V  [libjvm.dylib+0x30f7b0]  jni_CallStaticVoidMethod+0x15d
C  [java+0x39ae]  JavaMain+0x9b1
C  [java+0x560c]  -[JavaLaunchHelper launchJava:]+0x2a
C  [Foundation+0x8d41b]  __NSThreadPerformPerform+0x117
C  [CoreFoundation+0x7de31]  __CFRUNLOOP_IS_CALLING_OUT_TO_A_SOURCE0_PERFORM_FUNCTION__+0x11
C  [CoreFoundation+0x6fc5c]  __CFRunLoopDoSources0+0x22c
C  [CoreFoundation+0x6f17f]  __CFRunLoopRun+0x39f
C  [CoreFoundation+0x6eb78]  CFRunLoopRunSpecific+0x128
C  [java+0x6490]  CreateExecutionEnvironment+0x367
C  [java+0x221c]  JLI_Launch+0x7a0
C  [java+0x84ed]  main+0x65
C  [java+0x1a74]  start+0x34
C  0x0000000000000007

Java frames: (J=compiled Java code, j=interpreted, Vv=VM code)
j  org.lwjgl.opengl.GL11.nglDrawElements(IIIJJ)V+0
j  org.lwjgl.opengl.GL11.nglDrawElements(IIIJ)V+14
j  org.lwjgl.opengl.GL11.glDrawElements(ILjava/nio/ByteBuffer;)V+25
j  rmx.engine.Geometry.render()V+16
j  rmx.engine.Node.draw()V+11
j  rmx.engine.Scene.renderScene()V+25
j  rmx.gl.GameView.enterGameLoop()V+184
j  rmx.engine.GameController.run()V+49
j  rmx.engine.GameController.Start()V+1
j  Main.main([Ljava/lang/String;)V+3
v  ~StubRoutines::call_stub

---------------  P R O C E S S  ---------------

Java Threads: ( => current thread )
  0x00007fcb5300a800 JavaThread "Service Thread" daemon [_thread_blocked, id=17667, stack(0x0000700000cbe000,0x0000700000dbe000)]
  0x00007fcb5380e000 JavaThread "C1 CompilerThread2" daemon [_thread_blocked, id=17155, stack(0x0000700000bbb000,0x0000700000cbb000)]
  0x00007fcb53063800 JavaThread "C2 CompilerThread1" daemon [_thread_blocked, id=16643, stack(0x0000700000ab8000,0x0000700000bb8000)]
  0x00007fcb53052000 JavaThread "C2 CompilerThread0" daemon [_thread_blocked, id=16131, stack(0x00007000009b5000,0x0000700000ab5000)]
  0x00007fcb53051000 JavaThread "Signal Dispatcher" daemon [_thread_blocked, id=12815, stack(0x00007000008b2000,0x00007000009b2000)]
  0x00007fcb5303e000 JavaThread "Finalizer" daemon [_thread_blocked, id=12291, stack(0x000070000072c000,0x000070000082c000)]
  0x00007fcb5303d800 JavaThread "Reference Handler" daemon [_thread_blocked, id=11779, stack(0x0000700000629000,0x0000700000729000)]
=>0x00007fcb54807800 JavaThread "main" [_thread_in_native, id=2571, stack(0x00007fff5ce24000,0x00007fff5d624000)]

Other Threads:
  0x00007fcb5303a800 VMThread [stack: 0x0000700000526000,0x0000700000626000] [id=11267]
  0x00007fcb53064800 WatcherThread [stack: 0x0000700000dc1000,0x0000700000ec1000] [id=18179]

VM state:not at safepoint (normal execution)

VM Mutex/Monitor currently owned by a thread: None

Heap:
 PSYoungGen      total 38400K, used 15163K [0x0000000795580000, 0x0000000798000000, 0x00000007c0000000)
  eden space 33280K, 45% used [0x0000000795580000,0x000000079644eda0,0x0000000797600000)
  from space 5120K, 0% used [0x0000000797b00000,0x0000000797b00000,0x0000000798000000)
  to   space 5120K, 0% used [0x0000000797600000,0x0000000797600000,0x0000000797b00000)
 ParOldGen       total 87552K, used 0K [0x0000000740000000, 0x0000000745580000, 0x0000000795580000)
  object space 87552K, 0% used [0x0000000740000000,0x0000000740000000,0x0000000745580000)
 Metaspace       used 10166K, capacity 10342K, committed 10496K, reserved 1058816K
  class space    used 869K, capacity 931K, committed 1024K, reserved 1048576K

Card table byte_map: [0x0000000113529000,0x000000011392a000] byte_map_base: 0x000000010fb29000

Marking Bits: (ParMarkBitMap*) 0x0000000103ac27a0
 Begin Bits: [0x0000000113bd5000, 0x0000000115bd5000)
 End Bits:   [0x0000000115bd5000, 0x0000000117bd5000)

Polling page: 0x00000001028a0000

CodeCache: size=245760Kb used=2624Kb max_used=2624Kb free=243135Kb
 bounds [0x0000000104169000, 0x0000000104409000, 0x0000000113169000]
 total_blobs=1244 nmethods=654 adapters=504
 compilation: enabled

Compilation events (10 events):
Event: 3.837 Thread 0x00007fcb5380e000  648       3       java.util.zip.InflaterInputStream::close (34 bytes)
Event: 3.837 Thread 0x00007fcb5380e000 nmethod 648 0x00000001043ef890 code [0x00000001043efa20, 0x00000001043efd18]
Event: 3.838 Thread 0x00007fcb5380e000  651       3       java.util.zip.ZipEntry::<init> (146 bytes)
Event: 3.839 Thread 0x00007fcb5380e000 nmethod 651 0x00000001043f0190 code [0x00000001043f0320, 0x00000001043f0768]
Event: 3.840 Thread 0x00007fcb5380e000  652   !   3       sun.misc.URLClassPath$JarLoader::checkResource (55 bytes)
Event: 3.840 Thread 0x00007fcb5380e000 nmethod 652 0x00000001043f0910 code [0x00000001043f0ae0, 0x00000001043f1148]
Event: 3.857 Thread 0x00007fcb5380e000  653       3       sun.util.calendar.CalendarDate::setLeapYear (6 bytes)
Event: 3.857 Thread 0x00007fcb5380e000 nmethod 653 0x00000001043f6010 code [0x00000001043f6160, 0x00000001043f62b0]
Event: 3.858 Thread 0x00007fcb5380e000  654       3       java.net.URLClassLoader::defineClass (142 bytes)
Event: 3.859 Thread 0x00007fcb5380e000 nmethod 654 0x00000001043f6910 code [0x00000001043f6c80, 0x00000001043f8f58]

GC Heap History (0 events):
No events

Deoptimization events (0 events):
No events

Internal exceptions (8 events):
Event: 0.038 Thread 0x00007fcb54807800 Exception <a 'java/lang/NoSuchMethodError': Method sun.misc.Unsafe.defineClass(Ljava/lang/String;[BII)Ljava/lang/Class; name or signature does not match> (0x0000000795592c10) thrown at [/Users/java_re/workspace/8-2-build-macosx-x86_64/jdk8u45/3457/hotspot
Event: 0.038 Thread 0x00007fcb54807800 Exception <a 'java/lang/NoSuchMethodError': Method sun.misc.Unsafe.prefetchRead(Ljava/lang/Object;J)V name or signature does not match> (0x0000000795592ea0) thrown at [/Users/java_re/workspace/8-2-build-macosx-x86_64/jdk8u45/3457/hotspot/src/share/vm/prim
Event: 0.108 Thread 0x00007fcb54807800 Exception <a 'java/security/PrivilegedActionException'> (0x00000007957d7000) thrown at [/Users/java_re/workspace/8-2-build-macosx-x86_64/jdk8u45/3457/hotspot/src/share/vm/prims/jvm.cpp, line 1382]
Event: 0.108 Thread 0x00007fcb54807800 Exception <a 'java/security/PrivilegedActionException'> (0x00000007957d7348) thrown at [/Users/java_re/workspace/8-2-build-macosx-x86_64/jdk8u45/3457/hotspot/src/share/vm/prims/jvm.cpp, line 1382]
Event: 0.109 Thread 0x00007fcb54807800 Exception <a 'java/security/PrivilegedActionException'> (0x00000007957da6c8) thrown at [/Users/java_re/workspace/8-2-build-macosx-x86_64/jdk8u45/3457/hotspot/src/share/vm/prims/jvm.cpp, line 1382]
Event: 0.109 Thread 0x00007fcb54807800 Exception <a 'java/security/PrivilegedActionException'> (0x00000007957daa10) thrown at [/Users/java_re/workspace/8-2-build-macosx-x86_64/jdk8u45/3457/hotspot/src/share/vm/prims/jvm.cpp, line 1382]
Event: 0.164 Thread 0x00007fcb54807800 Exception <a 'java/lang/NoSuchFieldError': method resolution failed> (0x00000007958d14c8) thrown at [/Users/java_re/workspace/8-2-build-macosx-x86_64/jdk8u45/3457/hotspot/src/share/vm/prims/methodHandles.cpp, line 1125]
Event: 0.166 Thread 0x00007fcb54807800 Exception <a 'java/lang/NoSuchFieldError': method resolution failed> (0x00000007958dfe88) thrown at [/Users/java_re/workspace/8-2-build-macosx-x86_64/jdk8u45/3457/hotspot/src/share/vm/prims/methodHandles.cpp, line 1125]

Events (10 events):
Event: 3.857 loading class org/lwjgl/opengl/WGLNVDXInterop
Event: 3.857 loading class org/lwjgl/opengl/WGLNVDXInterop done
Event: 3.858 loading class org/lwjgl/opengl/WGLNVGPUAffinity
Event: 3.858 loading class org/lwjgl/opengl/WGLNVGPUAffinity done
Event: 3.858 loading class org/lwjgl/opengl/CGL
Event: 3.858 loading class org/lwjgl/opengl/CGL done
Event: 3.859 loading class org/lwjgl/opengl/GLChecks
Event: 3.859 loading class org/lwjgl/opengl/GLChecks done
Event: 3.860 loading class java/lang/StrictMath
Event: 3.860 loading class java/lang/StrictMath done


Dynamic libraries:
0x000000000088a000 	/System/Library/Frameworks/Cocoa.framework/Versions/A/Cocoa
0x000000000088a000 	/System/Library/Frameworks/Security.framework/Versions/A/Security
0x000000000088a000 	/System/Library/Frameworks/ApplicationServices.framework/Versions/A/ApplicationServices
0x000000000088a000 	/usr/lib/libz.1.dylib
0x000000000088a000 	/usr/lib/libSystem.B.dylib
0x000000000088a000 	/usr/lib/libobjc.A.dylib
0x000000000088a000 	/System/Library/Frameworks/CoreFoundation.framework/Versions/A/CoreFoundation
0x000000000088a000 	/System/Library/Frameworks/Foundation.framework/Versions/C/Foundation
0x000000000088a000 	/System/Library/Frameworks/AppKit.framework/Versions/C/AppKit
0x000000000088a000 	/System/Library/Frameworks/CoreData.framework/Versions/A/CoreData
0x000000000088a000 	/System/Library/PrivateFrameworks/RemoteViewServices.framework/Versions/A/RemoteViewServices
0x000000000088a000 	/System/Library/PrivateFrameworks/UIFoundation.framework/Versions/A/UIFoundation
0x000000000088a000 	/usr/lib/libScreenReader.dylib
0x000000000088a000 	/System/Library/Frameworks/Accelerate.framework/Versions/A/Accelerate
0x000000000088a000 	/System/Library/Frameworks/IOSurface.framework/Versions/A/IOSurface
0x000000000088a000 	/System/Library/Frameworks/AudioToolbox.framework/Versions/A/AudioToolbox
0x000000000088a000 	/System/Library/Frameworks/AudioUnit.framework/Versions/A/AudioUnit
0x000000000088a000 	/System/Library/PrivateFrameworks/DataDetectorsCore.framework/Versions/A/DataDetectorsCore
0x000000000088a000 	/System/Library/PrivateFrameworks/DesktopServicesPriv.framework/Versions/A/DesktopServicesPriv
0x000000000088a000 	/System/Library/Frameworks/Carbon.framework/Versions/A/Frameworks/HIToolbox.framework/Versions/A/HIToolbox
0x000000000088a000 	/System/Library/Frameworks/QuartzCore.framework/Versions/A/QuartzCore
0x000000000088a000 	/System/Library/Frameworks/Carbon.framework/Versions/A/Frameworks/SpeechRecognition.framework/Versions/A/SpeechRecognition
0x000000000088a000 	/usr/lib/libauto.dylib
0x000000000088a000 	/usr/lib/libicucore.A.dylib
0x000000000088a000 	/usr/lib/libxml2.2.dylib
0x000000000088a000 	/System/Library/PrivateFrameworks/CoreUI.framework/Versions/A/CoreUI
0x000000000088a000 	/System/Library/Frameworks/CoreAudio.framework/Versions/A/CoreAudio
0x000000000088a000 	/System/Library/Frameworks/DiskArbitration.framework/Versions/A/DiskArbitration
0x000000000088a000 	/usr/lib/liblangid.dylib
0x000000000088a000 	/System/Library/PrivateFrameworks/MultitouchSupport.framework/Versions/A/MultitouchSupport
0x000000000088a000 	/System/Library/Frameworks/IOKit.framework/Versions/A/IOKit
0x000000000088a000 	/usr/lib/libDiagnosticMessagesClient.dylib
0x000000000088a000 	/System/Library/Frameworks/CoreServices.framework/Versions/A/CoreServices
0x000000000088a000 	/System/Library/PrivateFrameworks/PerformanceAnalysis.framework/Versions/A/PerformanceAnalysis
0x000000000088a000 	/System/Library/PrivateFrameworks/GenerationalStorage.framework/Versions/A/GenerationalStorage
0x000000000088a000 	/System/Library/Frameworks/OpenGL.framework/Versions/A/OpenGL
0x000000000088a000 	/System/Library/PrivateFrameworks/Sharing.framework/Versions/A/Sharing
0x000000000088a000 	/System/Library/Frameworks/CoreGraphics.framework/Versions/A/CoreGraphics
0x000000000088a000 	/System/Library/Frameworks/CoreImage.framework/Versions/A/CoreImage
0x000000000088a000 	/System/Library/Frameworks/CoreText.framework/Versions/A/CoreText
0x000000000088a000 	/System/Library/Frameworks/ImageIO.framework/Versions/A/ImageIO
0x000000000088a000 	/System/Library/PrivateFrameworks/Backup.framework/Versions/A/Backup
0x000000000088a000 	/usr/lib/libextension.dylib
0x000000000088a000 	/usr/lib/libarchive.2.dylib
0x000000000088a000 	/System/Library/Frameworks/CFNetwork.framework/Versions/A/CFNetwork
0x000000000088a000 	/System/Library/Frameworks/SystemConfiguration.framework/Versions/A/SystemConfiguration
0x000000000088a000 	/usr/lib/libCRFSuite.dylib
0x000000000088a000 	/usr/lib/libc++.1.dylib
0x000000000088a000 	/usr/lib/libc++abi.dylib
0x000000000088a000 	/usr/lib/system/libcache.dylib
0x000000000088a000 	/usr/lib/system/libcommonCrypto.dylib
0x000000000088a000 	/usr/lib/system/libcompiler_rt.dylib
0x000000000088a000 	/usr/lib/system/libcopyfile.dylib
0x000000000088a000 	/usr/lib/system/libcorecrypto.dylib
0x000000000088a000 	/usr/lib/system/libdispatch.dylib
0x000000000088a000 	/usr/lib/system/libdyld.dylib
0x000000000088a000 	/usr/lib/system/libkeymgr.dylib
0x000000000088a000 	/usr/lib/system/liblaunch.dylib
0x000000000088a000 	/usr/lib/system/libmacho.dylib
0x000000000088a000 	/usr/lib/system/libquarantine.dylib
0x000000000088a000 	/usr/lib/system/libremovefile.dylib
0x000000000088a000 	/usr/lib/system/libsystem_asl.dylib
0x000000000088a000 	/usr/lib/system/libsystem_blocks.dylib
0x000000000088a000 	/usr/lib/system/libsystem_c.dylib
0x000000000088a000 	/usr/lib/system/libsystem_configuration.dylib
0x000000000088a000 	/usr/lib/system/libsystem_coreservices.dylib
0x000000000088a000 	/usr/lib/system/libsystem_coretls.dylib
0x000000000088a000 	/usr/lib/system/libsystem_dnssd.dylib
0x000000000088a000 	/usr/lib/system/libsystem_info.dylib
0x000000000088a000 	/usr/lib/system/libsystem_kernel.dylib
0x000000000088a000 	/usr/lib/system/libsystem_m.dylib
0x000000000088a000 	/usr/lib/system/libsystem_malloc.dylib
0x000000000088a000 	/usr/lib/system/libsystem_network.dylib
0x000000000088a000 	/usr/lib/system/libsystem_networkextension.dylib
0x000000000088a000 	/usr/lib/system/libsystem_notify.dylib
0x000000000088a000 	/usr/lib/system/libsystem_platform.dylib
0x000000000088a000 	/usr/lib/system/libsystem_pthread.dylib
0x000000000088a000 	/usr/lib/system/libsystem_sandbox.dylib
0x000000000088a000 	/usr/lib/system/libsystem_secinit.dylib
0x000000000088a000 	/usr/lib/system/libsystem_trace.dylib
0x000000000088a000 	/usr/lib/system/libunc.dylib
0x000000000088a000 	/usr/lib/system/libunwind.dylib
0x000000000088a000 	/usr/lib/system/libxpc.dylib
0x000000000088a000 	/usr/lib/libenergytrace.dylib
0x000000000088a000 	/usr/lib/libbsm.0.dylib
0x000000000088a000 	/usr/lib/system/libkxld.dylib
0x000000000088a000 	/usr/lib/libxar.1.dylib
0x000000000088a000 	/usr/lib/libsqlite3.dylib
0x000000000088a000 	/usr/lib/libpam.2.dylib
0x000000000088a000 	/usr/lib/libOpenScriptingUtil.dylib
0x000000000088a000 	/usr/lib/libbz2.1.0.dylib
0x000000000088a000 	/usr/lib/liblzma.5.dylib
0x000000000088a000 	/System/Library/Frameworks/CoreServices.framework/Versions/A/Frameworks/FSEvents.framework/Versions/A/FSEvents
0x000000000088a000 	/System/Library/Frameworks/CoreServices.framework/Versions/A/Frameworks/CarbonCore.framework/Versions/A/CarbonCore
0x000000000088a000 	/System/Library/Frameworks/CoreServices.framework/Versions/A/Frameworks/Metadata.framework/Versions/A/Metadata
0x000000000088a000 	/System/Library/Frameworks/CoreServices.framework/Versions/A/Frameworks/OSServices.framework/Versions/A/OSServices
0x000000000088a000 	/System/Library/Frameworks/CoreServices.framework/Versions/A/Frameworks/SearchKit.framework/Versions/A/SearchKit
0x000000000088a000 	/System/Library/Frameworks/CoreServices.framework/Versions/A/Frameworks/AE.framework/Versions/A/AE
0x000000000088a000 	/System/Library/Frameworks/CoreServices.framework/Versions/A/Frameworks/LaunchServices.framework/Versions/A/LaunchServices
0x000000000088a000 	/System/Library/Frameworks/CoreServices.framework/Versions/A/Frameworks/DictionaryServices.framework/Versions/A/DictionaryServices
0x000000000088a000 	/System/Library/Frameworks/CoreServices.framework/Versions/A/Frameworks/SharedFileList.framework/Versions/A/SharedFileList
0x000000000088a000 	/System/Library/Frameworks/NetFS.framework/Versions/A/NetFS
0x000000000088a000 	/System/Library/PrivateFrameworks/NetAuth.framework/Versions/A/NetAuth
0x000000000088a000 	/System/Library/PrivateFrameworks/login.framework/Versions/A/Frameworks/loginsupport.framework/Versions/A/loginsupport
0x000000000088a000 	/System/Library/PrivateFrameworks/TCC.framework/Versions/A/TCC
0x000000000088a000 	/usr/lib/libmecabra.dylib
0x000000000088a000 	/System/Library/Frameworks/ApplicationServices.framework/Versions/A/Frameworks/ATS.framework/Versions/A/ATS
0x000000000088a000 	/System/Library/Frameworks/ApplicationServices.framework/Versions/A/Frameworks/ColorSync.framework/Versions/A/ColorSync
0x000000000088a000 	/System/Library/Frameworks/ApplicationServices.framework/Versions/A/Frameworks/HIServices.framework/Versions/A/HIServices
0x000000000088a000 	/System/Library/Frameworks/ApplicationServices.framework/Versions/A/Frameworks/LangAnalysis.framework/Versions/A/LangAnalysis
0x000000000088a000 	/System/Library/Frameworks/ApplicationServices.framework/Versions/A/Frameworks/PrintCore.framework/Versions/A/PrintCore
0x000000000088a000 	/System/Library/Frameworks/ApplicationServices.framework/Versions/A/Frameworks/QD.framework/Versions/A/QD
0x000000000088a000 	/System/Library/Frameworks/ApplicationServices.framework/Versions/A/Frameworks/SpeechSynthesis.framework/Versions/A/SpeechSynthesis
0x000000000088a000 	/System/Library/Frameworks/Metal.framework/Versions/A/Metal
0x000000000088a000 	/System/Library/Frameworks/Accelerate.framework/Versions/A/Frameworks/vImage.framework/Versions/A/vImage
0x000000000088a000 	/System/Library/Frameworks/Accelerate.framework/Versions/A/Frameworks/vecLib.framework/Versions/A/vecLib
0x000000000088a000 	/System/Library/Frameworks/Accelerate.framework/Versions/A/Frameworks/vecLib.framework/Versions/A/libvDSP.dylib
0x000000000088a000 	/System/Library/Frameworks/Accelerate.framework/Versions/A/Frameworks/vecLib.framework/Versions/A/libvMisc.dylib
0x000000000088a000 	/System/Library/Frameworks/Accelerate.framework/Versions/A/Frameworks/vecLib.framework/Versions/A/libLAPACK.dylib
0x000000000088a000 	/System/Library/Frameworks/Accelerate.framework/Versions/A/Frameworks/vecLib.framework/Versions/A/libBLAS.dylib
0x000000000088a000 	/System/Library/Frameworks/Accelerate.framework/Versions/A/Frameworks/vecLib.framework/Versions/A/libLinearAlgebra.dylib
0x000000000088a000 	/System/Library/Frameworks/Accelerate.framework/Versions/A/Frameworks/vecLib.framework/Versions/A/libSparseBLAS.dylib
0x000000000088a000 	/System/Library/PrivateFrameworks/GPUCompiler.framework/libmetal_timestamp.dylib
0x000000000088a000 	/System/Library/Frameworks/OpenGL.framework/Versions/A/Libraries/libCoreFSCache.dylib
0x000000000088a000 	/System/Library/PrivateFrameworks/IOAccelerator.framework/Versions/A/IOAccelerator
0x000000000088a000 	/System/Library/Frameworks/ApplicationServices.framework/Versions/A/Frameworks/ATS.framework/Versions/A/Resources/libFontParser.dylib
0x000000000088a000 	/System/Library/Frameworks/ApplicationServices.framework/Versions/A/Frameworks/ATS.framework/Versions/A/Resources/libFontRegistry.dylib
0x000000000088a000 	/System/Library/PrivateFrameworks/AppleVPA.framework/Versions/A/AppleVPA
0x000000000088a000 	/System/Library/PrivateFrameworks/AppleJPEG.framework/Versions/A/AppleJPEG
0x000000000088a000 	/System/Library/Frameworks/ImageIO.framework/Versions/A/Resources/libJPEG.dylib
0x000000000088a000 	/System/Library/Frameworks/ImageIO.framework/Versions/A/Resources/libTIFF.dylib
0x000000000088a000 	/System/Library/Frameworks/ImageIO.framework/Versions/A/Resources/libPng.dylib
0x000000000088a000 	/System/Library/Frameworks/ImageIO.framework/Versions/A/Resources/libGIF.dylib
0x000000000088a000 	/System/Library/Frameworks/ImageIO.framework/Versions/A/Resources/libJP2.dylib
0x000000000088a000 	/System/Library/Frameworks/ImageIO.framework/Versions/A/Resources/libRadiance.dylib
0x000000000088a000 	/System/Library/Frameworks/CoreVideo.framework/Versions/A/CoreVideo
0x000000000088a000 	/System/Library/Frameworks/OpenGL.framework/Versions/A/Libraries/libGLU.dylib
0x000000000088a000 	/System/Library/Frameworks/OpenGL.framework/Versions/A/Libraries/libGFXShared.dylib
0x000000000088a000 	/System/Library/Frameworks/OpenGL.framework/Versions/A/Libraries/libGL.dylib
0x000000000088a000 	/System/Library/Frameworks/OpenGL.framework/Versions/A/Libraries/libGLImage.dylib
0x000000000088a000 	/System/Library/Frameworks/OpenGL.framework/Versions/A/Libraries/libCVMSPluginSupport.dylib
0x000000000088a000 	/System/Library/Frameworks/OpenGL.framework/Versions/A/Libraries/libCoreVMClient.dylib
0x000000000088a000 	/usr/lib/libcups.2.dylib
0x000000000088a000 	/System/Library/Frameworks/Kerberos.framework/Versions/A/Kerberos
0x000000000088a000 	/System/Library/Frameworks/GSS.framework/Versions/A/GSS
0x000000000088a000 	/usr/lib/libresolv.9.dylib
0x000000000088a000 	/usr/lib/libiconv.2.dylib
0x000000000088a000 	/System/Library/PrivateFrameworks/Heimdal.framework/Versions/A/Heimdal
0x000000000088a000 	/usr/lib/libheimdal-asn1.dylib
0x000000000088a000 	/System/Library/Frameworks/OpenDirectory.framework/Versions/A/OpenDirectory
0x000000000088a000 	/System/Library/PrivateFrameworks/CommonAuth.framework/Versions/A/CommonAuth
0x000000000088a000 	/System/Library/Frameworks/OpenDirectory.framework/Versions/A/Frameworks/CFOpenDirectory.framework/Versions/A/CFOpenDirectory
0x000000000088a000 	/System/Library/Frameworks/SecurityFoundation.framework/Versions/A/SecurityFoundation
0x000000000088a000 	/System/Library/PrivateFrameworks/LanguageModeling.framework/Versions/A/LanguageModeling
0x000000000088a000 	/usr/lib/libmarisa.dylib
0x000000000088a000 	/usr/lib/libChineseTokenizer.dylib
0x000000000088a000 	/usr/lib/libcmph.dylib
0x000000000088a000 	/usr/lib/libcompression.dylib
0x000000000088a000 	/System/Library/Frameworks/ServiceManagement.framework/Versions/A/ServiceManagement
0x000000000088a000 	/usr/lib/libxslt.1.dylib
0x000000000088a000 	/System/Library/Frameworks/Carbon.framework/Versions/A/Frameworks/Ink.framework/Versions/A/Ink
0x000000000088a000 	/usr/lib/libFosl_dynamic.dylib
0x000000000088a000 	/System/Library/PrivateFrameworks/FaceCore.framework/Versions/A/FaceCore
0x000000000088a000 	/System/Library/Frameworks/OpenCL.framework/Versions/A/OpenCL
0x000000000088a000 	/System/Library/PrivateFrameworks/CrashReporterSupport.framework/Versions/A/CrashReporterSupport
0x000000000088a000 	/System/Library/PrivateFrameworks/IconServices.framework/Versions/A/IconServices
0x000000000088a000 	/System/Library/PrivateFrameworks/Apple80211.framework/Versions/A/Apple80211
0x000000000088a000 	/System/Library/Frameworks/CoreWLAN.framework/Versions/A/CoreWLAN
0x000000000088a000 	/System/Library/Frameworks/IOBluetooth.framework/Versions/A/IOBluetooth
0x000000000088a000 	/System/Library/PrivateFrameworks/CoreWiFi.framework/Versions/A/CoreWiFi
0x000000000088a000 	/System/Library/Frameworks/CoreBluetooth.framework/Versions/A/CoreBluetooth
0x000000000088a000 	/System/Library/PrivateFrameworks/ChunkingLibrary.framework/Versions/A/ChunkingLibrary
0x000000000088a000 	/System/Library/PrivateFrameworks/DebugSymbols.framework/Versions/A/DebugSymbols
0x000000000088a000 	/System/Library/PrivateFrameworks/CoreSymbolication.framework/Versions/A/CoreSymbolication
0x000000000088a000 	/System/Library/PrivateFrameworks/Symbolication.framework/Versions/A/Symbolication
0x000000000088a000 	/System/Library/PrivateFrameworks/SpeechRecognitionCore.framework/Versions/A/SpeechRecognitionCore
0x0000000103200000 	/Library/Java/JavaVirtualMachines/jdk1.8.0_45.jdk/Contents/Home/jre/lib/server/libjvm.dylib
0x000000000088a000 	/usr/lib/libstdc++.6.dylib
0x000000010285d000 	/Library/Java/JavaVirtualMachines/jdk1.8.0_45.jdk/Contents/Home/jre/lib/libverify.dylib
0x000000010286b000 	/Library/Java/JavaVirtualMachines/jdk1.8.0_45.jdk/Contents/Home/jre/lib/libjava.dylib
0x00000001028a9000 	/Library/Java/JavaVirtualMachines/jdk1.8.0_45.jdk/Contents/Home/jre/lib/libzip.dylib
0x000000011998a000 	/System/Library/Frameworks/JavaVM.framework/Frameworks/JavaRuntimeSupport.framework/JavaRuntimeSupport
0x00000001199a4000 	/System/Library/Frameworks/JavaVM.framework/Versions/A/Frameworks/JavaNativeFoundation.framework/Versions/A/JavaNativeFoundation
0x00000001199b9000 	/System/Library/Frameworks/JavaVM.framework/Versions/A/JavaVM
0x000000000088a000 	/System/Library/Frameworks/Carbon.framework/Versions/A/Carbon
0x00000001029f4000 	/System/Library/PrivateFrameworks/JavaLaunching.framework/Versions/A/JavaLaunching
0x000000000088a000 	/System/Library/Frameworks/Carbon.framework/Versions/A/Frameworks/CommonPanels.framework/Versions/A/CommonPanels
0x000000000088a000 	/System/Library/Frameworks/Carbon.framework/Versions/A/Frameworks/Help.framework/Versions/A/Help
0x000000000088a000 	/System/Library/Frameworks/Carbon.framework/Versions/A/Frameworks/ImageCapture.framework/Versions/A/ImageCapture
0x000000000088a000 	/System/Library/Frameworks/Carbon.framework/Versions/A/Frameworks/OpenScripting.framework/Versions/A/OpenScripting
0x000000000088a000 	/System/Library/Frameworks/Carbon.framework/Versions/A/Frameworks/Print.framework/Versions/A/Print
0x000000000088a000 	/System/Library/Frameworks/Carbon.framework/Versions/A/Frameworks/SecurityHI.framework/Versions/A/SecurityHI
0x000000011b30e000 	/Users/Max/Gits/AiCubo-Java/lwjgl/native/liblwjgl.dylib
0x000000000088a000 	/System/Library/PrivateFrameworks/CoreServicesInternal.framework/Versions/A/CoreServicesInternal
0x000000011b960000 	/System/Library/PrivateFrameworks/AccessibilityBundles.framework/AccessibilityBundles
0x000000000088a000 	/System/Library/PrivateFrameworks/FamilyControls.framework/Versions/A/FamilyControls
0x000000000088a000 	/System/Library/PrivateFrameworks/CommerceKit.framework/Versions/A/Frameworks/CommerceCore.framework/Versions/A/CommerceCore
0x000000000088a000 	/System/Library/PrivateFrameworks/SystemAdministration.framework/Versions/A/SystemAdministration
0x000000000088a000 	/System/Library/PrivateFrameworks/AppContainer.framework/Versions/A/AppContainer
0x000000000088a000 	/System/Library/PrivateFrameworks/SecCodeWrapper.framework/Versions/A/SecCodeWrapper
0x000000000088a000 	/System/Library/Frameworks/DirectoryService.framework/Versions/A/DirectoryService
0x000000000088a000 	/System/Library/PrivateFrameworks/DiskImages.framework/Versions/A/DiskImages
0x000000000088a000 	/System/Library/PrivateFrameworks/LoginUIKit.framework/Versions/A/Frameworks/LoginUICore.framework/Versions/A/LoginUICore
0x000000000088a000 	/usr/lib/libCoreStorage.dylib
0x000000000088a000 	/usr/lib/libcsfde.dylib
0x000000000088a000 	/usr/lib/libodfde.dylib
0x000000000088a000 	/System/Library/Frameworks/DiscRecording.framework/Versions/A/DiscRecording
0x000000000088a000 	/usr/lib/libcurl.4.dylib
0x000000000088a000 	/System/Library/PrivateFrameworks/MediaKit.framework/Versions/A/MediaKit
0x000000000088a000 	/System/Library/PrivateFrameworks/ProtectedCloudStorage.framework/Versions/A/ProtectedCloudStorage
0x000000000088a000 	/System/Library/PrivateFrameworks/EFILogin.framework/Versions/A/EFILogin
0x000000000088a000 	/usr/lib/libutil.dylib
0x000000000088a000 	/System/Library/PrivateFrameworks/FindMyDevice.framework/Versions/A/FindMyDevice
0x000000000088a000 	/System/Library/Frameworks/LDAP.framework/Versions/A/LDAP
0x000000000088a000 	/usr/lib/libsasl2.2.dylib
0x000000000088a000 	/System/Library/PrivateFrameworks/CoreDaemon.framework/Versions/B/CoreDaemon
0x000000000088a000 	/usr/lib/libcrypto.0.9.8.dylib
0x000000000088a000 	/System/Library/PrivateFrameworks/AppleSRP.framework/Versions/A/AppleSRP
0x000000000088a000 	/System/Library/PrivateFrameworks/TrustEvaluationAgent.framework/Versions/A/TrustEvaluationAgent
0x000000000088a000 	/System/Library/Frameworks/CoreGraphics.framework/Versions/A/Resources/libCGXType.A.dylib
0x000000000088a000 	/System/Library/Frameworks/CoreGraphics.framework/Versions/A/Resources/libRIP.A.dylib
0x000000000088a000 	/System/Library/Frameworks/Accelerate.framework/Versions/A/Frameworks/vImage.framework/Versions/A/Libraries/libCGInterfaces.dylib
0x000000000088a000 	/System/Library/Frameworks/OpenCL.framework/Versions/A/Libraries/libcldcpuengine.dylib
0x000000011e248000 	cl_kernels
0x000000000088a000 	/System/Library/Frameworks/OpenCL.framework/Versions/A/Libraries/ImageFormats/unorm8_bgra.dylib
0x000000000088a000 	/System/Library/Frameworks/OpenCL.framework/Versions/A/Libraries/ImageFormats/unorm8_rgba.dylib
0x000000000088a000 	/System/Library/Frameworks/OpenGL.framework/Versions/A/Resources/GLEngine.bundle/GLEngine
0x000000000088a000 	/System/Library/Frameworks/OpenGL.framework/Versions/A/Libraries/libGLProgrammability.dylib
0x000000011e2e6000 	/System/Library/Extensions/AppleIntelHD5000GraphicsGLDriver.bundle/Contents/MacOS/AppleIntelHD5000GraphicsGLDriver
0x000000000088a000 	/System/Library/PrivateFrameworks/GPUSupport.framework/Versions/A/Libraries/libGPUSupportMercury.dylib
0x000000000088a000 	/System/Library/Frameworks/OpenGL.framework/Versions/A/Resources/GLRendererFloat.bundle/GLRendererFloat

VM Arguments:
jvm_args: -Djava.library.path=/Users/Max/Gits/AiCubo-Java/lwjgl/native -Dfile.encoding=UTF-8 
java_command: Main
java_class_path (initial): /Users/Max/Gits/AiCubo-Java/AiCubo/bin:/Users/Max/Gits/AiCubo-Java/lwjgl/jar/lwjgl.jar:/Users/Max/Gits/AiCubo-Java/lwjgl/src.zip:/Users/Max/Gits/AiCubo-Java/lwjgl/doc/javadoc.zip:/Users/Max/Gits/AiCubo-Java/vecmath-1.5.1.jar:/Users/Max/Gits/AiCubo-Java/YouTube-tutorials-master/lib/lwjgl_util.jar
Launcher Type: SUN_STANDARD

Environment Variables:
PATH=/usr/bin:/bin:/usr/sbin:/sbin
SHELL=/bin/bash

Signal Handlers:
SIGSEGV: [libjvm.dylib+0x58ef95], sa_mask[0]=11111111011111110111111111111111, sa_flags=SA_ONSTACK|SA_RESTART|SA_SIGINFO
SIGBUS: [libjvm.dylib+0x58ef95], sa_mask[0]=11111111011111110111111111111111, sa_flags=SA_RESTART|SA_SIGINFO
SIGFPE: [libjvm.dylib+0x46c108], sa_mask[0]=11111111011111110111111111111111, sa_flags=SA_RESTART|SA_SIGINFO
SIGPIPE: [libjvm.dylib+0x46c108], sa_mask[0]=11111111011111110111111111111111, sa_flags=SA_RESTART|SA_SIGINFO
SIGXFSZ: [libjvm.dylib+0x46c108], sa_mask[0]=11111111011111110111111111111111, sa_flags=SA_RESTART|SA_SIGINFO
SIGILL: [libjvm.dylib+0x46c108], sa_mask[0]=11111111011111110111111111111111, sa_flags=SA_RESTART|SA_SIGINFO
SIGUSR1: SIG_DFL, sa_mask[0]=00000000000000000000000000000000, sa_flags=none
SIGUSR2: [libjvm.dylib+0x46bc26], sa_mask[0]=00100000000000000000000000000000, sa_flags=SA_RESTART|SA_SIGINFO
SIGHUP: [libjvm.dylib+0x46a1f9], sa_mask[0]=11111111011111110111111111111111, sa_flags=SA_RESTART|SA_SIGINFO
SIGINT: [libjvm.dylib+0x46a1f9], sa_mask[0]=11111111011111110111111111111111, sa_flags=SA_RESTART|SA_SIGINFO
SIGTERM: [libjvm.dylib+0x46a1f9], sa_mask[0]=11111111011111110111111111111111, sa_flags=SA_RESTART|SA_SIGINFO
SIGQUIT: [libjvm.dylib+0x46a1f9], sa_mask[0]=11111111011111110111111111111111, sa_flags=SA_RESTART|SA_SIGINFO


---------------  S Y S T E M  ---------------

OS:Bsduname:Darwin 15.0.0 Darwin Kernel Version 15.0.0: Sun Jul 26 19:48:55 PDT 2015; root:xnu-3247.1.78~15/RELEASE_X86_64 x86_64
rlimit: STACK 8192k, CORE 0k, NPROC 709, NOFILE 10240, AS infinity
load average:1.70 1.75 1.74

CPU:total 4 (2 cores per cpu, 2 threads per core) family 6 model 69 stepping 1, cmov, cx8, fxsr, mmx, sse, sse2, sse3, ssse3, sse4.1, sse4.2, popcnt, avx, avx2, aes, clmul, erms, rtm, lzcnt, ht, tsc, tscinvbit, bmi1, bmi2

Memory: 4k page, physical 8388608k(309604k free)

/proc/meminfo:


vm_info: Java HotSpot(TM) 64-Bit Server VM (25.45-b02) for bsd-amd64 JRE (1.8.0_45-b14), built on Apr 10 2015 10:46:38 by "java_re" with gcc 4.2.1 (Based on Apple Inc. build 5658) (LLVM build 2336.11.00)

time: Sun Aug 16 13:58:13 2015
elapsed time: 3 seconds (0d 0h 0m 3s)

